#
# There is insufficient memory for the Java Runtime Environment to continue.
# Native memory allocation (malloc) failed to allocate 1536144 bytes. Error detail: Chunk::new
# Possible reasons:
#   The system is out of physical RAM or swap space
#   This process is running with CompressedOops enabled, and the Java Heap may be blocking the growth of the native heap
# Possible solutions:
#   Reduce memory load on the system
#   Increase physical memory or swap space
#   Check if swap backing store is full
#   Decrease Java heap size (-Xmx/-Xms)
#   Decrease number of Java threads
#   Decrease Java thread stack sizes (-Xss)
#   Set larger code cache with -XX:ReservedCodeCacheSize=
#   JVM is running with Unscaled Compressed Oops mode in which the Java heap is
#     placed in the first 4GB address space. The Java Heap base address is the
#     maximum limit for the native heap growth. Please use -XX:HeapBaseMinAddress
#     to set the Java Heap base and to place the Java Heap above 4GB virtual address.
# This output file may be truncated or incomplete.
#
#  Out of Memory Error (arena.cpp:168), pid=1188, tid=2848
#
# JRE version: OpenJDK Runtime Environment Temurin-21.0.7+6 (21.0.7+6) (build 21.0.7+6-LTS)
# Java VM: OpenJDK 64-Bit Server VM Temurin-21.0.7+6 (21.0.7+6-LTS, mixed mode, sharing, tiered, compressed oops, compressed class ptrs, parallel gc, windows-amd64)
# No core dump will be written. Minidumps are not enabled by default on client versions of Windows
#

---------------  S U M M A R Y ------------

Command Line: --add-modules=ALL-SYSTEM --add-opens=java.base/java.util=ALL-UNNAMED --add-opens=java.base/java.lang=ALL-UNNAMED --add-opens=java.base/sun.nio.fs=ALL-UNNAMED -Declipse.application=org.eclipse.jdt.ls.core.id1 -Dosgi.bundles.defaultStartLevel=4 -Declipse.product=org.eclipse.jdt.ls.core.product -Djava.import.generatesMetadataFilesAtProjectRoot=false -DDetectVMInstallationsJob.disabled=true -Dfile.encoding=utf8 -XX:+UseParallelGC -XX:GCTimeRatio=4 -XX:AdaptiveSizePolicyWeight=90 -Dsun.zip.disableMemoryMapping=true -Xmx2G -Xms100m -Xlog:disable -javaagent:c:\Users\nitin\.vscode\extensions\redhat.java-1.43.0-win32-x64\lombok\lombok-1.18.39-4050.jar -XX:+HeapDumpOnOutOfMemoryError -XX:HeapDumpPath=c:\Users\nitin\AppData\Roaming\Code\User\workspaceStorage\7f4dc5825104f6c4875692317e85a23f\redhat.java -Daether.dependencyCollector.impl=bf c:\Users\nitin\.vscode\extensions\redhat.java-1.43.0-win32-x64\server\plugins\org.eclipse.equinox.launcher_1.7.0.v20250519-0528.jar -configuration c:\Users\nitin\AppData\Roaming\Code\User\globalStorage\redhat.java\1.43.0\config_win -data c:\Users\nitin\AppData\Roaming\Code\User\workspaceStorage\7f4dc5825104f6c4875692317e85a23f\redhat.java\jdt_ws --pipe=\\.\pipe\lsp-62bf433fca89406c64c1b90e55843d1b-sock

Host: AMD Ryzen 5 5600H with Radeon Graphics         , 12 cores, 7G,  Windows 11 , 64 bit Build 26100 (10.0.26100.4202)
Time: Fri Jun 27 10:58:43 2025 India Standard Time elapsed time: 10.896786 seconds (0d 0h 0m 10s)

---------------  T H R E A D  ---------------

Current thread (0x0000023a6ad70d90):  JavaThread "C2 CompilerThread1" daemon [_thread_in_native, id=2848, stack(0x00000060f7a00000,0x00000060f7b00000) (1024K)]


Current CompileTask:
C2:10896 8383 %     4       org.eclipse.jdt.internal.core.search.indexing.BinaryIndexer::extractReferenceFromConstantPool @ 155 (358 bytes)

Stack: [0x00000060f7a00000,0x00000060f7b00000]
Native frames: (J=compiled Java code, j=interpreted, Vv=VM code, C=native code)
V  [jvm.dll+0x6ce119]
V  [jvm.dll+0x8a84a1]
V  [jvm.dll+0x8aa9ce]
V  [jvm.dll+0x8ab0b3]
V  [jvm.dll+0x27f8a6]
V  [jvm.dll+0xc507d]
V  [jvm.dll+0xc55b3]
V  [jvm.dll+0x3b692c]
V  [jvm.dll+0x1e0029]
V  [jvm.dll+0x247c42]
V  [jvm.dll+0x2470cf]
V  [jvm.dll+0x1c760e]
V  [jvm.dll+0x25695a]
V  [jvm.dll+0x254efa]
V  [jvm.dll+0x3f03f6]
V  [jvm.dll+0x851f6b]
V  [jvm.dll+0x6cc7dd]
C  [ucrtbase.dll+0x37b0]
C  [KERNEL32.DLL+0x2e8d7]
C  [ntdll.dll+0x3c34c]


---------------  P R O C E S S  ---------------

Threads class SMR info:
_java_thread_list=0x0000023a7828eb20, length=65, elements={
0x0000023a4c640e70, 0x0000023a6379e1a0, 0x0000023a657a1090, 0x0000023a657a9ef0,
0x0000023a657a7790, 0x0000023a657a91d0, 0x0000023a657a7e20, 0x0000023a657c08c0,
0x0000023a657c10b0, 0x0000023a657a84b0, 0x0000023a657aa580, 0x0000023a657a9860,
0x0000023a657a7100, 0x0000023a6a845410, 0x0000023a6a844060, 0x0000023a6a841f90,
0x0000023a6a842cb0, 0x0000023a6a843340, 0x0000023a6a8446f0, 0x0000023a6a846130,
0x0000023a6a8439d0, 0x0000023a6ad70d90, 0x0000023a6ad71460, 0x0000023a6a848200,
0x0000023a6a8467c0, 0x0000023a6a846e50, 0x0000023a6a844d80, 0x0000023a6a848890,
0x0000023a6a8495b0, 0x0000023a6a848f20, 0x0000023a6a8474e0, 0x0000023a6a847b70,
0x0000023a6e130510, 0x0000023a6e12f7f0, 0x0000023a6e12e440, 0x0000023a6e12ead0,
0x0000023a6e12f160, 0x0000023a6e130ba0, 0x0000023a6e12ddb0, 0x0000023a6e1325e0,
0x0000023a6e131230, 0x0000023a6e12fe80, 0x0000023a6e133300, 0x0000023a6e1318c0,
0x0000023a6e132c70, 0x0000023a6e1346b0, 0x0000023a6e1353d0, 0x0000023a6e131f50,
0x0000023a6d226640, 0x0000023a6d224570, 0x0000023a6d227360, 0x0000023a6d226cd0,
0x0000023a6d225fb0, 0x0000023a6d223ee0, 0x0000023a6d225290, 0x0000023a6d225920,
0x0000023a6d224c00, 0x0000023a6ecd5310, 0x0000023a6ecd4c80, 0x0000023a6ecd59a0,
0x0000023a6ecd6030, 0x0000023a6ecd66c0, 0x0000023a6ecd3f60, 0x0000023a6ecd6d50,
0x0000023a6ecd38d0
}

Java Threads: ( => current thread )
  0x0000023a4c640e70 JavaThread "main"                              [_thread_blocked, id=11564, stack(0x00000060f5800000,0x00000060f5900000) (1024K)]
  0x0000023a6379e1a0 JavaThread "Reference Handler"          daemon [_thread_blocked, id=9976, stack(0x00000060f5c00000,0x00000060f5d00000) (1024K)]
  0x0000023a657a1090 JavaThread "Finalizer"                  daemon [_thread_blocked, id=2712, stack(0x00000060f5d00000,0x00000060f5e00000) (1024K)]
  0x0000023a657a9ef0 JavaThread "Signal Dispatcher"          daemon [_thread_blocked, id=22424, stack(0x00000060f5e00000,0x00000060f5f00000) (1024K)]
  0x0000023a657a7790 JavaThread "Attach Listener"            daemon [_thread_blocked, id=2460, stack(0x00000060f5f00000,0x00000060f6000000) (1024K)]
  0x0000023a657a91d0 JavaThread "Service Thread"             daemon [_thread_blocked, id=14920, stack(0x00000060f6000000,0x00000060f6100000) (1024K)]
  0x0000023a657a7e20 JavaThread "Monitor Deflation Thread"   daemon [_thread_blocked, id=5972, stack(0x00000060f6100000,0x00000060f6200000) (1024K)]
  0x0000023a657c08c0 JavaThread "C2 CompilerThread0"         daemon [_thread_in_native, id=25364, stack(0x00000060f6200000,0x00000060f6300000) (1024K)]
  0x0000023a657c10b0 JavaThread "C1 CompilerThread0"         daemon [_thread_blocked, id=23828, stack(0x00000060f6300000,0x00000060f6400000) (1024K)]
  0x0000023a657a84b0 JavaThread "Common-Cleaner"             daemon [_thread_blocked, id=8112, stack(0x00000060f6400000,0x00000060f6500000) (1024K)]
  0x0000023a657aa580 JavaThread "Notification Thread"        daemon [_thread_blocked, id=15912, stack(0x00000060f6600000,0x00000060f6700000) (1024K)]
  0x0000023a657a9860 JavaThread "Active Thread: Equinox Container: 987bb8eb-8aad-4db5-a40e-e8c38bdc92d0"        [_thread_blocked, id=24800, stack(0x00000060f6e00000,0x00000060f6f00000) (1024K)]
  0x0000023a657a7100 JavaThread "Refresh Thread: Equinox Container: 987bb8eb-8aad-4db5-a40e-e8c38bdc92d0" daemon [_thread_blocked, id=20720, stack(0x00000060f7000000,0x00000060f7100000) (1024K)]
  0x0000023a6a845410 JavaThread "Framework Event Dispatcher: Equinox Container: 987bb8eb-8aad-4db5-a40e-e8c38bdc92d0" daemon [_thread_blocked, id=15192, stack(0x00000060f7100000,0x00000060f7200000) (1024K)]
  0x0000023a6a844060 JavaThread "Start Level: Equinox Container: 987bb8eb-8aad-4db5-a40e-e8c38bdc92d0" daemon [_thread_blocked, id=13724, stack(0x00000060f7200000,0x00000060f7300000) (1024K)]
  0x0000023a6a841f90 JavaThread "Bundle File Closer"         daemon [_thread_blocked, id=21940, stack(0x00000060f7500000,0x00000060f7600000) (1024K)]
  0x0000023a6a842cb0 JavaThread "SCR Component Actor"        daemon [_thread_blocked, id=16668, stack(0x00000060f7600000,0x00000060f7700000) (1024K)]
  0x0000023a6a843340 JavaThread "Worker-JM"                         [_thread_blocked, id=11272, stack(0x00000060f7800000,0x00000060f7900000) (1024K)]
  0x0000023a6a8446f0 JavaThread "JNA Cleaner"                daemon [_thread_blocked, id=25452, stack(0x00000060f6700000,0x00000060f6800000) (1024K)]
  0x0000023a6a846130 JavaThread "Worker-0"                          [_thread_blocked, id=10284, stack(0x00000060f7900000,0x00000060f7a00000) (1024K)]
  0x0000023a6a8439d0 JavaThread "Worker-1"                          [_thread_blocked, id=7960, stack(0x00000060f6500000,0x00000060f6600000) (1024K)]
=>0x0000023a6ad70d90 JavaThread "C2 CompilerThread1"         daemon [_thread_in_native, id=2848, stack(0x00000060f7a00000,0x00000060f7b00000) (1024K)]
  0x0000023a6ad71460 JavaThread "C2 CompilerThread2"         daemon [_thread_blocked, id=14796, stack(0x00000060f7b00000,0x00000060f7c00000) (1024K)]
  0x0000023a6a848200 JavaThread "Java indexing"              daemon [_thread_blocked, id=17856, stack(0x00000060f7c00000,0x00000060f7d00000) (1024K)]
  0x0000023a6a8467c0 JavaThread "Worker-2: Java indexing... "        [_thread_blocked, id=22772, stack(0x00000060f7f00000,0x00000060f8000000) (1024K)]
  0x0000023a6a846e50 JavaThread "Worker-3"                          [_thread_blocked, id=4480, stack(0x00000060f8000000,0x00000060f8100000) (1024K)]
  0x0000023a6a844d80 JavaThread "Thread-2"                   daemon [_thread_in_native, id=17780, stack(0x00000060f8100000,0x00000060f8200000) (1024K)]
  0x0000023a6a848890 JavaThread "Thread-3"                   daemon [_thread_in_native, id=23124, stack(0x00000060f8200000,0x00000060f8300000) (1024K)]
  0x0000023a6a8495b0 JavaThread "Thread-4"                   daemon [_thread_in_native, id=3420, stack(0x00000060f8300000,0x00000060f8400000) (1024K)]
  0x0000023a6a848f20 JavaThread "Thread-5"                   daemon [_thread_in_native, id=23720, stack(0x00000060f8400000,0x00000060f8500000) (1024K)]
  0x0000023a6a8474e0 JavaThread "Thread-6"                   daemon [_thread_in_native, id=10088, stack(0x00000060f8500000,0x00000060f8600000) (1024K)]
  0x0000023a6a847b70 JavaThread "Thread-7"                   daemon [_thread_in_native, id=21892, stack(0x00000060f8600000,0x00000060f8700000) (1024K)]
  0x0000023a6e130510 JavaThread "Thread-8"                   daemon [_thread_in_native, id=25160, stack(0x00000060f8700000,0x00000060f8800000) (1024K)]
  0x0000023a6e12f7f0 JavaThread "Thread-9"                   daemon [_thread_in_native, id=5760, stack(0x00000060f8800000,0x00000060f8900000) (1024K)]
  0x0000023a6e12e440 JavaThread "Thread-10"                  daemon [_thread_in_native, id=20528, stack(0x00000060f8900000,0x00000060f8a00000) (1024K)]
  0x0000023a6e12ead0 JavaThread "Thread-11"                  daemon [_thread_in_native, id=9596, stack(0x00000060f8a00000,0x00000060f8b00000) (1024K)]
  0x0000023a6e12f160 JavaThread "Thread-12"                  daemon [_thread_in_native, id=21000, stack(0x00000060f8b00000,0x00000060f8c00000) (1024K)]
  0x0000023a6e130ba0 JavaThread "Thread-13"                  daemon [_thread_in_native, id=19212, stack(0x00000060f8c00000,0x00000060f8d00000) (1024K)]
  0x0000023a6e12ddb0 JavaThread "Thread-14"                  daemon [_thread_in_native, id=13800, stack(0x00000060f8d00000,0x00000060f8e00000) (1024K)]
  0x0000023a6e1325e0 JavaThread "pool-2-thread-1"                   [_thread_blocked, id=5664, stack(0x00000060f8e00000,0x00000060f8f00000) (1024K)]
  0x0000023a6e131230 JavaThread "Worker-4: Building"                [_thread_in_native, id=13424, stack(0x00000060f8f00000,0x00000060f9000000) (1024K)]
  0x0000023a6e12fe80 JavaThread "WorkspaceEventsHandler"            [_thread_blocked, id=23520, stack(0x00000060f9000000,0x00000060f9100000) (1024K)]
  0x0000023a6e133300 JavaThread "pool-1-thread-1"                   [_thread_blocked, id=6192, stack(0x00000060f9100000,0x00000060f9200000) (1024K)]
  0x0000023a6e1318c0 JavaThread "LocalFile Deleter"          daemon [_thread_blocked, id=6428, stack(0x00000060f9200000,0x00000060f9300000) (1024K)]
  0x0000023a6e132c70 JavaThread "LocalFile Deleter"          daemon [_thread_blocked, id=13748, stack(0x00000060f9300000,0x00000060f9400000) (1024K)]
  0x0000023a6e1346b0 JavaThread "LocalFile Deleter"          daemon [_thread_blocked, id=21384, stack(0x00000060f9400000,0x00000060f9500000) (1024K)]
  0x0000023a6e1353d0 JavaThread "LocalFile Deleter"          daemon [_thread_blocked, id=2964, stack(0x00000060f9500000,0x00000060f9600000) (1024K)]
  0x0000023a6e131f50 JavaThread "LocalFile Deleter"          daemon [_thread_blocked, id=12716, stack(0x00000060f9600000,0x00000060f9700000) (1024K)]
  0x0000023a6d226640 JavaThread "LocalFile Deleter"          daemon [_thread_blocked, id=9348, stack(0x00000060f9700000,0x00000060f9800000) (1024K)]
  0x0000023a6d224570 JavaThread "LocalFile Deleter"          daemon [_thread_blocked, id=24788, stack(0x00000060f9800000,0x00000060f9900000) (1024K)]
  0x0000023a6d227360 JavaThread "LocalFile Deleter"          daemon [_thread_blocked, id=22168, stack(0x00000060f9900000,0x00000060f9a00000) (1024K)]
  0x0000023a6d226cd0 JavaThread "LocalFile Deleter"          daemon [_thread_blocked, id=14516, stack(0x00000060f9a00000,0x00000060f9b00000) (1024K)]
  0x0000023a6d225fb0 JavaThread "LocalFile Deleter"          daemon [_thread_blocked, id=4792, stack(0x00000060f9b00000,0x00000060f9c00000) (1024K)]
  0x0000023a6d223ee0 JavaThread "LocalFile Deleter"          daemon [_thread_blocked, id=12652, stack(0x00000060f9c00000,0x00000060f9d00000) (1024K)]
  0x0000023a6d225290 JavaThread "LocalFile Deleter"          daemon [_thread_blocked, id=3300, stack(0x00000060f9d00000,0x00000060f9e00000) (1024K)]
  0x0000023a6d225920 JavaThread "Compiler Source File Reader" daemon [_thread_blocked, id=16160, stack(0x00000060f9e00000,0x00000060f9f00000) (1024K)]
  0x0000023a6d224c00 JavaThread "Compiler Source File Reader" daemon [_thread_blocked, id=20400, stack(0x00000060f9f00000,0x00000060fa000000) (1024K)]
  0x0000023a6ecd5310 JavaThread "Compiler Source File Reader" daemon [_thread_blocked, id=22948, stack(0x00000060fa000000,0x00000060fa100000) (1024K)]
  0x0000023a6ecd4c80 JavaThread "Compiler Source File Reader" daemon [_thread_blocked, id=14556, stack(0x00000060fa100000,0x00000060fa200000) (1024K)]
  0x0000023a6ecd59a0 JavaThread "Compiler Source File Reader" daemon [_thread_blocked, id=23452, stack(0x00000060fa200000,0x00000060fa300000) (1024K)]
  0x0000023a6ecd6030 JavaThread "Compiler Source File Reader" daemon [_thread_blocked, id=6980, stack(0x00000060fa300000,0x00000060fa400000) (1024K)]
  0x0000023a6ecd66c0 JavaThread "Compiler Source File Reader" daemon [_thread_blocked, id=2428, stack(0x00000060fa400000,0x00000060fa500000) (1024K)]
  0x0000023a6ecd3f60 JavaThread "Compiler Source File Reader" daemon [_thread_blocked, id=24420, stack(0x00000060fa500000,0x00000060fa600000) (1024K)]
  0x0000023a6ecd6d50 JavaThread "Compiler Source File Reader" daemon [_thread_blocked, id=23532, stack(0x00000060fa600000,0x00000060fa700000) (1024K)]
  0x0000023a6ecd38d0 JavaThread "Compiler Source File Reader" daemon [_thread_blocked, id=21920, stack(0x00000060fa700000,0x00000060fa800000) (1024K)]
Total: 65

Other Threads:
  0x0000023a63784930 VMThread "VM Thread"                           [id=5756, stack(0x00000060f5b00000,0x00000060f5c00000) (1024K)]
  0x0000023a6367ca00 WatcherThread "VM Periodic Task Thread"        [id=5424, stack(0x00000060f5a00000,0x00000060f5b00000) (1024K)]
  0x0000023a4c65f630 WorkerThread "GC Thread#0"                     [id=17156, stack(0x00000060f5900000,0x00000060f5a00000) (1024K)]
  0x0000023a6a176020 WorkerThread "GC Thread#1"                     [id=14616, stack(0x00000060f6800000,0x00000060f6900000) (1024K)]
  0x0000023a6a5e0220 WorkerThread "GC Thread#2"                     [id=1600, stack(0x00000060f6900000,0x00000060f6a00000) (1024K)]
  0x0000023a6a5e05c0 WorkerThread "GC Thread#3"                     [id=4344, stack(0x00000060f6a00000,0x00000060f6b00000) (1024K)]
  0x0000023a6a48d4e0 WorkerThread "GC Thread#4"                     [id=9756, stack(0x00000060f6b00000,0x00000060f6c00000) (1024K)]
  0x0000023a6a48dfc0 WorkerThread "GC Thread#5"                     [id=18100, stack(0x00000060f6c00000,0x00000060f6d00000) (1024K)]
  0x0000023a6a48d140 WorkerThread "GC Thread#6"                     [id=15352, stack(0x00000060f6d00000,0x00000060f6e00000) (1024K)]
  0x0000023a6a48d880 WorkerThread "GC Thread#7"                     [id=6148, stack(0x00000060f6f00000,0x00000060f7000000) (1024K)]
  0x0000023a6a48e360 WorkerThread "GC Thread#8"                     [id=5956, stack(0x00000060f7300000,0x00000060f7400000) (1024K)]
  0x0000023a6a48e700 WorkerThread "GC Thread#9"                     [id=1396, stack(0x00000060f7400000,0x00000060f7500000) (1024K)]
Total: 12

Threads with active compile tasks:
C2 CompilerThread0  10929 8310       4       org.eclipse.jdt.internal.core.search.indexing.AbstractIndexer::addMethodReference (13 bytes)
C2 CompilerThread1  10929 8383 %     4       org.eclipse.jdt.internal.core.search.indexing.BinaryIndexer::extractReferenceFromConstantPool @ 155 (358 bytes)
C2 CompilerThread2  10929 8430       4       org.eclipse.jdt.internal.compiler.classfmt.ClassFileReader::isLocal (42 bytes)
Total: 3

VM state: not at safepoint (normal execution)

VM Mutex/Monitor currently owned by a thread: None

Heap address: 0x0000000080000000, size: 2048 MB, Compressed Oops mode: 32-bit

CDS archive(s) mapped at: [0x0000023a00000000-0x0000023a00ba0000-0x0000023a00ba0000), size 12189696, SharedBaseAddress: 0x0000023a00000000, ArchiveRelocationMode: 1.
Compressed class space mapped at: 0x0000023a01000000-0x0000023a41000000, reserved size: 1073741824
Narrow klass base: 0x0000023a00000000, Narrow klass shift: 0, Narrow klass range: 0x100000000

GC Precious Log:
 CardTable entry size: 512
 CPUs: 12 total, 12 available
 Memory: 7581M
 Large Page Support: Disabled
 NUMA Support: Disabled
 Compressed Oops: Enabled (32-bit)
 Alignments: Space 512K, Generation 512K, Heap 2M
 Heap Min Capacity: 100M
 Heap Initial Capacity: 100M
 Heap Max Capacity: 2G
 Pre-touch: Disabled
 Parallel Workers: 10

Heap:
 PSYoungGen      total 10240K, used 2555K [0x00000000d5580000, 0x00000000d6180000, 0x0000000100000000)
  eden space 8192K, 8% used [0x00000000d5580000,0x00000000d5628d68,0x00000000d5d80000)
  from space 2048K, 91% used [0x00000000d5d80000,0x00000000d5f55fe0,0x00000000d5f80000)
  to   space 2048K, 0% used [0x00000000d5f80000,0x00000000d5f80000,0x00000000d6180000)
 ParOldGen       total 156160K, used 155827K [0x0000000080000000, 0x0000000089880000, 0x00000000d5580000)
  object space 156160K, 99% used [0x0000000080000000,0x000000008982cca0,0x0000000089880000)
 Metaspace       used 52375K, committed 53568K, reserved 1114112K
  class space    used 5534K, committed 6080K, reserved 1048576K

Card table byte_map: [0x0000023a5eae0000,0x0000023a5eef0000] _byte_map_base: 0x0000023a5e6e0000

Marking Bits: (ParMarkBitMap*) 0x00007ff8ad7a31f0
 Begin Bits: [0x0000023a5f1a0000, 0x0000023a611a0000)
 End Bits:   [0x0000023a611a0000, 0x0000023a631a0000)

Polling page: 0x0000023a4ae30000

Metaspace:

Usage:
  Non-class:     45.74 MB used.
      Class:      5.40 MB used.
       Both:     51.15 MB used.

Virtual space:
  Non-class space:       64.00 MB reserved,      46.38 MB ( 72%) committed,  1 nodes.
      Class space:        1.00 GB reserved,       5.94 MB ( <1%) committed,  1 nodes.
             Both:        1.06 GB reserved,      52.31 MB (  5%) committed. 

Chunk freelists:
   Non-Class:  1.06 MB
       Class:  9.94 MB
        Both:  11.00 MB

MaxMetaspaceSize: unlimited
CompressedClassSpaceSize: 1.00 GB
Initial GC threshold: 21.00 MB
Current GC threshold: 58.38 MB
CDS: on
 - commit_granule_bytes: 65536.
 - commit_granule_words: 8192.
 - virtual_space_node_default_size: 8388608.
 - enlarge_chunks_in_place: 1.
 - use_allocation_guard: 0.


Internal statistics:

num_allocs_failed_limit: 6.
num_arena_births: 878.
num_arena_deaths: 14.
num_vsnodes_births: 2.
num_vsnodes_deaths: 0.
num_space_committed: 837.
num_space_uncommitted: 0.
num_chunks_returned_to_freelist: 20.
num_chunks_taken_from_freelist: 3163.
num_chunk_merges: 10.
num_chunk_splits: 2017.
num_chunks_enlarged: 1233.
num_inconsistent_stats: 0.

CodeHeap 'non-profiled nmethods': size=120000Kb used=5143Kb max_used=5143Kb free=114856Kb
 bounds [0x0000023a573d0000, 0x0000023a578e0000, 0x0000023a5e900000]
CodeHeap 'profiled nmethods': size=120000Kb used=16239Kb max_used=16239Kb free=103760Kb
 bounds [0x0000023a4f900000, 0x0000023a508e0000, 0x0000023a56e30000]
CodeHeap 'non-nmethods': size=5760Kb used=1405Kb max_used=1513Kb free=4354Kb
 bounds [0x0000023a56e30000, 0x0000023a570a0000, 0x0000023a573d0000]
 total_blobs=8508 nmethods=7795 adapters=618
 compilation: enabled
              stopped_count=0, restarted_count=0
 full_count=0

Compilation events (20 events):
Event: 9.819 Thread 0x0000023a657c10b0 nmethod 8423 0x0000023a508d8710 code [0x0000023a508d8a20, 0x0000023a508d9600]
Event: 9.823 Thread 0x0000023a657c08c0 nmethod 8411 0x0000023a578c0310 code [0x0000023a578c0640, 0x0000023a578c2178]
Event: 9.823 Thread 0x0000023a657c08c0 8413       4       sun.nio.fs.WindowsPath::normalize (365 bytes)
Event: 9.828 Thread 0x0000023a657c10b0 8424       2       jdk.internal.loader.BuiltinClassLoader::checkURL (5 bytes)
Event: 9.828 Thread 0x0000023a657c10b0 nmethod 8424 0x0000023a508d9e10 code [0x0000023a508d9fc0, 0x0000023a508da108]
Event: 9.842 Thread 0x0000023a657c08c0 nmethod 8413 0x0000023a578c3390 code [0x0000023a578c3640, 0x0000023a578c4360]
Event: 9.842 Thread 0x0000023a657c08c0 8412       4       org.eclipse.jdt.internal.compiler.util.Util::scanIdentifier (71 bytes)
Event: 9.845 Thread 0x0000023a657c08c0 nmethod 8412 0x0000023a578c4d90 code [0x0000023a578c4f20, 0x0000023a578c50f8]
Event: 9.845 Thread 0x0000023a657c08c0 8414  s    4       java.io.ByteArrayInputStream::read (73 bytes)
Event: 9.849 Thread 0x0000023a657c08c0 nmethod 8414 0x0000023a578c5290 code [0x0000023a578c5440, 0x0000023a578c58a8]
Event: 9.849 Thread 0x0000023a657c08c0 8425       4       java.nio.channels.spi.AbstractInterruptibleChannel::end (53 bytes)
Event: 9.851 Thread 0x0000023a657c08c0 nmethod 8425 0x0000023a578c5a90 code [0x0000023a578c5c40, 0x0000023a578c5ef0]
Event: 9.851 Thread 0x0000023a657c08c0 8420   !   4       java.nio.channels.spi.AbstractInterruptibleChannel::close (37 bytes)
Event: 9.857 Thread 0x0000023a6ad71460 nmethod 8419 0x0000023a578c6090 code [0x0000023a578c63c0, 0x0000023a578c7ad0]
Event: 9.857 Thread 0x0000023a6ad71460 8407       4       org.eclipse.jdt.internal.core.search.indexing.BinaryIndexer::extractClassName (42 bytes)
Event: 9.860 Thread 0x0000023a657c08c0 nmethod 8420 0x0000023a578c9110 code [0x0000023a578c9360, 0x0000023a578c9d30]
Event: 9.860 Thread 0x0000023a657c08c0 8421   !   4       sun.nio.ch.ChannelInputStream::read (70 bytes)
Event: 9.864 Thread 0x0000023a6ad71460 nmethod 8407 0x0000023a578ca310 code [0x0000023a578ca4e0, 0x0000023a578caa40]
Event: 9.864 Thread 0x0000023a6ad71460 8422       4       jdk.internal.jrtfs.JrtFileSystem$1::read (28 bytes)
Event: 10.509 Thread 0x0000023a657c10b0 8426       2       java.util.stream.Collectors$$Lambda/0x800000039::accept (14 bytes)

GC Heap History (20 events):
Event: 9.425 GC heap before
{Heap before GC invocations=69 (full 2):
 PSYoungGen      total 11776K, used 11300K [0x00000000d5580000, 0x00000000d6580000, 0x0000000100000000)
  eden space 9216K, 100% used [0x00000000d5580000,0x00000000d5e80000,0x00000000d5e80000)
  from space 2560K, 81% used [0x00000000d6300000,0x00000000d6509280,0x00000000d6580000)
  to   space 3072K, 0% used [0x00000000d5f80000,0x00000000d5f80000,0x00000000d6280000)
 ParOldGen       total 137728K, used 137547K [0x0000000080000000, 0x0000000088680000, 0x00000000d5580000)
  object space 137728K, 99% used [0x0000000080000000,0x0000000088652d30,0x0000000088680000)
 Metaspace       used 51612K, committed 52800K, reserved 1114112K
  class space    used 5457K, committed 6016K, reserved 1048576K
}
Event: 9.428 GC heap after
{Heap after GC invocations=69 (full 2):
 PSYoungGen      total 11776K, used 2059K [0x00000000d5580000, 0x00000000d6380000, 0x0000000100000000)
  eden space 9216K, 0% used [0x00000000d5580000,0x00000000d5580000,0x00000000d5e80000)
  from space 2560K, 80% used [0x00000000d5f80000,0x00000000d6182e40,0x00000000d6200000)
  to   space 1536K, 0% used [0x00000000d6200000,0x00000000d6200000,0x00000000d6380000)
 ParOldGen       total 139776K, used 139465K [0x0000000080000000, 0x0000000088880000, 0x00000000d5580000)
  object space 139776K, 99% used [0x0000000080000000,0x00000000888325c8,0x0000000088880000)
 Metaspace       used 51612K, committed 52800K, reserved 1114112K
  class space    used 5457K, committed 6016K, reserved 1048576K
}
Event: 9.461 GC heap before
{Heap before GC invocations=70 (full 2):
 PSYoungGen      total 11776K, used 11275K [0x00000000d5580000, 0x00000000d6380000, 0x0000000100000000)
  eden space 9216K, 100% used [0x00000000d5580000,0x00000000d5e80000,0x00000000d5e80000)
  from space 2560K, 80% used [0x00000000d5f80000,0x00000000d6182e40,0x00000000d6200000)
  to   space 1536K, 0% used [0x00000000d6200000,0x00000000d6200000,0x00000000d6380000)
 ParOldGen       total 139776K, used 139465K [0x0000000080000000, 0x0000000088880000, 0x00000000d5580000)
  object space 139776K, 99% used [0x0000000080000000,0x00000000888325c8,0x0000000088880000)
 Metaspace       used 51668K, committed 52864K, reserved 1114112K
  class space    used 5460K, committed 6016K, reserved 1048576K
}
Event: 9.464 GC heap after
{Heap after GC invocations=70 (full 2):
 PSYoungGen      total 9728K, used 1533K [0x00000000d5580000, 0x00000000d6780000, 0x0000000100000000)
  eden space 8192K, 0% used [0x00000000d5580000,0x00000000d5580000,0x00000000d5d80000)
  from space 1536K, 99% used [0x00000000d6200000,0x00000000d637f508,0x00000000d6380000)
  to   space 4608K, 0% used [0x00000000d5d80000,0x00000000d5d80000,0x00000000d6200000)
 ParOldGen       total 142336K, used 141869K [0x0000000080000000, 0x0000000088b00000, 0x00000000d5580000)
  object space 142336K, 99% used [0x0000000080000000,0x0000000088a8b7b8,0x0000000088b00000)
 Metaspace       used 51668K, committed 52864K, reserved 1114112K
  class space    used 5460K, committed 6016K, reserved 1048576K
}
Event: 9.491 GC heap before
{Heap before GC invocations=71 (full 2):
 PSYoungGen      total 9728K, used 9725K [0x00000000d5580000, 0x00000000d6780000, 0x0000000100000000)
  eden space 8192K, 100% used [0x00000000d5580000,0x00000000d5d80000,0x00000000d5d80000)
  from space 1536K, 99% used [0x00000000d6200000,0x00000000d637f508,0x00000000d6380000)
  to   space 4608K, 0% used [0x00000000d5d80000,0x00000000d5d80000,0x00000000d6200000)
 ParOldGen       total 142336K, used 141869K [0x0000000080000000, 0x0000000088b00000, 0x00000000d5580000)
  object space 142336K, 99% used [0x0000000080000000,0x0000000088a8b7b8,0x0000000088b00000)
 Metaspace       used 51714K, committed 52928K, reserved 1114112K
  class space    used 5464K, committed 6016K, reserved 1048576K
}
Event: 9.494 GC heap after
{Heap after GC invocations=71 (full 2):
 PSYoungGen      total 10240K, used 1937K [0x00000000d5580000, 0x00000000d6380000, 0x0000000100000000)
  eden space 8192K, 0% used [0x00000000d5580000,0x00000000d5580000,0x00000000d5d80000)
  from space 2048K, 94% used [0x00000000d5d80000,0x00000000d5f645d8,0x00000000d5f80000)
  to   space 3072K, 0% used [0x00000000d6080000,0x00000000d6080000,0x00000000d6380000)
 ParOldGen       total 143360K, used 143332K [0x0000000080000000, 0x0000000088c00000, 0x00000000d5580000)
  object space 143360K, 99% used [0x0000000080000000,0x0000000088bf93b0,0x0000000088c00000)
 Metaspace       used 51714K, committed 52928K, reserved 1114112K
  class space    used 5464K, committed 6016K, reserved 1048576K
}
Event: 9.519 GC heap before
{Heap before GC invocations=72 (full 2):
 PSYoungGen      total 10240K, used 10129K [0x00000000d5580000, 0x00000000d6380000, 0x0000000100000000)
  eden space 8192K, 100% used [0x00000000d5580000,0x00000000d5d80000,0x00000000d5d80000)
  from space 2048K, 94% used [0x00000000d5d80000,0x00000000d5f645d8,0x00000000d5f80000)
  to   space 3072K, 0% used [0x00000000d6080000,0x00000000d6080000,0x00000000d6380000)
 ParOldGen       total 143360K, used 143332K [0x0000000080000000, 0x0000000088c00000, 0x00000000d5580000)
  object space 143360K, 99% used [0x0000000080000000,0x0000000088bf93b0,0x0000000088c00000)
 Metaspace       used 51813K, committed 53056K, reserved 1114112K
  class space    used 5471K, committed 6080K, reserved 1048576K
}
Event: 9.521 GC heap after
{Heap after GC invocations=72 (full 2):
 PSYoungGen      total 10240K, used 1851K [0x00000000d5580000, 0x00000000d6280000, 0x0000000100000000)
  eden space 8192K, 0% used [0x00000000d5580000,0x00000000d5580000,0x00000000d5d80000)
  from space 2048K, 90% used [0x00000000d6080000,0x00000000d624ef68,0x00000000d6280000)
  to   space 2048K, 0% used [0x00000000d5d80000,0x00000000d5d80000,0x00000000d5f80000)
 ParOldGen       total 145408K, used 145075K [0x0000000080000000, 0x0000000088e00000, 0x00000000d5580000)
  object space 145408K, 99% used [0x0000000080000000,0x0000000088dacd58,0x0000000088e00000)
 Metaspace       used 51813K, committed 53056K, reserved 1114112K
  class space    used 5471K, committed 6080K, reserved 1048576K
}
Event: 9.554 GC heap before
{Heap before GC invocations=73 (full 2):
 PSYoungGen      total 10240K, used 10043K [0x00000000d5580000, 0x00000000d6280000, 0x0000000100000000)
  eden space 8192K, 100% used [0x00000000d5580000,0x00000000d5d80000,0x00000000d5d80000)
  from space 2048K, 90% used [0x00000000d6080000,0x00000000d624ef68,0x00000000d6280000)
  to   space 2048K, 0% used [0x00000000d5d80000,0x00000000d5d80000,0x00000000d5f80000)
 ParOldGen       total 145408K, used 145075K [0x0000000080000000, 0x0000000088e00000, 0x00000000d5580000)
  object space 145408K, 99% used [0x0000000080000000,0x0000000088dacd58,0x0000000088e00000)
 Metaspace       used 51892K, committed 53120K, reserved 1114112K
  class space    used 5476K, committed 6080K, reserved 1048576K
}
Event: 9.556 GC heap after
{Heap after GC invocations=73 (full 2):
 PSYoungGen      total 10240K, used 1805K [0x00000000d5580000, 0x00000000d6180000, 0x0000000100000000)
  eden space 8192K, 0% used [0x00000000d5580000,0x00000000d5580000,0x00000000d5d80000)
  from space 2048K, 88% used [0x00000000d5d80000,0x00000000d5f434e0,0x00000000d5f80000)
  to   space 2048K, 0% used [0x00000000d5f80000,0x00000000d5f80000,0x00000000d6180000)
 ParOldGen       total 146944K, used 146713K [0x0000000080000000, 0x0000000088f80000, 0x00000000d5580000)
  object space 146944K, 99% used [0x0000000080000000,0x0000000088f46408,0x0000000088f80000)
 Metaspace       used 51892K, committed 53120K, reserved 1114112K
  class space    used 5476K, committed 6080K, reserved 1048576K
}
Event: 9.595 GC heap before
{Heap before GC invocations=74 (full 2):
 PSYoungGen      total 10240K, used 9997K [0x00000000d5580000, 0x00000000d6180000, 0x0000000100000000)
  eden space 8192K, 100% used [0x00000000d5580000,0x00000000d5d80000,0x00000000d5d80000)
  from space 2048K, 88% used [0x00000000d5d80000,0x00000000d5f434e0,0x00000000d5f80000)
  to   space 2048K, 0% used [0x00000000d5f80000,0x00000000d5f80000,0x00000000d6180000)
 ParOldGen       total 146944K, used 146713K [0x0000000080000000, 0x0000000088f80000, 0x00000000d5580000)
  object space 146944K, 99% used [0x0000000080000000,0x0000000088f46408,0x0000000088f80000)
 Metaspace       used 51963K, committed 53184K, reserved 1114112K
  class space    used 5486K, committed 6080K, reserved 1048576K
}
Event: 9.597 GC heap after
{Heap after GC invocations=74 (full 2):
 PSYoungGen      total 10240K, used 1741K [0x00000000d5580000, 0x00000000d6180000, 0x0000000100000000)
  eden space 8192K, 0% used [0x00000000d5580000,0x00000000d5580000,0x00000000d5d80000)
  from space 2048K, 85% used [0x00000000d5f80000,0x00000000d6133498,0x00000000d6180000)
  to   space 2048K, 0% used [0x00000000d5d80000,0x00000000d5d80000,0x00000000d5f80000)
 ParOldGen       total 148480K, used 148326K [0x0000000080000000, 0x0000000089100000, 0x00000000d5580000)
  object space 148480K, 99% used [0x0000000080000000,0x00000000890d9be8,0x0000000089100000)
 Metaspace       used 51963K, committed 53184K, reserved 1114112K
  class space    used 5486K, committed 6080K, reserved 1048576K
}
Event: 9.635 GC heap before
{Heap before GC invocations=75 (full 2):
 PSYoungGen      total 10240K, used 9933K [0x00000000d5580000, 0x00000000d6180000, 0x0000000100000000)
  eden space 8192K, 100% used [0x00000000d5580000,0x00000000d5d80000,0x00000000d5d80000)
  from space 2048K, 85% used [0x00000000d5f80000,0x00000000d6133498,0x00000000d6180000)
  to   space 2048K, 0% used [0x00000000d5d80000,0x00000000d5d80000,0x00000000d5f80000)
 ParOldGen       total 148480K, used 148326K [0x0000000080000000, 0x0000000089100000, 0x00000000d5580000)
  object space 148480K, 99% used [0x0000000080000000,0x00000000890d9be8,0x0000000089100000)
 Metaspace       used 51993K, committed 53184K, reserved 1114112K
  class space    used 5495K, committed 6080K, reserved 1048576K
}
Event: 9.637 GC heap after
{Heap after GC invocations=75 (full 2):
 PSYoungGen      total 10240K, used 1679K [0x00000000d5580000, 0x00000000d6180000, 0x0000000100000000)
  eden space 8192K, 0% used [0x00000000d5580000,0x00000000d5580000,0x00000000d5d80000)
  from space 2048K, 81% used [0x00000000d5d80000,0x00000000d5f23c70,0x00000000d5f80000)
  to   space 2048K, 0% used [0x00000000d5f80000,0x00000000d5f80000,0x00000000d6180000)
 ParOldGen       total 150016K, used 149918K [0x0000000080000000, 0x0000000089280000, 0x00000000d5580000)
  object space 150016K, 99% used [0x0000000080000000,0x0000000089267bf0,0x0000000089280000)
 Metaspace       used 51993K, committed 53184K, reserved 1114112K
  class space    used 5495K, committed 6080K, reserved 1048576K
}
Event: 9.702 GC heap before
{Heap before GC invocations=76 (full 2):
 PSYoungGen      total 10240K, used 9871K [0x00000000d5580000, 0x00000000d6180000, 0x0000000100000000)
  eden space 8192K, 100% used [0x00000000d5580000,0x00000000d5d80000,0x00000000d5d80000)
  from space 2048K, 81% used [0x00000000d5d80000,0x00000000d5f23c70,0x00000000d5f80000)
  to   space 2048K, 0% used [0x00000000d5f80000,0x00000000d5f80000,0x00000000d6180000)
 ParOldGen       total 150016K, used 149918K [0x0000000080000000, 0x0000000089280000, 0x00000000d5580000)
  object space 150016K, 99% used [0x0000000080000000,0x0000000089267bf0,0x0000000089280000)
 Metaspace       used 52098K, committed 53312K, reserved 1114112K
  class space    used 5502K, committed 6080K, reserved 1048576K
}
Event: 9.704 GC heap after
{Heap after GC invocations=76 (full 2):
 PSYoungGen      total 10240K, used 1693K [0x00000000d5580000, 0x00000000d6180000, 0x0000000100000000)
  eden space 8192K, 0% used [0x00000000d5580000,0x00000000d5580000,0x00000000d5d80000)
  from space 2048K, 82% used [0x00000000d5f80000,0x00000000d6127570,0x00000000d6180000)
  to   space 2048K, 0% used [0x00000000d5d80000,0x00000000d5d80000,0x00000000d5f80000)
 ParOldGen       total 151552K, used 151467K [0x0000000080000000, 0x0000000089400000, 0x00000000d5580000)
  object space 151552K, 99% used [0x0000000080000000,0x00000000893eac28,0x0000000089400000)
 Metaspace       used 52098K, committed 53312K, reserved 1114112K
  class space    used 5502K, committed 6080K, reserved 1048576K
}
Event: 9.775 GC heap before
{Heap before GC invocations=77 (full 2):
 PSYoungGen      total 10240K, used 9885K [0x00000000d5580000, 0x00000000d6180000, 0x0000000100000000)
  eden space 8192K, 100% used [0x00000000d5580000,0x00000000d5d80000,0x00000000d5d80000)
  from space 2048K, 82% used [0x00000000d5f80000,0x00000000d6127570,0x00000000d6180000)
  to   space 2048K, 0% used [0x00000000d5d80000,0x00000000d5d80000,0x00000000d5f80000)
 ParOldGen       total 151552K, used 151467K [0x0000000080000000, 0x0000000089400000, 0x00000000d5580000)
  object space 151552K, 99% used [0x0000000080000000,0x00000000893eac28,0x0000000089400000)
 Metaspace       used 52256K, committed 53504K, reserved 1114112K
  class space    used 5518K, committed 6080K, reserved 1048576K
}
Event: 9.777 GC heap after
{Heap after GC invocations=77 (full 2):
 PSYoungGen      total 10240K, used 1465K [0x00000000d5580000, 0x00000000d6180000, 0x0000000100000000)
  eden space 8192K, 0% used [0x00000000d5580000,0x00000000d5580000,0x00000000d5d80000)
  from space 2048K, 71% used [0x00000000d5d80000,0x00000000d5eee5f8,0x00000000d5f80000)
  to   space 2048K, 0% used [0x00000000d5f80000,0x00000000d5f80000,0x00000000d6180000)
 ParOldGen       total 153088K, used 152944K [0x0000000080000000, 0x0000000089580000, 0x00000000d5580000)
  object space 153088K, 99% used [0x0000000080000000,0x000000008955c3d8,0x0000000089580000)
 Metaspace       used 52256K, committed 53504K, reserved 1114112K
  class space    used 5518K, committed 6080K, reserved 1048576K
}
Event: 9.889 GC heap before
{Heap before GC invocations=78 (full 2):
 PSYoungGen      total 10240K, used 9657K [0x00000000d5580000, 0x00000000d6180000, 0x0000000100000000)
  eden space 8192K, 100% used [0x00000000d5580000,0x00000000d5d80000,0x00000000d5d80000)
  from space 2048K, 71% used [0x00000000d5d80000,0x00000000d5eee5f8,0x00000000d5f80000)
  to   space 2048K, 0% used [0x00000000d5f80000,0x00000000d5f80000,0x00000000d6180000)
 ParOldGen       total 153088K, used 152944K [0x0000000080000000, 0x0000000089580000, 0x00000000d5580000)
  object space 153088K, 99% used [0x0000000080000000,0x000000008955c3d8,0x0000000089580000)
 Metaspace       used 52320K, committed 53568K, reserved 1114112K
  class space    used 5527K, committed 6080K, reserved 1048576K
}
Event: 9.891 GC heap after
{Heap after GC invocations=78 (full 2):
 PSYoungGen      total 10240K, used 1698K [0x00000000d5580000, 0x00000000d6180000, 0x0000000100000000)
  eden space 8192K, 0% used [0x00000000d5580000,0x00000000d5580000,0x00000000d5d80000)
  from space 2048K, 82% used [0x00000000d5f80000,0x00000000d6128938,0x00000000d6180000)
  to   space 2048K, 0% used [0x00000000d5d80000,0x00000000d5d80000,0x00000000d5f80000)
 ParOldGen       total 154624K, used 154284K [0x0000000080000000, 0x0000000089700000, 0x00000000d5580000)
  object space 154624K, 99% used [0x0000000080000000,0x00000000896ab308,0x0000000089700000)
 Metaspace       used 52320K, committed 53568K, reserved 1114112K
  class space    used 5527K, committed 6080K, reserved 1048576K
}

Dll operation events (10 events):
Event: 0.019 Loaded shared library c:\Users\nitin\.vscode\extensions\redhat.java-1.43.0-win32-x64\jre\21.0.7-win32-x86_64\bin\java.dll
Event: 0.125 Loaded shared library c:\Users\nitin\.vscode\extensions\redhat.java-1.43.0-win32-x64\jre\21.0.7-win32-x86_64\bin\zip.dll
Event: 0.156 Loaded shared library C:\Users\nitin\.vscode\extensions\redhat.java-1.43.0-win32-x64\jre\21.0.7-win32-x86_64\bin\instrument.dll
Event: 0.164 Loaded shared library C:\Users\nitin\.vscode\extensions\redhat.java-1.43.0-win32-x64\jre\21.0.7-win32-x86_64\bin\net.dll
Event: 0.168 Loaded shared library C:\Users\nitin\.vscode\extensions\redhat.java-1.43.0-win32-x64\jre\21.0.7-win32-x86_64\bin\nio.dll
Event: 0.172 Loaded shared library C:\Users\nitin\.vscode\extensions\redhat.java-1.43.0-win32-x64\jre\21.0.7-win32-x86_64\bin\zip.dll
Event: 0.197 Loaded shared library C:\Users\nitin\.vscode\extensions\redhat.java-1.43.0-win32-x64\jre\21.0.7-win32-x86_64\bin\jimage.dll
Event: 0.285 Loaded shared library c:\Users\nitin\.vscode\extensions\redhat.java-1.43.0-win32-x64\jre\21.0.7-win32-x86_64\bin\verify.dll
Event: 1.647 Loaded shared library C:\Users\nitin\AppData\Roaming\Code\User\globalStorage\redhat.java\1.43.0\config_win\org.eclipse.equinox.launcher\org.eclipse.equinox.launcher.win32.win32.x86_64_1.2.1300.v20250331-1702\eclipse_11911.dll
Event: 3.405 Loaded shared library C:\Users\nitin\AppData\Local\Temp\jna-104830206\jna8639340582056946883.dll

Deoptimization events (20 events):
Event: 9.737 Thread 0x0000023a6a848200 DEOPT PACKING pc=0x0000023a508945d3 sp=0x00000060f7cfebe0
Event: 9.737 Thread 0x0000023a6a848200 DEOPT UNPACKING pc=0x0000023a56e84242 sp=0x00000060f7cfe148 mode 0
Event: 9.748 Thread 0x0000023a6a848200 DEOPT PACKING pc=0x0000023a508945d3 sp=0x00000060f7cfebe0
Event: 9.748 Thread 0x0000023a6a848200 DEOPT UNPACKING pc=0x0000023a56e84242 sp=0x00000060f7cfe148 mode 0
Event: 9.785 Thread 0x0000023a6e131230 DEOPT PACKING pc=0x0000023a5031d73c sp=0x00000060f8ff7e40
Event: 9.785 Thread 0x0000023a6e131230 DEOPT UNPACKING pc=0x0000023a56e84242 sp=0x00000060f8ff7360 mode 0
Event: 9.792 Thread 0x0000023a6e131230 DEOPT PACKING pc=0x0000023a4fee9cb9 sp=0x00000060f8ffbe70
Event: 9.792 Thread 0x0000023a6e131230 DEOPT UNPACKING pc=0x0000023a56e84242 sp=0x00000060f8ffb370 mode 0
Event: 9.799 Thread 0x0000023a6a848200 DEOPT PACKING pc=0x0000023a508947f8 sp=0x00000060f7cfebe0
Event: 9.799 Thread 0x0000023a6a848200 DEOPT UNPACKING pc=0x0000023a56e84242 sp=0x00000060f7cfe148 mode 0
Event: 9.804 Thread 0x0000023a6a848200 DEOPT PACKING pc=0x0000023a508945d3 sp=0x00000060f7cfebe0
Event: 9.804 Thread 0x0000023a6a848200 DEOPT UNPACKING pc=0x0000023a56e84242 sp=0x00000060f7cfe148 mode 0
Event: 9.830 Thread 0x0000023a6e131230 Uncommon trap: trap_request=0xffffff45 fr.pc=0x0000023a578ab9a0 relative=0x0000000000000320
Event: 9.830 Thread 0x0000023a6e131230 Uncommon trap: reason=unstable_if action=reinterpret pc=0x0000023a578ab9a0 method=java.net.URI$Parser.scan(IILjava/lang/String;Ljava/lang/String;)I @ 6 c2
Event: 9.830 Thread 0x0000023a6e131230 DEOPT PACKING pc=0x0000023a578ab9a0 sp=0x00000060f8ffcdd0
Event: 9.830 Thread 0x0000023a6e131230 DEOPT UNPACKING pc=0x0000023a56e83aa2 sp=0x00000060f8ffcd88 mode 2
Event: 9.840 Thread 0x0000023a6a848200 DEOPT PACKING pc=0x0000023a508945d3 sp=0x00000060f7cfebe0
Event: 9.840 Thread 0x0000023a6a848200 DEOPT UNPACKING pc=0x0000023a56e84242 sp=0x00000060f7cfe148 mode 0
Event: 9.883 Thread 0x0000023a6a848200 DEOPT PACKING pc=0x0000023a508945d3 sp=0x00000060f7cfebe0
Event: 9.883 Thread 0x0000023a6a848200 DEOPT UNPACKING pc=0x0000023a56e84242 sp=0x00000060f7cfe148 mode 0

Classes loaded (20 events):
Event: 7.227 Loading class java/nio/channels/NonWritableChannelException
Event: 7.227 Loading class java/nio/channels/NonWritableChannelException done
Event: 7.345 Loading class java/util/AbstractList$ListItr
Event: 7.345 Loading class java/util/AbstractList$ListItr done
Event: 7.825 Loading class java/util/WeakHashMap$KeyIterator
Event: 7.825 Loading class java/util/WeakHashMap$KeyIterator done
Event: 8.009 Loading class java/util/concurrent/CompletableFuture$AltResult
Event: 8.009 Loading class java/util/concurrent/CompletableFuture$AltResult done
Event: 8.009 Loading class java/util/concurrent/CompletableFuture$Completion
Event: 8.010 Loading class java/util/concurrent/CompletableFuture$AsynchronousCompletionTask
Event: 8.010 Loading class java/util/concurrent/CompletableFuture$AsynchronousCompletionTask done
Event: 8.010 Loading class java/util/concurrent/CompletableFuture$Completion done
Event: 8.014 Loading class sun/nio/ch/WindowsAsynchronousFileChannelImpl$WriteTask
Event: 8.015 Loading class sun/nio/ch/WindowsAsynchronousFileChannelImpl$WriteTask done
Event: 8.025 Loading class jdk/internal/math/FormattedFPDecimal
Event: 8.025 Loading class jdk/internal/math/FormattedFPDecimal done
Event: 8.704 Loading class java/util/concurrent/ForkJoinTask$AdaptedCallable
Event: 8.704 Loading class java/util/concurrent/ForkJoinTask$AdaptedCallable done
Event: 9.370 Loading class java/util/Vector$1
Event: 9.370 Loading class java/util/Vector$1 done

Classes unloaded (7 events):
Event: 4.260 Thread 0x0000023a63784930 Unloading class 0x0000023a011a5000 'java/lang/invoke/LambdaForm$MH+0x0000023a011a5000'
Event: 4.260 Thread 0x0000023a63784930 Unloading class 0x0000023a011a4c00 'java/lang/invoke/LambdaForm$MH+0x0000023a011a4c00'
Event: 4.260 Thread 0x0000023a63784930 Unloading class 0x0000023a011a4800 'java/lang/invoke/LambdaForm$MH+0x0000023a011a4800'
Event: 4.260 Thread 0x0000023a63784930 Unloading class 0x0000023a011a4400 'java/lang/invoke/LambdaForm$MH+0x0000023a011a4400'
Event: 4.260 Thread 0x0000023a63784930 Unloading class 0x0000023a011a4000 'java/lang/invoke/LambdaForm$BMH+0x0000023a011a4000'
Event: 4.260 Thread 0x0000023a63784930 Unloading class 0x0000023a011a3c00 'java/lang/invoke/LambdaForm$DMH+0x0000023a011a3c00'
Event: 4.260 Thread 0x0000023a63784930 Unloading class 0x0000023a011a2800 'java/lang/invoke/LambdaForm$DMH+0x0000023a011a2800'

Classes redefined (0 events):
No events

Internal exceptions (20 events):
Event: 8.707 Thread 0x0000023a6d226640 Exception <a 'sun/nio/fs/WindowsException'{0x00000000d5d02e00}> (0x00000000d5d02e00) 
thrown [s\src\hotspot\share\prims\jni.cpp, line 520]
Event: 8.707 Thread 0x0000023a6d227360 Exception <a 'sun/nio/fs/WindowsException'{0x00000000d5d51c78}> (0x00000000d5d51c78) 
thrown [s\src\hotspot\share\prims\jni.cpp, line 520]
Event: 8.708 Thread 0x0000023a6d223ee0 Exception <a 'sun/nio/fs/WindowsException'{0x00000000d5d6b7c8}> (0x00000000d5d6b7c8) 
thrown [s\src\hotspot\share\prims\jni.cpp, line 520]
Event: 8.708 Thread 0x0000023a6d226640 Exception <a 'sun/nio/fs/WindowsException'{0x00000000d5d05448}> (0x00000000d5d05448) 
thrown [s\src\hotspot\share\prims\jni.cpp, line 520]
Event: 8.708 Thread 0x0000023a6d223ee0 Exception <a 'sun/nio/fs/WindowsException'{0x00000000d5d6cd70}> (0x00000000d5d6cd70) 
thrown [s\src\hotspot\share\prims\jni.cpp, line 520]
Event: 8.710 Thread 0x0000023a6d226640 Exception <a 'sun/nio/fs/WindowsException'{0x00000000d5d072c8}> (0x00000000d5d072c8) 
thrown [s\src\hotspot\share\prims\jni.cpp, line 520]
Event: 8.711 Thread 0x0000023a6d227360 Exception <a 'sun/nio/fs/WindowsException'{0x00000000d5d55310}> (0x00000000d5d55310) 
thrown [s\src\hotspot\share\prims\jni.cpp, line 520]
Event: 8.711 Thread 0x0000023a6d225fb0 Exception <a 'sun/nio/fs/WindowsException'{0x00000000d5d60b50}> (0x00000000d5d60b50) 
thrown [s\src\hotspot\share\prims\jni.cpp, line 520]
Event: 8.711 Thread 0x0000023a6d226640 Exception <a 'sun/nio/fs/WindowsException'{0x00000000d5d09d30}> (0x00000000d5d09d30) 
thrown [s\src\hotspot\share\prims\jni.cpp, line 520]
Event: 8.712 Thread 0x0000023a6d223ee0 Exception <a 'sun/nio/fs/WindowsException'{0x00000000d5d6ff08}> (0x00000000d5d6ff08) 
thrown [s\src\hotspot\share\prims\jni.cpp, line 520]
Event: 8.712 Thread 0x0000023a6d225290 Exception <a 'sun/nio/fs/WindowsException'{0x00000000d5e0b9c0}> (0x00000000d5e0b9c0) 
thrown [s\src\hotspot\share\prims\jni.cpp, line 520]
Event: 8.714 Thread 0x0000023a6d223ee0 Exception <a 'sun/nio/fs/WindowsException'{0x00000000d5d727c8}> (0x00000000d5d727c8) 
thrown [s\src\hotspot\share\prims\jni.cpp, line 520]
Event: 8.716 Thread 0x0000023a6d225fb0 Exception <a 'sun/nio/fs/WindowsException'{0x00000000d5d6ab18}> (0x00000000d5d6ab18) 
thrown [s\src\hotspot\share\prims\jni.cpp, line 520]
Event: 8.717 Thread 0x0000023a6d226640 Exception <a 'sun/nio/fs/WindowsException'{0x00000000d5d0db48}> (0x00000000d5d0db48) 
thrown [s\src\hotspot\share\prims\jni.cpp, line 520]
Event: 8.719 Thread 0x0000023a6d226640 Exception <a 'sun/nio/fs/WindowsException'{0x00000000d5feba98}> (0x00000000d5feba98) 
thrown [s\src\hotspot\share\prims\jni.cpp, line 520]
Event: 8.723 Thread 0x0000023a6d226640 Exception <a 'sun/nio/fs/WindowsException'{0x00000000d5ff51c0}> (0x00000000d5ff51c0) 
thrown [s\src\hotspot\share\prims\jni.cpp, line 520]
Event: 8.738 Thread 0x0000023a6d225fb0 Exception <a 'sun/nio/fs/WindowsException'{0x00000000d6068560}> (0x00000000d6068560) 
thrown [s\src\hotspot\share\prims\jni.cpp, line 520]
Event: 9.016 Thread 0x0000023a6e131230 Exception <a 'sun/nio/fs/WindowsException'{0x00000000d5bcf8c0}> (0x00000000d5bcf8c0) 
thrown [s\src\hotspot\share\prims\jni.cpp, line 520]
Event: 9.017 Thread 0x0000023a6e1318c0 Exception <a 'sun/nio/fs/WindowsException'{0x00000000d5c06aa0}> (0x00000000d5c06aa0) 
thrown [s\src\hotspot\share\prims\jni.cpp, line 520]
Event: 9.017 Thread 0x0000023a6e1353d0 Exception <a 'sun/nio/fs/WindowsException'{0x00000000d5c414e0}> (0x00000000d5c414e0) 
thrown [s\src\hotspot\share\prims\jni.cpp, line 520]

ZGC Phase Switch (0 events):
No events

VM Operations (20 events):
Event: 9.425 Executing VM operation: ParallelGCFailedAllocation (Allocation Failure)
Event: 9.428 Executing VM operation: ParallelGCFailedAllocation (Allocation Failure) done
Event: 9.461 Executing VM operation: ParallelGCFailedAllocation (Allocation Failure)
Event: 9.464 Executing VM operation: ParallelGCFailedAllocation (Allocation Failure) done
Event: 9.491 Executing VM operation: ParallelGCFailedAllocation (Allocation Failure)
Event: 9.494 Executing VM operation: ParallelGCFailedAllocation (Allocation Failure) done
Event: 9.519 Executing VM operation: ParallelGCFailedAllocation (Allocation Failure)
Event: 9.521 Executing VM operation: ParallelGCFailedAllocation (Allocation Failure) done
Event: 9.554 Executing VM operation: ParallelGCFailedAllocation (Allocation Failure)
Event: 9.556 Executing VM operation: ParallelGCFailedAllocation (Allocation Failure) done
Event: 9.595 Executing VM operation: ParallelGCFailedAllocation (Allocation Failure)
Event: 9.597 Executing VM operation: ParallelGCFailedAllocation (Allocation Failure) done
Event: 9.635 Executing VM operation: ParallelGCFailedAllocation (Allocation Failure)
Event: 9.637 Executing VM operation: ParallelGCFailedAllocation (Allocation Failure) done
Event: 9.682 Executing VM operation: ParallelGCFailedAllocation (Allocation Failure)
Event: 9.704 Executing VM operation: ParallelGCFailedAllocation (Allocation Failure) done
Event: 9.775 Executing VM operation: ParallelGCFailedAllocation (Allocation Failure)
Event: 9.777 Executing VM operation: ParallelGCFailedAllocation (Allocation Failure) done
Event: 9.889 Executing VM operation: ParallelGCFailedAllocation (Allocation Failure)
Event: 9.891 Executing VM operation: ParallelGCFailedAllocation (Allocation Failure) done

Memory protections (0 events):
No events

Nmethod flushes (20 events):
Event: 5.456 Thread 0x0000023a63784930 flushing  nmethod 0x0000023a4ff5b290
Event: 5.456 Thread 0x0000023a63784930 flushing  nmethod 0x0000023a4ffa0010
Event: 5.456 Thread 0x0000023a63784930 flushing  nmethod 0x0000023a4ffdbd10
Event: 5.456 Thread 0x0000023a63784930 flushing  nmethod 0x0000023a4ffdc110
Event: 5.456 Thread 0x0000023a63784930 flushing  nmethod 0x0000023a4ffdca10
Event: 5.456 Thread 0x0000023a63784930 flushing  nmethod 0x0000023a4ffddc10
Event: 5.456 Thread 0x0000023a63784930 flushing  nmethod 0x0000023a4ffde410
Event: 5.456 Thread 0x0000023a63784930 flushing  nmethod 0x0000023a4ffdeb90
Event: 5.456 Thread 0x0000023a63784930 flushing  nmethod 0x0000023a4ffe0110
Event: 5.456 Thread 0x0000023a63784930 flushing  nmethod 0x0000023a4ffe0c90
Event: 5.456 Thread 0x0000023a63784930 flushing  nmethod 0x0000023a4ffe1190
Event: 5.456 Thread 0x0000023a63784930 flushing  nmethod 0x0000023a4ffe2290
Event: 5.456 Thread 0x0000023a63784930 flushing  nmethod 0x0000023a4ffe2f10
Event: 5.456 Thread 0x0000023a63784930 flushing  nmethod 0x0000023a4ffe3c90
Event: 5.456 Thread 0x0000023a63784930 flushing  nmethod 0x0000023a4ffe4490
Event: 5.456 Thread 0x0000023a63784930 flushing  nmethod 0x0000023a50007890
Event: 5.456 Thread 0x0000023a63784930 flushing  nmethod 0x0000023a5001f610
Event: 5.456 Thread 0x0000023a63784930 flushing  nmethod 0x0000023a50020390
Event: 5.456 Thread 0x0000023a63784930 flushing  nmethod 0x0000023a50037590
Event: 5.456 Thread 0x0000023a63784930 flushing  nmethod 0x0000023a500da490

Events (20 events):
Event: 8.706 Thread 0x0000023a6e1346b0 Thread added: 0x0000023a6e1353d0
Event: 8.706 Thread 0x0000023a6e1318c0 Thread added: 0x0000023a6e131f50
Event: 8.706 Thread 0x0000023a6e132c70 Thread added: 0x0000023a6d226640
Event: 8.707 Thread 0x0000023a6e1318c0 Thread added: 0x0000023a6d224570
Event: 8.707 Thread 0x0000023a6e132c70 Thread added: 0x0000023a6d227360
Event: 8.707 Thread 0x0000023a6d226640 Thread added: 0x0000023a6d226cd0
Event: 8.707 Thread 0x0000023a6e1353d0 Thread added: 0x0000023a6d225fb0
Event: 8.707 Thread 0x0000023a6e1346b0 Thread added: 0x0000023a6d223ee0
Event: 8.707 Thread 0x0000023a6e131f50 Thread added: 0x0000023a6d225290
Event: 9.066 Thread 0x0000023a6e131230 Thread added: 0x0000023a6d225920
Event: 9.067 Thread 0x0000023a6e131230 Thread added: 0x0000023a6d224c00
Event: 9.067 Thread 0x0000023a6e131230 Thread added: 0x0000023a6ecd5310
Event: 9.067 Thread 0x0000023a6e131230 Thread added: 0x0000023a6ecd4c80
Event: 9.067 Thread 0x0000023a6ecd5310 Thread added: 0x0000023a6ecd59a0
Event: 9.067 Thread 0x0000023a6d225920 Thread added: 0x0000023a6ecd6030
Event: 9.067 Thread 0x0000023a6ecd59a0 Thread added: 0x0000023a6ecd66c0
Event: 9.067 Thread 0x0000023a6ecd4c80 Thread added: 0x0000023a6ecd3f60
Event: 9.068 Thread 0x0000023a6e131230 Thread added: 0x0000023a6ecd6d50
Event: 9.068 Thread 0x0000023a6e131230 Thread added: 0x0000023a6ecd38d0
Event: 9.233 Thread 0x0000023a6a842620 Thread exited: 0x0000023a6a842620


Dynamic libraries:
0x00007ff7bd660000 - 0x00007ff7bd66e000 	c:\Users\nitin\.vscode\extensions\redhat.java-1.43.0-win32-x64\jre\21.0.7-win32-x86_64\bin\java.exe
0x00007ff90b380000 - 0x00007ff90b5e5000 	C:\WINDOWS\SYSTEM32\ntdll.dll
0x00007ff90a400000 - 0x00007ff90a4c9000 	C:\WINDOWS\System32\KERNEL32.DLL
0x00007ff908bf0000 - 0x00007ff908fd8000 	C:\WINDOWS\System32\KERNELBASE.dll
0x00007ff908920000 - 0x00007ff908a6b000 	C:\WINDOWS\System32\ucrtbase.dll
0x00007ff8fd640000 - 0x00007ff8fd658000 	c:\Users\nitin\.vscode\extensions\redhat.java-1.43.0-win32-x64\jre\21.0.7-win32-x86_64\bin\jli.dll
0x00007ff8fae10000 - 0x00007ff8fae2e000 	c:\Users\nitin\.vscode\extensions\redhat.java-1.43.0-win32-x64\jre\21.0.7-win32-x86_64\bin\VCRUNTIME140.dll
0x00007ff90a0a0000 - 0x00007ff90a26a000 	C:\WINDOWS\System32\USER32.dll
0x00007ff8f1e10000 - 0x00007ff8f20aa000 	C:\WINDOWS\WinSxS\amd64_microsoft.windows.common-controls_6595b64144ccf1df_6.0.26100.4202_none_3e0698d4e335f517\COMCTL32.dll
0x00007ff9087c0000 - 0x00007ff9087e7000 	C:\WINDOWS\System32\win32u.dll
0x00007ff90a640000 - 0x00007ff90a6e9000 	C:\WINDOWS\System32\msvcrt.dll
0x00007ff90a4d0000 - 0x00007ff90a4fb000 	C:\WINDOWS\System32\GDI32.dll
0x00007ff908fe0000 - 0x00007ff909117000 	C:\WINDOWS\System32\gdi32full.dll
0x00007ff9084d0000 - 0x00007ff908573000 	C:\WINDOWS\System32\msvcp_win.dll
0x00007ff90a510000 - 0x00007ff90a540000 	C:\WINDOWS\System32\IMM32.DLL
0x00007ff8fd630000 - 0x00007ff8fd63c000 	c:\Users\nitin\.vscode\extensions\redhat.java-1.43.0-win32-x64\jre\21.0.7-win32-x86_64\bin\vcruntime140_1.dll
0x00007ff8db380000 - 0x00007ff8db40d000 	c:\Users\nitin\.vscode\extensions\redhat.java-1.43.0-win32-x64\jre\21.0.7-win32-x86_64\bin\msvcp140.dll
0x00007ff8acaf0000 - 0x00007ff8ad880000 	c:\Users\nitin\.vscode\extensions\redhat.java-1.43.0-win32-x64\jre\21.0.7-win32-x86_64\bin\server\jvm.dll
0x00007ff90a270000 - 0x00007ff90a323000 	C:\WINDOWS\System32\ADVAPI32.dll
0x00007ff90a340000 - 0x00007ff90a3e6000 	C:\WINDOWS\System32\sechost.dll
0x00007ff90b120000 - 0x00007ff90b235000 	C:\WINDOWS\System32\RPCRT4.dll
0x00007ff90a5c0000 - 0x00007ff90a634000 	C:\WINDOWS\System32\WS2_32.dll
0x00007ff908320000 - 0x00007ff90837e000 	C:\WINDOWS\SYSTEM32\POWRPROF.dll
0x00007ff900340000 - 0x00007ff900375000 	C:\WINDOWS\SYSTEM32\WINMM.dll
0x00007ff905c90000 - 0x00007ff905c9b000 	C:\WINDOWS\SYSTEM32\VERSION.dll
0x00007ff908300000 - 0x00007ff908314000 	C:\WINDOWS\SYSTEM32\UMPDC.dll
0x00007ff907290000 - 0x00007ff9072ab000 	C:\WINDOWS\SYSTEM32\kernel.appcore.dll
0x00007ff8fd290000 - 0x00007ff8fd29a000 	c:\Users\nitin\.vscode\extensions\redhat.java-1.43.0-win32-x64\jre\21.0.7-win32-x86_64\bin\jimage.dll
0x00007ff8fa300000 - 0x00007ff8fa541000 	C:\WINDOWS\SYSTEM32\DBGHELP.DLL
0x00007ff909900000 - 0x00007ff909c85000 	C:\WINDOWS\System32\combase.dll
0x00007ff90ae50000 - 0x00007ff90af31000 	C:\WINDOWS\System32\OLEAUT32.dll
0x00007ff8dd160000 - 0x00007ff8dd199000 	C:\WINDOWS\SYSTEM32\dbgcore.DLL
0x00007ff9087f0000 - 0x00007ff908889000 	C:\WINDOWS\System32\bcryptPrimitives.dll
0x00007ff8fac60000 - 0x00007ff8fac6f000 	c:\Users\nitin\.vscode\extensions\redhat.java-1.43.0-win32-x64\jre\21.0.7-win32-x86_64\bin\instrument.dll
0x00007ff8f6e40000 - 0x00007ff8f6e5f000 	c:\Users\nitin\.vscode\extensions\redhat.java-1.43.0-win32-x64\jre\21.0.7-win32-x86_64\bin\java.dll
0x00007ff90a700000 - 0x00007ff90ae42000 	C:\WINDOWS\System32\SHELL32.dll
0x00007ff908580000 - 0x00007ff9086f4000 	C:\WINDOWS\System32\wintypes.dll
0x00007ff906100000 - 0x00007ff906958000 	C:\WINDOWS\SYSTEM32\windows.storage.dll
0x00007ff909c90000 - 0x00007ff909d81000 	C:\WINDOWS\System32\SHCORE.dll
0x00007ff90a550000 - 0x00007ff90a5ba000 	C:\WINDOWS\System32\shlwapi.dll
0x00007ff9083e0000 - 0x00007ff90840f000 	C:\WINDOWS\SYSTEM32\profapi.dll
0x00007ff8f6ba0000 - 0x00007ff8f6bb8000 	c:\Users\nitin\.vscode\extensions\redhat.java-1.43.0-win32-x64\jre\21.0.7-win32-x86_64\bin\zip.dll
0x00007ff8fd070000 - 0x00007ff8fd080000 	C:\Users\nitin\.vscode\extensions\redhat.java-1.43.0-win32-x64\jre\21.0.7-win32-x86_64\bin\net.dll
0x00007ff8ffbc0000 - 0x00007ff8ffcde000 	C:\WINDOWS\SYSTEM32\WINHTTP.dll
0x00007ff907800000 - 0x00007ff90786a000 	C:\WINDOWS\system32\mswsock.dll
0x00007ff8f6b80000 - 0x00007ff8f6b96000 	C:\Users\nitin\.vscode\extensions\redhat.java-1.43.0-win32-x64\jre\21.0.7-win32-x86_64\bin\nio.dll
0x00007ff8fa040000 - 0x00007ff8fa050000 	c:\Users\nitin\.vscode\extensions\redhat.java-1.43.0-win32-x64\jre\21.0.7-win32-x86_64\bin\verify.dll
0x00007ff8d6d90000 - 0x00007ff8d6dd5000 	C:\Users\nitin\AppData\Roaming\Code\User\globalStorage\redhat.java\1.43.0\config_win\org.eclipse.equinox.launcher\org.eclipse.equinox.launcher.win32.win32.x86_64_1.2.1300.v20250331-1702\eclipse_11911.dll
0x00007ff909120000 - 0x00007ff9092be000 	C:\WINDOWS\System32\ole32.dll
0x00007ff907ac0000 - 0x00007ff907adb000 	C:\WINDOWS\SYSTEM32\CRYPTSP.dll
0x00007ff9071f0000 - 0x00007ff90722a000 	C:\WINDOWS\system32\rsaenh.dll
0x00007ff9078a0000 - 0x00007ff9078cb000 	C:\WINDOWS\SYSTEM32\USERENV.dll
0x00007ff9083b0000 - 0x00007ff9083d6000 	C:\WINDOWS\SYSTEM32\bcrypt.dll
0x00007ff907ab0000 - 0x00007ff907abc000 	C:\WINDOWS\SYSTEM32\CRYPTBASE.dll
0x00007ff906c80000 - 0x00007ff906cb3000 	C:\WINDOWS\SYSTEM32\IPHLPAPI.DLL
0x00007ff90a330000 - 0x00007ff90a33a000 	C:\WINDOWS\System32\NSI.dll
0x00007ff8d37b0000 - 0x00007ff8d37f9000 	C:\Users\nitin\AppData\Local\Temp\jna-104830206\jna8639340582056946883.dll
0x00007ff90a3f0000 - 0x00007ff90a3f8000 	C:\WINDOWS\System32\PSAPI.DLL
0x00007ff900a00000 - 0x00007ff900a1f000 	C:\WINDOWS\SYSTEM32\dhcpcsvc6.DLL
0x00007ff9009d0000 - 0x00007ff9009f5000 	C:\WINDOWS\SYSTEM32\dhcpcsvc.DLL

dbghelp: loaded successfully - version: 4.0.5 - missing functions: none
symbol engine: initialized successfully - sym options: 0x614 - pdb path: .;c:\Users\nitin\.vscode\extensions\redhat.java-1.43.0-win32-x64\jre\21.0.7-win32-x86_64\bin;C:\WINDOWS\SYSTEM32;C:\WINDOWS\WinSxS\amd64_microsoft.windows.common-controls_6595b64144ccf1df_6.0.26100.4202_none_3e0698d4e335f517;c:\Users\nitin\.vscode\extensions\redhat.java-1.43.0-win32-x64\jre\21.0.7-win32-x86_64\bin\server;C:\Users\nitin\AppData\Roaming\Code\User\globalStorage\redhat.java\1.43.0\config_win\org.eclipse.equinox.launcher\org.eclipse.equinox.launcher.win32.win32.x86_64_1.2.1300.v20250331-1702;C:\Users\nitin\AppData\Local\Temp\jna-104830206

VM Arguments:
jvm_args: --add-modules=ALL-SYSTEM --add-opens=java.base/java.util=ALL-UNNAMED --add-opens=java.base/java.lang=ALL-UNNAMED --add-opens=java.base/sun.nio.fs=ALL-UNNAMED -Declipse.application=org.eclipse.jdt.ls.core.id1 -Dosgi.bundles.defaultStartLevel=4 -Declipse.product=org.eclipse.jdt.ls.core.product -Djava.import.generatesMetadataFilesAtProjectRoot=false -DDetectVMInstallationsJob.disabled=true -Dfile.encoding=utf8 -XX:+UseParallelGC -XX:GCTimeRatio=4 -XX:AdaptiveSizePolicyWeight=90 -Dsun.zip.disableMemoryMapping=true -Xmx2G -Xms100m -Xlog:disable -javaagent:c:\Users\nitin\.vscode\extensions\redhat.java-1.43.0-win32-x64\lombok\lombok-1.18.39-4050.jar -XX:+HeapDumpOnOutOfMemoryError -XX:HeapDumpPath=c:\Users\nitin\AppData\Roaming\Code\User\workspaceStorage\7f4dc5825104f6c4875692317e85a23f\redhat.java -Daether.dependencyCollector.impl=bf 
java_command: c:\Users\nitin\.vscode\extensions\redhat.java-1.43.0-win32-x64\server\plugins\org.eclipse.equinox.launcher_1.7.0.v20250519-0528.jar -configuration c:\Users\nitin\AppData\Roaming\Code\User\globalStorage\redhat.java\1.43.0\config_win -data c:\Users\nitin\AppData\Roaming\Code\User\workspaceStorage\7f4dc5825104f6c4875692317e85a23f\redhat.java\jdt_ws --pipe=\\.\pipe\lsp-62bf433fca89406c64c1b90e55843d1b-sock
java_class_path (initial): c:\Users\nitin\.vscode\extensions\redhat.java-1.43.0-win32-x64\server\plugins\org.eclipse.equinox.launcher_1.7.0.v20250519-0528.jar
Launcher Type: SUN_STANDARD

[Global flags]
    uintx AdaptiveSizePolicyWeight                 = 90                                        {product} {command line}
     intx CICompilerCount                          = 4                                         {product} {ergonomic}
    uintx GCTimeRatio                              = 4                                         {product} {command line}
     bool HeapDumpOnOutOfMemoryError               = true                                   {manageable} {command line}
    ccstr HeapDumpPath                             = c:\Users\nitin\AppData\Roaming\Code\User\workspaceStorage\7f4dc5825104f6c4875692317e85a23f\redhat.java         {manageable} {command line}
   size_t InitialHeapSize                          = 104857600                                 {product} {command line}
   size_t MaxHeapSize                              = 2147483648                                {product} {command line}
   size_t MaxNewSize                               = 715653120                                 {product} {ergonomic}
   size_t MinHeapDeltaBytes                        = 524288                                    {product} {ergonomic}
   size_t MinHeapSize                              = 104857600                                 {product} {command line}
   size_t NewSize                                  = 34603008                                  {product} {ergonomic}
    uintx NonNMethodCodeHeapSize                   = 5839372                                {pd product} {ergonomic}
    uintx NonProfiledCodeHeapSize                  = 122909434                              {pd product} {ergonomic}
   size_t OldSize                                  = 70254592                                  {product} {ergonomic}
    uintx ProfiledCodeHeapSize                     = 122909434                              {pd product} {ergonomic}
    uintx ReservedCodeCacheSize                    = 251658240                              {pd product} {ergonomic}
     bool SegmentedCodeCache                       = true                                      {product} {ergonomic}
   size_t SoftMaxHeapSize                          = 2147483648                             {manageable} {ergonomic}
     bool UseCompressedOops                        = true                           {product lp64_product} {ergonomic}
     bool UseLargePagesIndividualAllocation        = false                                  {pd product} {ergonomic}
     bool UseParallelGC                            = true                                      {product} {command line}

Logging:
Log output configuration:
 #0: stdout all=off uptime,level,tags foldmultilines=false
 #1: stderr all=off uptime,level,tags foldmultilines=false

Environment Variables:
PATH=C:\Program Files\Common Files\Oracle\Java\javapath;C:\Windows\system32;C:\Windows;C:\Windows\System32\Wbem;C:\Windows\System32\WindowsPowerShell\v1.0\;C:\Windows\System32\OpenSSH\;C:\Program Files (x86)\NVIDIA Corporation\PhysX\Common;C:\Program Files\NVIDIA Corporation\NVIDIA NvDLISR;C:\Program Files\nodejs\;C:\WINDOWS\system32;C:\WINDOWS;C:\WINDOWS\System32\Wbem;C:\WINDOWS\System32\WindowsPowerShell\v1.0\;C:\WINDOWS\System32\OpenSSH\;C:\Users\nitin\AppData\Local\Android\Sdk\tools;C:\Users\nitin\AppData\Local\Android\Sdk\tools;C:\Users\nitin\AppData\Local\Microsoft\WindowsApps;C:\Users\nitin\AppData\Roaming\npm;C:\Users\nitin\AppData\Local\Programs\Microsoft VS Code\bin;C:\Users\nitin\AppData\Local\Android\Sdk\platform-tools;
USERNAME=nitin
OS=Windows_NT
PROCESSOR_IDENTIFIER=AMD64 Family 25 Model 80 Stepping 0, AuthenticAMD
TMP=C:\Users\nitin\AppData\Local\Temp
TEMP=C:\Users\nitin\AppData\Local\Temp




Periodic native trim disabled

---------------  S Y S T E M  ---------------

OS:
 Windows 11 , 64 bit Build 26100 (10.0.26100.4202)
OS uptime: 1 days 18:11 hours
Hyper-V role detected

CPU: total 12 (initial active 12) (12 cores per cpu, 2 threads per core) family 25 model 80 stepping 0 microcode 0xa50000d, cx8, cmov, fxsr, ht, mmx, 3dnowpref, sse, sse2, sse3, ssse3, sse4a, sse4.1, sse4.2, popcnt, lzcnt, tsc, tscinvbit, avx, avx2, aes, erms, clmul, bmi1, bmi2, adx, sha, fma, vzeroupper, clflush, clflushopt, hv, rdtscp, rdpid, fsrm, f16c, cet_ss
Processor Information for the first 12 processors :
  Max Mhz: 3301, Current Mhz: 3301, Mhz Limit: 3301

Memory: 4k page, system-wide physical 7581M (764M free)
TotalPageFile size 29581M (AvailPageFile size 46M)
current process WorkingSet (physical memory assigned to process): 386M, peak: 436M
current process commit charge ("private bytes"): 423M, peak: 472M

vm_info: OpenJDK 64-Bit Server VM (21.0.7+6-LTS) for windows-amd64 JRE (21.0.7+6-LTS), built on 2025-04-15T00:00:00Z by "admin" with MS VC++ 17.7 (VS2022)

END.
