#
# There is insufficient memory for the Java Runtime Environment to continue.
# Native memory allocation (malloc) failed to allocate 1153056 bytes. Error detail: Chunk::new
# Possible reasons:
#   The system is out of physical RAM or swap space
#   This process is running with CompressedOops enabled, and the Java Heap may be blocking the growth of the native heap
# Possible solutions:
#   Reduce memory load on the system
#   Increase physical memory or swap space
#   Check if swap backing store is full
#   Decrease Java heap size (-Xmx/-Xms)
#   Decrease number of Java threads
#   Decrease Java thread stack sizes (-Xss)
#   Set larger code cache with -XX:ReservedCodeCacheSize=
#   JVM is running with Unscaled Compressed Oops mode in which the Java heap is
#     placed in the first 4GB address space. The Java Heap base address is the
#     maximum limit for the native heap growth. Please use -XX:HeapBaseMinAddress
#     to set the Java Heap base and to place the Java Heap above 4GB virtual address.
# This output file may be truncated or incomplete.
#
#  Out of Memory Error (arena.cpp:168), pid=16512, tid=12028
#
# JRE version: OpenJDK Runtime Environment Temurin-21.0.7+6 (21.0.7+6) (build 21.0.7+6-LTS)
# Java VM: OpenJDK 64-Bit Server VM Temurin-21.0.7+6 (21.0.7+6-LTS, mixed mode, sharing, tiered, compressed oops, compressed class ptrs, parallel gc, windows-amd64)
# No core dump will be written. Minidumps are not enabled by default on client versions of Windows
#

---------------  S U M M A R Y ------------

Command Line: --add-modules=ALL-SYSTEM --add-opens=java.base/java.util=ALL-UNNAMED --add-opens=java.base/java.lang=ALL-UNNAMED --add-opens=java.base/sun.nio.fs=ALL-UNNAMED -Declipse.application=org.eclipse.jdt.ls.core.id1 -Dosgi.bundles.defaultStartLevel=4 -Declipse.product=org.eclipse.jdt.ls.core.product -Djava.import.generatesMetadataFilesAtProjectRoot=false -DDetectVMInstallationsJob.disabled=true -Dfile.encoding=utf8 -XX:+UseParallelGC -XX:GCTimeRatio=4 -XX:AdaptiveSizePolicyWeight=90 -Dsun.zip.disableMemoryMapping=true -Xmx2G -Xms100m -Xlog:disable -javaagent:c:\Users\nitin\.vscode\extensions\redhat.java-1.43.0-win32-x64\lombok\lombok-1.18.39-4050.jar -XX:+HeapDumpOnOutOfMemoryError -XX:HeapDumpPath=c:\Users\nitin\AppData\Roaming\Code\User\workspaceStorage\7f4dc5825104f6c4875692317e85a23f\redhat.java -Daether.dependencyCollector.impl=bf c:\Users\nitin\.vscode\extensions\redhat.java-1.43.0-win32-x64\server\plugins\org.eclipse.equinox.launcher_1.7.0.v20250519-0528.jar -configuration c:\Users\nitin\AppData\Roaming\Code\User\globalStorage\redhat.java\1.43.0\config_win -data c:\Users\nitin\AppData\Roaming\Code\User\workspaceStorage\7f4dc5825104f6c4875692317e85a23f\redhat.java\jdt_ws --pipe=\\.\pipe\lsp-3e9a75819e60d6f1fef3a7578d598bc7-sock

Host: AMD Ryzen 5 5600H with Radeon Graphics         , 12 cores, 7G,  Windows 11 , 64 bit Build 26100 (10.0.26100.4202)
Time: Fri Jun 27 10:58:14 2025 India Standard Time elapsed time: 17.242094 seconds (0d 0h 0m 17s)

---------------  T H R E A D  ---------------

Current thread (0x000001ace95fbfa0):  JavaThread "C2 CompilerThread1" daemon [_thread_in_native, id=12028, stack(0x0000008967500000,0x0000008967600000) (1024K)]


Current CompileTask:
C2:17242 12532 %     4       org.eclipse.jdt.internal.core.search.indexing.BinaryIndexer::extractReferenceFromConstantPool @ 15 (358 bytes)

Stack: [0x0000008967500000,0x0000008967600000]
Native frames: (J=compiled Java code, j=interpreted, Vv=VM code, C=native code)
V  [jvm.dll+0x6ce119]
V  [jvm.dll+0x8a84a1]
V  [jvm.dll+0x8aa9ce]
V  [jvm.dll+0x8ab0b3]
V  [jvm.dll+0x27f8a6]
V  [jvm.dll+0xc507d]
V  [jvm.dll+0xc55b3]
V  [jvm.dll+0x2f2c6d]
V  [jvm.dll+0x5f6bca]
V  [jvm.dll+0x250cb2]
V  [jvm.dll+0x25106f]
V  [jvm.dll+0x249934]
V  [jvm.dll+0x246fc4]
V  [jvm.dll+0x1c760e]
V  [jvm.dll+0x25695a]
V  [jvm.dll+0x254efa]
V  [jvm.dll+0x3f03f6]
V  [jvm.dll+0x851f6b]
V  [jvm.dll+0x6cc7dd]
C  [ucrtbase.dll+0x37b0]
C  [KERNEL32.DLL+0x2e8d7]
C  [ntdll.dll+0x3c34c]


---------------  P R O C E S S  ---------------

Threads class SMR info:
_java_thread_list=0x000001acebee2690, length=79, elements={
0x000001accb6dc420, 0x000001accb68d6a0, 0x000001accb68e350, 0x000001ace80068f0,
0x000001ace8007540, 0x000001ace8008190, 0x000001ace800abf0, 0x000001ace800da30,
0x000001ace800fad0, 0x000001accb747400, 0x000001ace835d3c0, 0x000001ace8b70d70,
0x000001ace8be2fb0, 0x000001ace86dfc10, 0x000001ace86e0640, 0x000001ace9199e00,
0x000001ace9080810, 0x000001ace91ed930, 0x000001ace91edfc0, 0x000001ace91ed2a0,
0x000001ace91eb1d0, 0x000001ace95fbfa0, 0x000001ace91ee650, 0x000001ace91eb860,
0x000001ace91ec580, 0x000001aceb461870, 0x000001aceb4632b0, 0x000001aceb460b50,
0x000001aceb463940, 0x000001aceb462c20, 0x000001aceb463fd0, 0x000001aceb464660,
0x000001aceb4611e0, 0x000001aceb462590, 0x000001aceb464cf0, 0x000001aceb465380,
0x000001aceb461f00, 0x000001aceb465a10, 0x000001aceb467ae0, 0x000001aceb4660a0,
0x000001aceb466730, 0x000001aceb468170, 0x000001aceb466dc0, 0x000001aceb467450,
0x000001aceb1ba800, 0x000001aceb1ba170, 0x000001aceb1bae90, 0x000001aceb1b9450,
0x000001aceb1bb520, 0x000001aceb1bbbb0, 0x000001aceb1b9ae0, 0x000001aceb1bc240,
0x000001aceb1b8dc0, 0x000001aceb1bfd50, 0x000001aceb1bc8d0, 0x000001aceb1be9a0,
0x000001aceb1bd5f0, 0x000001aceb1bcf60, 0x000001aceb1be310, 0x000001aceb1bdc80,
0x000001aceb1bf030, 0x000001aceb1bf6c0, 0x000001ace8715a00, 0x000001ace8717440,
0x000001ace8713fc0, 0x000001ace8715370, 0x000001ace8714650, 0x000001ace8718160,
0x000001ace8716720, 0x000001ace8717ad0, 0x000001ace8714ce0, 0x000001ace8719ba0,
0x000001ace8719510, 0x000001ace871a230, 0x000001ace87187f0, 0x000001ace871af50,
0x000001ace871a8c0, 0x000001ace871b5e0, 0x000001acece53e60
}

Java Threads: ( => current thread )
  0x000001accb6dc420 JavaThread "main"                              [_thread_blocked, id=2140, stack(0x0000008965300000,0x0000008965400000) (1024K)]
  0x000001accb68d6a0 JavaThread "Reference Handler"          daemon [_thread_blocked, id=10540, stack(0x0000008965700000,0x0000008965800000) (1024K)]
  0x000001accb68e350 JavaThread "Finalizer"                  daemon [_thread_blocked, id=8180, stack(0x0000008965800000,0x0000008965900000) (1024K)]
  0x000001ace80068f0 JavaThread "Signal Dispatcher"          daemon [_thread_blocked, id=2676, stack(0x0000008965900000,0x0000008965a00000) (1024K)]
  0x000001ace8007540 JavaThread "Attach Listener"            daemon [_thread_blocked, id=9600, stack(0x0000008965a00000,0x0000008965b00000) (1024K)]
  0x000001ace8008190 JavaThread "Service Thread"             daemon [_thread_blocked, id=18068, stack(0x0000008965b00000,0x0000008965c00000) (1024K)]
  0x000001ace800abf0 JavaThread "Monitor Deflation Thread"   daemon [_thread_blocked, id=12488, stack(0x0000008965c00000,0x0000008965d00000) (1024K)]
  0x000001ace800da30 JavaThread "C2 CompilerThread0"         daemon [_thread_in_native, id=8084, stack(0x0000008965d00000,0x0000008965e00000) (1024K)]
  0x000001ace800fad0 JavaThread "C1 CompilerThread0"         daemon [_thread_blocked, id=24668, stack(0x0000008965e00000,0x0000008965f00000) (1024K)]
  0x000001accb747400 JavaThread "Common-Cleaner"             daemon [_thread_blocked, id=11268, stack(0x0000008965f00000,0x0000008966000000) (1024K)]
  0x000001ace835d3c0 JavaThread "Notification Thread"        daemon [_thread_blocked, id=22724, stack(0x0000008966000000,0x0000008966100000) (1024K)]
  0x000001ace8b70d70 JavaThread "Active Thread: Equinox Container: 18068094-16dc-441d-9102-20f2a5c505e0"        [_thread_blocked, id=13672, stack(0x0000008966800000,0x0000008966900000) (1024K)]
  0x000001ace8be2fb0 JavaThread "Refresh Thread: Equinox Container: 18068094-16dc-441d-9102-20f2a5c505e0" daemon [_thread_blocked, id=16464, stack(0x0000008966a00000,0x0000008966b00000) (1024K)]
  0x000001ace86dfc10 JavaThread "Framework Event Dispatcher: Equinox Container: 18068094-16dc-441d-9102-20f2a5c505e0" daemon [_thread_in_vm, id=10480, stack(0x0000008966b00000,0x0000008966c00000) (1024K)]
  0x000001ace86e0640 JavaThread "Start Level: Equinox Container: 18068094-16dc-441d-9102-20f2a5c505e0" daemon [_thread_blocked, id=15512, stack(0x0000008966c00000,0x0000008966d00000) (1024K)]
  0x000001ace9199e00 JavaThread "Bundle File Closer"         daemon [_thread_blocked, id=15740, stack(0x0000008966f00000,0x0000008967000000) (1024K)]
  0x000001ace9080810 JavaThread "SCR Component Actor"        daemon [_thread_blocked, id=23360, stack(0x0000008967000000,0x0000008967100000) (1024K)]
  0x000001ace91ed930 JavaThread "Worker-JM"                         [_thread_blocked, id=23868, stack(0x0000008966100000,0x0000008966200000) (1024K)]
  0x000001ace91edfc0 JavaThread "JNA Cleaner"                daemon [_thread_blocked, id=11048, stack(0x0000008967200000,0x0000008967300000) (1024K)]
  0x000001ace91ed2a0 JavaThread "Worker-0: Initialize Workspace"        [_thread_in_vm, id=19912, stack(0x0000008967300000,0x0000008967400000) (1024K)]
  0x000001ace91eb1d0 JavaThread "Worker-1"                          [_thread_blocked, id=20028, stack(0x0000008967400000,0x0000008967500000) (1024K)]
=>0x000001ace95fbfa0 JavaThread "C2 CompilerThread1"         daemon [_thread_in_native, id=12028, stack(0x0000008967500000,0x0000008967600000) (1024K)]
  0x000001ace91ee650 JavaThread "Worker-2"                          [_thread_blocked, id=13896, stack(0x0000008967600000,0x0000008967700000) (1024K)]
  0x000001ace91eb860 JavaThread "Worker-3"                          [_thread_blocked, id=15240, stack(0x0000008967700000,0x0000008967800000) (1024K)]
  0x000001ace91ec580 JavaThread "Java indexing"              daemon [_thread_in_vm, id=19284, stack(0x0000008967800000,0x0000008967900000) (1024K)]
  0x000001aceb461870 JavaThread "Worker-4"                          [_thread_blocked, id=18328, stack(0x0000008967b00000,0x0000008967c00000) (1024K)]
  0x000001aceb4632b0 JavaThread "Worker-5"                          [_thread_blocked, id=20188, stack(0x0000008967c00000,0x0000008967d00000) (1024K)]
  0x000001aceb460b50 JavaThread "Thread-2"                   daemon [_thread_in_native, id=7392, stack(0x0000008967d00000,0x0000008967e00000) (1024K)]
  0x000001aceb463940 JavaThread "Thread-3"                   daemon [_thread_in_native, id=21564, stack(0x0000008967e00000,0x0000008967f00000) (1024K)]
  0x000001aceb462c20 JavaThread "Thread-4"                   daemon [_thread_in_native, id=16500, stack(0x0000008967f00000,0x0000008968000000) (1024K)]
  0x000001aceb463fd0 JavaThread "Thread-5"                   daemon [_thread_in_native, id=13952, stack(0x0000008968000000,0x0000008968100000) (1024K)]
  0x000001aceb464660 JavaThread "Thread-6"                   daemon [_thread_in_native, id=11924, stack(0x0000008968100000,0x0000008968200000) (1024K)]
  0x000001aceb4611e0 JavaThread "Thread-7"                   daemon [_thread_in_native, id=13480, stack(0x0000008968200000,0x0000008968300000) (1024K)]
  0x000001aceb462590 JavaThread "Thread-8"                   daemon [_thread_in_native, id=1276, stack(0x0000008968300000,0x0000008968400000) (1024K)]
  0x000001aceb464cf0 JavaThread "Thread-9"                   daemon [_thread_in_native, id=18896, stack(0x0000008968400000,0x0000008968500000) (1024K)]
  0x000001aceb465380 JavaThread "Thread-10"                  daemon [_thread_in_native, id=24880, stack(0x0000008968500000,0x0000008968600000) (1024K)]
  0x000001aceb461f00 JavaThread "Thread-11"                  daemon [_thread_in_native, id=9868, stack(0x0000008968600000,0x0000008968700000) (1024K)]
  0x000001aceb465a10 JavaThread "Thread-12"                  daemon [_thread_in_native, id=14492, stack(0x0000008968700000,0x0000008968800000) (1024K)]
  0x000001aceb467ae0 JavaThread "Thread-13"                  daemon [_thread_in_native, id=2620, stack(0x0000008968800000,0x0000008968900000) (1024K)]
  0x000001aceb4660a0 JavaThread "Thread-14"                  daemon [_thread_in_native, id=2668, stack(0x0000008968900000,0x0000008968a00000) (1024K)]
  0x000001aceb466730 JavaThread "pool-2-thread-1"                   [_thread_blocked, id=19256, stack(0x0000008968a00000,0x0000008968b00000) (1024K)]
  0x000001aceb468170 JavaThread "Worker-6"                          [_thread_blocked, id=9004, stack(0x0000008968b00000,0x0000008968c00000) (1024K)]
  0x000001aceb466dc0 JavaThread "Worker-7: Java indexing... "        [_thread_blocked, id=6800, stack(0x0000008968c00000,0x0000008968d00000) (1024K)]
  0x000001aceb467450 JavaThread "WorkspaceEventsHandler"            [_thread_blocked, id=4592, stack(0x0000008968d00000,0x0000008968e00000) (1024K)]
  0x000001aceb1ba800 JavaThread "pool-1-thread-1"                   [_thread_blocked, id=24368, stack(0x0000008968e00000,0x0000008968f00000) (1024K)]
  0x000001aceb1ba170 JavaThread "LocalFile Deleter"          daemon [_thread_blocked, id=3044, stack(0x0000008968f00000,0x0000008969000000) (1024K)]
  0x000001aceb1bae90 JavaThread "LocalFile Deleter"          daemon [_thread_blocked, id=12056, stack(0x0000008969000000,0x0000008969100000) (1024K)]
  0x000001aceb1b9450 JavaThread "LocalFile Deleter"          daemon [_thread_blocked, id=24436, stack(0x0000008969100000,0x0000008969200000) (1024K)]
  0x000001aceb1bb520 JavaThread "LocalFile Deleter"          daemon [_thread_blocked, id=17720, stack(0x0000008969200000,0x0000008969300000) (1024K)]
  0x000001aceb1bbbb0 JavaThread "LocalFile Deleter"          daemon [_thread_blocked, id=24908, stack(0x0000008969300000,0x0000008969400000) (1024K)]
  0x000001aceb1b9ae0 JavaThread "LocalFile Deleter"          daemon [_thread_blocked, id=16320, stack(0x0000008969400000,0x0000008969500000) (1024K)]
  0x000001aceb1bc240 JavaThread "LocalFile Deleter"          daemon [_thread_blocked, id=14904, stack(0x0000008969500000,0x0000008969600000) (1024K)]
  0x000001aceb1b8dc0 JavaThread "LocalFile Deleter"          daemon [_thread_blocked, id=9896, stack(0x0000008969600000,0x0000008969700000) (1024K)]
  0x000001aceb1bfd50 JavaThread "LocalFile Deleter"          daemon [_thread_blocked, id=2056, stack(0x0000008969700000,0x0000008969800000) (1024K)]
  0x000001aceb1bc8d0 JavaThread "LocalFile Deleter"          daemon [_thread_blocked, id=8880, stack(0x0000008969800000,0x0000008969900000) (1024K)]
  0x000001aceb1be9a0 JavaThread "LocalFile Deleter"          daemon [_thread_blocked, id=11964, stack(0x0000008969900000,0x0000008969a00000) (1024K)]
  0x000001aceb1bd5f0 JavaThread "LocalFile Deleter"          daemon [_thread_blocked, id=17384, stack(0x0000008969a00000,0x0000008969b00000) (1024K)]
  0x000001aceb1bcf60 JavaThread "Compiler Source File Reader" daemon [_thread_blocked, id=22328, stack(0x0000008969b00000,0x0000008969c00000) (1024K)]
  0x000001aceb1be310 JavaThread "Compiler Source File Reader" daemon [_thread_blocked, id=22232, stack(0x0000008969c00000,0x0000008969d00000) (1024K)]
  0x000001aceb1bdc80 JavaThread "Compiler Source File Reader" daemon [_thread_blocked, id=4260, stack(0x0000008969d00000,0x0000008969e00000) (1024K)]
  0x000001aceb1bf030 JavaThread "Compiler Source File Reader" daemon [_thread_blocked, id=15196, stack(0x0000008969e00000,0x0000008969f00000) (1024K)]
  0x000001aceb1bf6c0 JavaThread "Compiler Source File Reader" daemon [_thread_blocked, id=21588, stack(0x0000008969f00000,0x000000896a000000) (1024K)]
  0x000001ace8715a00 JavaThread "Compiler Source File Reader" daemon [_thread_blocked, id=23152, stack(0x000000896a000000,0x000000896a100000) (1024K)]
  0x000001ace8717440 JavaThread "Compiler Source File Reader" daemon [_thread_blocked, id=1296, stack(0x000000896a100000,0x000000896a200000) (1024K)]
  0x000001ace8713fc0 JavaThread "Compiler Source File Reader" daemon [_thread_blocked, id=25088, stack(0x000000896a200000,0x000000896a300000) (1024K)]
  0x000001ace8715370 JavaThread "Compiler Source File Reader" daemon [_thread_blocked, id=20536, stack(0x000000896a300000,0x000000896a400000) (1024K)]
  0x000001ace8714650 JavaThread "Compiler Source File Reader" daemon [_thread_blocked, id=13024, stack(0x000000896a400000,0x000000896a500000) (1024K)]
  0x000001ace8718160 JavaThread "Compiler Processing Task"   daemon [_thread_blocked, id=25356, stack(0x0000008967100000,0x0000008967200000) (1024K)]
  0x000001ace8716720 JavaThread "Compiler Class File Writer" daemon [_thread_blocked, id=10764, stack(0x000000896a500000,0x000000896a600000) (1024K)]
  0x000001ace8717ad0 JavaThread "Compiler Class File Writer" daemon [_thread_blocked, id=19272, stack(0x000000896a600000,0x000000896a700000) (1024K)]
  0x000001ace8714ce0 JavaThread "Compiler Class File Writer" daemon [_thread_blocked, id=992, stack(0x000000896a700000,0x000000896a800000) (1024K)]
  0x000001ace8719ba0 JavaThread "Compiler Class File Writer" daemon [_thread_blocked, id=4716, stack(0x000000896a800000,0x000000896a900000) (1024K)]
  0x000001ace8719510 JavaThread "Compiler Class File Writer" daemon [_thread_blocked, id=13500, stack(0x000000896a900000,0x000000896aa00000) (1024K)]
  0x000001ace871a230 JavaThread "Compiler Class File Writer" daemon [_thread_blocked, id=22736, stack(0x000000896aa00000,0x000000896ab00000) (1024K)]
  0x000001ace87187f0 JavaThread "Compiler Class File Writer" daemon [_thread_blocked, id=8952, stack(0x000000896ab00000,0x000000896ac00000) (1024K)]
  0x000001ace871af50 JavaThread "Compiler Class File Writer" daemon [_thread_blocked, id=364, stack(0x000000896ac00000,0x000000896ad00000) (1024K)]
  0x000001ace871a8c0 JavaThread "Compiler Class File Writer" daemon [_thread_blocked, id=19048, stack(0x000000896ad00000,0x000000896ae00000) (1024K)]
  0x000001ace871b5e0 JavaThread "Compiler Class File Writer" daemon [_thread_blocked, id=19600, stack(0x000000896ae00000,0x000000896af00000) (1024K)]
  0x000001acece53e60 JavaThread "C2 CompilerThread2"         daemon [_thread_in_native, id=2304, stack(0x000000896af00000,0x000000896b000000) (1024K)]
Total: 79

Other Threads:
  0x000001accb79e9b0 VMThread "VM Thread"                           [id=19728, stack(0x0000008965600000,0x0000008965700000) (1024K)]
  0x000001accb56ca00 WatcherThread "VM Periodic Task Thread"        [id=20680, stack(0x0000008965500000,0x0000008965600000) (1024K)]
  0x000001accb6face0 WorkerThread "GC Thread#0"                     [id=12220, stack(0x0000008965400000,0x0000008965500000) (1024K)]
  0x000001ace8afa220 WorkerThread "GC Thread#1"                     [id=4552, stack(0x0000008966200000,0x0000008966300000) (1024K)]
  0x000001ace8d60bf0 WorkerThread "GC Thread#2"                     [id=11836, stack(0x0000008966300000,0x0000008966400000) (1024K)]
  0x000001ace8acd0e0 WorkerThread "GC Thread#3"                     [id=23412, stack(0x0000008966400000,0x0000008966500000) (1024K)]
  0x000001ace8afa5c0 WorkerThread "GC Thread#4"                     [id=20580, stack(0x0000008966500000,0x0000008966600000) (1024K)]
  0x000001ace8afa960 WorkerThread "GC Thread#5"                     [id=18264, stack(0x0000008966600000,0x0000008966700000) (1024K)]
  0x000001ace83f26b0 WorkerThread "GC Thread#6"                     [id=9532, stack(0x0000008966700000,0x0000008966800000) (1024K)]
  0x000001ace885cb20 WorkerThread "GC Thread#7"                     [id=5700, stack(0x0000008966900000,0x0000008966a00000) (1024K)]
  0x000001ace901ef80 WorkerThread "GC Thread#8"                     [id=12608, stack(0x0000008966d00000,0x0000008966e00000) (1024K)]
  0x000001ace901e840 WorkerThread "GC Thread#9"                     [id=14676, stack(0x0000008966e00000,0x0000008966f00000) (1024K)]
Total: 12

Threads with active compile tasks:
C2 CompilerThread0  17303 12365       4       org.eclipse.core.internal.resources.AliasManager$LocationMap$$Lambda/0x000001ac811db768::compare (14 bytes)
C1 CompilerThread0  17303 12666       2       java.util.stream.FindOps$FindSink$OfRef::get (19 bytes)
C2 CompilerThread1  17303 12532 %     4       org.eclipse.jdt.internal.core.search.indexing.BinaryIndexer::extractReferenceFromConstantPool @ 15 (358 bytes)
C2 CompilerThread2  17303 12364   !   4       org.eclipse.jdt.internal.core.search.indexing.BinaryIndexer::indexDocument (1168 bytes)
Total: 4

VM state: not at safepoint (normal execution)

VM Mutex/Monitor currently owned by a thread: None

Heap address: 0x0000000080000000, size: 2048 MB, Compressed Oops mode: 32-bit

CDS archive(s) mapped at: [0x000001ac80000000-0x000001ac80ba0000-0x000001ac80ba0000), size 12189696, SharedBaseAddress: 0x000001ac80000000, ArchiveRelocationMode: 1.
Compressed class space mapped at: 0x000001ac81000000-0x000001acc1000000, reserved size: 1073741824
Narrow klass base: 0x000001ac80000000, Narrow klass shift: 0, Narrow klass range: 0x100000000

GC Precious Log:
 CardTable entry size: 512
 CPUs: 12 total, 12 available
 Memory: 7581M
 Large Page Support: Disabled
 NUMA Support: Disabled
 Compressed Oops: Enabled (32-bit)
 Alignments: Space 512K, Generation 512K, Heap 2M
 Heap Min Capacity: 100M
 Heap Initial Capacity: 100M
 Heap Max Capacity: 2G
 Pre-touch: Disabled
 Parallel Workers: 10

Heap:
 PSYoungGen      total 7168K, used 4769K [0x00000000d5580000, 0x00000000d5e00000, 0x0000000100000000)
  eden space 6144K, 63% used [0x00000000d5580000,0x00000000d59518e8,0x00000000d5b80000)
  from space 1024K, 83% used [0x00000000d5c00000,0x00000000d5cd6c08,0x00000000d5d00000)
  to   space 1024K, 0% used [0x00000000d5d00000,0x00000000d5d00000,0x00000000d5e00000)
 ParOldGen       total 386560K, used 386481K [0x0000000080000000, 0x0000000097980000, 0x00000000d5580000)
  object space 386560K, 99% used [0x0000000080000000,0x000000009796c638,0x0000000097980000)
 Metaspace       used 60071K, committed 61376K, reserved 1114112K
  class space    used 6008K, committed 6592K, reserved 1048576K

Card table byte_map: [0x000001accb080000,0x000001accb490000] _byte_map_base: 0x000001accac80000

Marking Bits: (ParMarkBitMap*) 0x00007ff8ad7a31f0
 Begin Bits: [0x000001acddb80000, 0x000001acdfb80000)
 End Bits:   [0x000001acdfb80000, 0x000001ace1b80000)

Polling page: 0x000001accade0000

Metaspace:

Usage:
  Non-class:     52.80 MB used.
      Class:      5.87 MB used.
       Both:     58.66 MB used.

Virtual space:
  Non-class space:       64.00 MB reserved,      53.50 MB ( 84%) committed,  1 nodes.
      Class space:        1.00 GB reserved,       6.44 MB ( <1%) committed,  1 nodes.
             Both:        1.06 GB reserved,      59.94 MB (  6%) committed. 

Chunk freelists:
   Non-Class:  9.95 MB
       Class:  9.45 MB
        Both:  19.40 MB

MaxMetaspaceSize: unlimited
CompressedClassSpaceSize: 1.00 GB
Initial GC threshold: 21.00 MB
Current GC threshold: 60.31 MB
CDS: on
 - commit_granule_bytes: 65536.
 - commit_granule_words: 8192.
 - virtual_space_node_default_size: 8388608.
 - enlarge_chunks_in_place: 1.
 - use_allocation_guard: 0.


Internal statistics:

num_allocs_failed_limit: 18.
num_arena_births: 1088.
num_arena_deaths: 14.
num_vsnodes_births: 2.
num_vsnodes_deaths: 0.
num_space_committed: 959.
num_space_uncommitted: 0.
num_chunks_returned_to_freelist: 32.
num_chunks_taken_from_freelist: 3859.
num_chunk_merges: 14.
num_chunk_splits: 2384.
num_chunks_enlarged: 1411.
num_inconsistent_stats: 0.

CodeHeap 'non-profiled nmethods': size=120000Kb used=6790Kb max_used=6790Kb free=113209Kb
 bounds [0x000001acd63a0000, 0x000001acd6a50000, 0x000001acdd8d0000]
CodeHeap 'profiled nmethods': size=120000Kb used=28965Kb max_used=28965Kb free=91034Kb
 bounds [0x000001acce8d0000, 0x000001acd0520000, 0x000001acd5e00000]
CodeHeap 'non-nmethods': size=5760Kb used=1421Kb max_used=1497Kb free=4338Kb
 bounds [0x000001acd5e00000, 0x000001acd6070000, 0x000001acd63a0000]
 total_blobs=12740 nmethods=12010 adapters=634
 compilation: enabled
              stopped_count=0, restarted_count=0
 full_count=0

Compilation events (20 events):
Event: 16.994 Thread 0x000001ace800fad0 nmethod 12622 0x000001acd04e5090 code [0x000001acd04e5260, 0x000001acd04e5650]
Event: 16.994 Thread 0x000001ace800fad0 12623       3       org.eclipse.core.internal.events.ResourceDelta::isTeamPrivate (36 bytes)
Event: 16.995 Thread 0x000001ace800fad0 nmethod 12623 0x000001acd04e5790 code [0x000001acd04e5960, 0x000001acd04e5d58]
Event: 16.995 Thread 0x000001ace800fad0 12621       2       org.eclipse.jdt.apt.core.internal.generatedfile.GeneratedResourceChangeListener$PostChangeVisitor::visit (56 bytes)
Event: 16.995 Thread 0x000001ace800fad0 nmethod 12621 0x000001acd04e5e90 code [0x000001acd04e60a0, 0x000001acd04e63d0]
Event: 16.995 Thread 0x000001ace800fad0 12625       2       org.eclipse.core.internal.events.ResourceDelta::getResource (103 bytes)
Event: 16.996 Thread 0x000001ace800fad0 nmethod 12625 0x000001acd04e6610 code [0x000001acd04e68a0, 0x000001acd04e6fe8]
Event: 16.996 Thread 0x000001ace800fad0 12626   !   2       org.eclipse.jdt.internal.core.DeltaProcessor::checkProjectsAndClasspathChanges (1046 bytes)
Event: 17.002 Thread 0x000001ace800fad0 nmethod 12626 0x000001acd04e7590 code [0x000001acd04e7e60, 0x000001acd04eb318]
Event: 17.003 Thread 0x000001ace800fad0 12629 %     3       org.eclipse.jdt.internal.core.ClasspathEntry::resolveDotDot @ 194 (271 bytes)
Event: 17.005 Thread 0x000001ace800fad0 nmethod 12629% 0x000001acd04ed990 code [0x000001acd04edd60, 0x000001acd04ef6f0]
Event: 17.005 Thread 0x000001ace800fad0 12630       3       org.eclipse.core.internal.events.ResourceDelta::isHidden (38 bytes)
Event: 17.005 Thread 0x000001ace800fad0 nmethod 12630 0x000001acd04f0110 code [0x000001acd04f02e0, 0x000001acd04f06d8]
Event: 17.005 Thread 0x000001ace800fad0 12624       1       org.eclipse.core.internal.events.ResourceDeltaInfo::getWorkspace (5 bytes)
Event: 17.005 Thread 0x000001ace800fad0 nmethod 12624 0x000001acd6a37110 code [0x000001acd6a372a0, 0x000001acd6a37368]
Event: 17.005 Thread 0x000001ace800fad0 12631       2       org.eclipse.jdt.internal.core.ExternalFoldersManager::isInternalPathForExternalFolder (13 bytes)
Event: 17.005 Thread 0x000001ace800fad0 nmethod 12631 0x000001acd04f0810 code [0x000001acd04f09c0, 0x000001acd04f0b58]
Event: 17.005 Thread 0x000001ace800fad0 12628       2       org.eclipse.jdt.internal.core.DeltaProcessor::rootInfo (39 bytes)
Event: 17.005 Thread 0x000001ace800fad0 nmethod 12628 0x000001acd04f0c90 code [0x000001acd04f0e60, 0x000001acd04f1078]
Event: 17.024 Thread 0x000001ace800fad0 12633 %     3       org.lombokweb.asm.ClassReader::readCode @ 2037 (5117 bytes)

GC Heap History (20 events):
Event: 16.352 GC heap before
{Heap before GC invocations=362 (full 2):
 PSYoungGen      total 7680K, used 6752K [0x00000000d5580000, 0x00000000d5e00000, 0x0000000100000000)
  eden space 6144K, 100% used [0x00000000d5580000,0x00000000d5b80000,0x00000000d5b80000)
  from space 1536K, 39% used [0x00000000d5b80000,0x00000000d5c18000,0x00000000d5d00000)
  to   space 1024K, 0% used [0x00000000d5d00000,0x00000000d5d00000,0x00000000d5e00000)
 ParOldGen       total 379904K, used 379468K [0x0000000080000000, 0x0000000097300000, 0x00000000d5580000)
  object space 379904K, 99% used [0x0000000080000000,0x0000000097293300,0x0000000097300000)
 Metaspace       used 59512K, committed 60800K, reserved 1114112K
  class space    used 5967K, committed 6592K, reserved 1048576K
}
Event: 16.353 GC heap after
{Heap after GC invocations=362 (full 2):
 PSYoungGen      total 7168K, used 608K [0x00000000d5580000, 0x00000000d5e00000, 0x0000000100000000)
  eden space 6144K, 0% used [0x00000000d5580000,0x00000000d5580000,0x00000000d5b80000)
  from space 1024K, 59% used [0x00000000d5d00000,0x00000000d5d98000,0x00000000d5e00000)
  to   space 1024K, 0% used [0x00000000d5c00000,0x00000000d5c00000,0x00000000d5d00000)
 ParOldGen       total 380416K, used 379948K [0x0000000080000000, 0x0000000097380000, 0x00000000d5580000)
  object space 380416K, 99% used [0x0000000080000000,0x000000009730b300,0x0000000097380000)
 Metaspace       used 59512K, committed 60800K, reserved 1114112K
  class space    used 5967K, committed 6592K, reserved 1048576K
}
Event: 16.403 GC heap before
{Heap before GC invocations=363 (full 2):
 PSYoungGen      total 7168K, used 6752K [0x00000000d5580000, 0x00000000d5e00000, 0x0000000100000000)
  eden space 6144K, 100% used [0x00000000d5580000,0x00000000d5b80000,0x00000000d5b80000)
  from space 1024K, 59% used [0x00000000d5d00000,0x00000000d5d98000,0x00000000d5e00000)
  to   space 1024K, 0% used [0x00000000d5c00000,0x00000000d5c00000,0x00000000d5d00000)
 ParOldGen       total 380416K, used 379948K [0x0000000080000000, 0x0000000097380000, 0x00000000d5580000)
  object space 380416K, 99% used [0x0000000080000000,0x000000009730b300,0x0000000097380000)
 Metaspace       used 59544K, committed 60864K, reserved 1114112K
  class space    used 5967K, committed 6592K, reserved 1048576K
}
Event: 16.404 GC heap after
{Heap after GC invocations=363 (full 2):
 PSYoungGen      total 7168K, used 640K [0x00000000d5580000, 0x00000000d5d80000, 0x0000000100000000)
  eden space 6144K, 0% used [0x00000000d5580000,0x00000000d5580000,0x00000000d5b80000)
  from space 1024K, 62% used [0x00000000d5c00000,0x00000000d5ca0000,0x00000000d5d00000)
  to   space 512K, 0% used [0x00000000d5d00000,0x00000000d5d00000,0x00000000d5d80000)
 ParOldGen       total 380928K, used 380428K [0x0000000080000000, 0x0000000097400000, 0x00000000d5580000)
  object space 380928K, 99% used [0x0000000080000000,0x0000000097383300,0x0000000097400000)
 Metaspace       used 59544K, committed 60864K, reserved 1114112K
  class space    used 5967K, committed 6592K, reserved 1048576K
}
Event: 16.449 GC heap before
{Heap before GC invocations=364 (full 2):
 PSYoungGen      total 7168K, used 6784K [0x00000000d5580000, 0x00000000d5d80000, 0x0000000100000000)
  eden space 6144K, 100% used [0x00000000d5580000,0x00000000d5b80000,0x00000000d5b80000)
  from space 1024K, 62% used [0x00000000d5c00000,0x00000000d5ca0000,0x00000000d5d00000)
  to   space 512K, 0% used [0x00000000d5d00000,0x00000000d5d00000,0x00000000d5d80000)
 ParOldGen       total 380928K, used 380428K [0x0000000080000000, 0x0000000097400000, 0x00000000d5580000)
  object space 380928K, 99% used [0x0000000080000000,0x0000000097383300,0x0000000097400000)
 Metaspace       used 59570K, committed 60928K, reserved 1114112K
  class space    used 5967K, committed 6592K, reserved 1048576K
}
Event: 16.451 GC heap after
{Heap after GC invocations=364 (full 2):
 PSYoungGen      total 6656K, used 512K [0x00000000d5580000, 0x00000000d5e80000, 0x0000000100000000)
  eden space 6144K, 0% used [0x00000000d5580000,0x00000000d5580000,0x00000000d5b80000)
  from space 512K, 100% used [0x00000000d5d00000,0x00000000d5d80000,0x00000000d5d80000)
  to   space 1536K, 0% used [0x00000000d5b80000,0x00000000d5b80000,0x00000000d5d00000)
 ParOldGen       total 380928K, used 380924K [0x0000000080000000, 0x0000000097400000, 0x00000000d5580000)
  object space 380928K, 99% used [0x0000000080000000,0x00000000973ff300,0x0000000097400000)
 Metaspace       used 59570K, committed 60928K, reserved 1114112K
  class space    used 5967K, committed 6592K, reserved 1048576K
}
Event: 16.492 GC heap before
{Heap before GC invocations=365 (full 2):
 PSYoungGen      total 6656K, used 6656K [0x00000000d5580000, 0x00000000d5e80000, 0x0000000100000000)
  eden space 6144K, 100% used [0x00000000d5580000,0x00000000d5b80000,0x00000000d5b80000)
  from space 512K, 100% used [0x00000000d5d00000,0x00000000d5d80000,0x00000000d5d80000)
  to   space 1536K, 0% used [0x00000000d5b80000,0x00000000d5b80000,0x00000000d5d00000)
 ParOldGen       total 380928K, used 380924K [0x0000000080000000, 0x0000000097400000, 0x00000000d5580000)
  object space 380928K, 99% used [0x0000000080000000,0x00000000973ff300,0x0000000097400000)
 Metaspace       used 59576K, committed 60928K, reserved 1114112K
  class space    used 5967K, committed 6592K, reserved 1048576K
}
Event: 16.493 GC heap after
{Heap after GC invocations=365 (full 2):
 PSYoungGen      total 7168K, used 832K [0x00000000d5580000, 0x00000000d5d80000, 0x0000000100000000)
  eden space 6144K, 0% used [0x00000000d5580000,0x00000000d5580000,0x00000000d5b80000)
  from space 1024K, 81% used [0x00000000d5b80000,0x00000000d5c50000,0x00000000d5c80000)
  to   space 1024K, 0% used [0x00000000d5c80000,0x00000000d5c80000,0x00000000d5d80000)
 ParOldGen       total 381440K, used 381380K [0x0000000080000000, 0x0000000097480000, 0x00000000d5580000)
  object space 381440K, 99% used [0x0000000080000000,0x0000000097471300,0x0000000097480000)
 Metaspace       used 59576K, committed 60928K, reserved 1114112K
  class space    used 5967K, committed 6592K, reserved 1048576K
}
Event: 16.553 GC heap before
{Heap before GC invocations=366 (full 2):
 PSYoungGen      total 7168K, used 6976K [0x00000000d5580000, 0x00000000d5d80000, 0x0000000100000000)
  eden space 6144K, 100% used [0x00000000d5580000,0x00000000d5b80000,0x00000000d5b80000)
  from space 1024K, 81% used [0x00000000d5b80000,0x00000000d5c50000,0x00000000d5c80000)
  to   space 1024K, 0% used [0x00000000d5c80000,0x00000000d5c80000,0x00000000d5d80000)
 ParOldGen       total 381440K, used 381380K [0x0000000080000000, 0x0000000097480000, 0x00000000d5580000)
  object space 381440K, 99% used [0x0000000080000000,0x0000000097471300,0x0000000097480000)
 Metaspace       used 59601K, committed 60928K, reserved 1114112K
  class space    used 5967K, committed 6592K, reserved 1048576K
}
Event: 16.555 GC heap after
{Heap after GC invocations=366 (full 2):
 PSYoungGen      total 7168K, used 952K [0x00000000d5580000, 0x00000000d5d80000, 0x0000000100000000)
  eden space 6144K, 0% used [0x00000000d5580000,0x00000000d5580000,0x00000000d5b80000)
  from space 1024K, 92% used [0x00000000d5c80000,0x00000000d5d6e008,0x00000000d5d80000)
  to   space 1024K, 0% used [0x00000000d5b80000,0x00000000d5b80000,0x00000000d5c80000)
 ParOldGen       total 381952K, used 381940K [0x0000000080000000, 0x0000000097500000, 0x00000000d5580000)
  object space 381952K, 99% used [0x0000000080000000,0x00000000974fd300,0x0000000097500000)
 Metaspace       used 59601K, committed 60928K, reserved 1114112K
  class space    used 5967K, committed 6592K, reserved 1048576K
}
Event: 16.648 GC heap before
{Heap before GC invocations=367 (full 2):
 PSYoungGen      total 7168K, used 7096K [0x00000000d5580000, 0x00000000d5d80000, 0x0000000100000000)
  eden space 6144K, 100% used [0x00000000d5580000,0x00000000d5b80000,0x00000000d5b80000)
  from space 1024K, 92% used [0x00000000d5c80000,0x00000000d5d6e008,0x00000000d5d80000)
  to   space 1024K, 0% used [0x00000000d5b80000,0x00000000d5b80000,0x00000000d5c80000)
 ParOldGen       total 381952K, used 381940K [0x0000000080000000, 0x0000000097500000, 0x00000000d5580000)
  object space 381952K, 99% used [0x0000000080000000,0x00000000974fd300,0x0000000097500000)
 Metaspace       used 59650K, committed 61056K, reserved 1114112K
  class space    used 5969K, committed 6592K, reserved 1048576K
}
Event: 16.650 GC heap after
{Heap after GC invocations=367 (full 2):
 PSYoungGen      total 7168K, used 1009K [0x00000000d5580000, 0x00000000d6080000, 0x0000000100000000)
  eden space 6144K, 0% used [0x00000000d5580000,0x00000000d5580000,0x00000000d5b80000)
  from space 1024K, 98% used [0x00000000d5b80000,0x00000000d5c7c610,0x00000000d5c80000)
  to   space 2560K, 0% used [0x00000000d5e00000,0x00000000d5e00000,0x00000000d6080000)
 ParOldGen       total 382976K, used 382876K [0x0000000080000000, 0x0000000097600000, 0x00000000d5580000)
  object space 382976K, 99% used [0x0000000080000000,0x00000000975e7308,0x0000000097600000)
 Metaspace       used 59650K, committed 61056K, reserved 1114112K
  class space    used 5969K, committed 6592K, reserved 1048576K
}
Event: 16.877 GC heap before
{Heap before GC invocations=368 (full 2):
 PSYoungGen      total 7168K, used 7153K [0x00000000d5580000, 0x00000000d6080000, 0x0000000100000000)
  eden space 6144K, 99% used [0x00000000d5580000,0x00000000d5b7ff90,0x00000000d5b80000)
  from space 1024K, 98% used [0x00000000d5b80000,0x00000000d5c7c610,0x00000000d5c80000)
  to   space 2560K, 0% used [0x00000000d5e00000,0x00000000d5e00000,0x00000000d6080000)
 ParOldGen       total 382976K, used 382876K [0x0000000080000000, 0x0000000097600000, 0x00000000d5580000)
  object space 382976K, 99% used [0x0000000080000000,0x00000000975e7308,0x0000000097600000)
 Metaspace       used 59692K, committed 61056K, reserved 1114112K
  class space    used 5970K, committed 6592K, reserved 1048576K
}
Event: 16.878 GC heap after
{Heap after GC invocations=368 (full 2):
 PSYoungGen      total 6656K, used 384K [0x00000000d5580000, 0x00000000d5e80000, 0x0000000100000000)
  eden space 6144K, 0% used [0x00000000d5580000,0x00000000d5580000,0x00000000d5b80000)
  from space 512K, 75% used [0x00000000d5e00000,0x00000000d5e60000,0x00000000d5e80000)
  to   space 1024K, 0% used [0x00000000d5c80000,0x00000000d5c80000,0x00000000d5d80000)
 ParOldGen       total 383488K, used 383188K [0x0000000080000000, 0x0000000097680000, 0x00000000d5580000)
  object space 383488K, 99% used [0x0000000080000000,0x0000000097635318,0x0000000097680000)
 Metaspace       used 59692K, committed 61056K, reserved 1114112K
  class space    used 5970K, committed 6592K, reserved 1048576K
}
Event: 16.926 GC heap before
{Heap before GC invocations=369 (full 2):
 PSYoungGen      total 6656K, used 6528K [0x00000000d5580000, 0x00000000d5e80000, 0x0000000100000000)
  eden space 6144K, 100% used [0x00000000d5580000,0x00000000d5b80000,0x00000000d5b80000)
  from space 512K, 75% used [0x00000000d5e00000,0x00000000d5e60000,0x00000000d5e80000)
  to   space 1024K, 0% used [0x00000000d5c80000,0x00000000d5c80000,0x00000000d5d80000)
 ParOldGen       total 383488K, used 383188K [0x0000000080000000, 0x0000000097680000, 0x00000000d5580000)
  object space 383488K, 99% used [0x0000000080000000,0x0000000097635318,0x0000000097680000)
 Metaspace       used 59697K, committed 61056K, reserved 1114112K
  class space    used 5970K, committed 6592K, reserved 1048576K
}
Event: 16.927 GC heap after
{Heap after GC invocations=369 (full 2):
 PSYoungGen      total 7168K, used 736K [0x00000000d5580000, 0x00000000d5e80000, 0x0000000100000000)
  eden space 6144K, 0% used [0x00000000d5580000,0x00000000d5580000,0x00000000d5b80000)
  from space 1024K, 71% used [0x00000000d5c80000,0x00000000d5d38000,0x00000000d5d80000)
  to   space 1024K, 0% used [0x00000000d5d80000,0x00000000d5d80000,0x00000000d5e80000)
 ParOldGen       total 383488K, used 383300K [0x0000000080000000, 0x0000000097680000, 0x00000000d5580000)
  object space 383488K, 99% used [0x0000000080000000,0x0000000097651318,0x0000000097680000)
 Metaspace       used 59697K, committed 61056K, reserved 1114112K
  class space    used 5970K, committed 6592K, reserved 1048576K
}
Event: 16.948 GC heap before
{Heap before GC invocations=370 (full 2):
 PSYoungGen      total 7168K, used 6880K [0x00000000d5580000, 0x00000000d5e80000, 0x0000000100000000)
  eden space 6144K, 100% used [0x00000000d5580000,0x00000000d5b80000,0x00000000d5b80000)
  from space 1024K, 71% used [0x00000000d5c80000,0x00000000d5d38000,0x00000000d5d80000)
  to   space 1024K, 0% used [0x00000000d5d80000,0x00000000d5d80000,0x00000000d5e80000)
 ParOldGen       total 383488K, used 383300K [0x0000000080000000, 0x0000000097680000, 0x00000000d5580000)
  object space 383488K, 99% used [0x0000000080000000,0x0000000097651318,0x0000000097680000)
 Metaspace       used 59697K, committed 61056K, reserved 1114112K
  class space    used 5970K, committed 6592K, reserved 1048576K
}
Event: 16.949 GC heap after
{Heap after GC invocations=370 (full 2):
 PSYoungGen      total 7168K, used 667K [0x00000000d5580000, 0x00000000d5e80000, 0x0000000100000000)
  eden space 6144K, 0% used [0x00000000d5580000,0x00000000d5580000,0x00000000d5b80000)
  from space 1024K, 65% used [0x00000000d5d80000,0x00000000d5e26c08,0x00000000d5e80000)
  to   space 1024K, 0% used [0x00000000d5c80000,0x00000000d5c80000,0x00000000d5d80000)
 ParOldGen       total 384000K, used 383870K [0x0000000080000000, 0x0000000097700000, 0x00000000d5580000)
  object space 384000K, 99% used [0x0000000080000000,0x00000000976df990,0x0000000097700000)
 Metaspace       used 59697K, committed 61056K, reserved 1114112K
  class space    used 5970K, committed 6592K, reserved 1048576K
}
Event: 17.017 GC heap before
{Heap before GC invocations=371 (full 2):
 PSYoungGen      total 7168K, used 6811K [0x00000000d5580000, 0x00000000d5e80000, 0x0000000100000000)
  eden space 6144K, 100% used [0x00000000d5580000,0x00000000d5b80000,0x00000000d5b80000)
  from space 1024K, 65% used [0x00000000d5d80000,0x00000000d5e26c08,0x00000000d5e80000)
  to   space 1024K, 0% used [0x00000000d5c80000,0x00000000d5c80000,0x00000000d5d80000)
 ParOldGen       total 384000K, used 383870K [0x0000000080000000, 0x0000000097700000, 0x00000000d5580000)
  object space 384000K, 99% used [0x0000000080000000,0x00000000976df990,0x0000000097700000)
 Metaspace       used 59795K, committed 61120K, reserved 1114112K
  class space    used 5985K, committed 6592K, reserved 1048576K
}
Event: 17.019 GC heap after
{Heap after GC invocations=371 (full 2):
 PSYoungGen      total 7168K, used 637K [0x00000000d5580000, 0x00000000d5e00000, 0x0000000100000000)
  eden space 6144K, 0% used [0x00000000d5580000,0x00000000d5580000,0x00000000d5b80000)
  from space 1024K, 62% used [0x00000000d5c80000,0x00000000d5d1f438,0x00000000d5d80000)
  to   space 512K, 0% used [0x00000000d5d80000,0x00000000d5d80000,0x00000000d5e00000)
 ParOldGen       total 386048K, used 385620K [0x0000000080000000, 0x0000000097900000, 0x00000000d5580000)
  object space 386048K, 99% used [0x0000000080000000,0x0000000097895200,0x0000000097900000)
 Metaspace       used 59795K, committed 61120K, reserved 1114112K
  class space    used 5985K, committed 6592K, reserved 1048576K
}

Dll operation events (10 events):
Event: 0.024 Loaded shared library c:\Users\nitin\.vscode\extensions\redhat.java-1.43.0-win32-x64\jre\21.0.7-win32-x86_64\bin\java.dll
Event: 0.150 Loaded shared library c:\Users\nitin\.vscode\extensions\redhat.java-1.43.0-win32-x64\jre\21.0.7-win32-x86_64\bin\zip.dll
Event: 0.188 Loaded shared library C:\Users\nitin\.vscode\extensions\redhat.java-1.43.0-win32-x64\jre\21.0.7-win32-x86_64\bin\instrument.dll
Event: 0.195 Loaded shared library C:\Users\nitin\.vscode\extensions\redhat.java-1.43.0-win32-x64\jre\21.0.7-win32-x86_64\bin\net.dll
Event: 0.198 Loaded shared library C:\Users\nitin\.vscode\extensions\redhat.java-1.43.0-win32-x64\jre\21.0.7-win32-x86_64\bin\nio.dll
Event: 0.203 Loaded shared library C:\Users\nitin\.vscode\extensions\redhat.java-1.43.0-win32-x64\jre\21.0.7-win32-x86_64\bin\zip.dll
Event: 0.227 Loaded shared library C:\Users\nitin\.vscode\extensions\redhat.java-1.43.0-win32-x64\jre\21.0.7-win32-x86_64\bin\jimage.dll
Event: 0.375 Loaded shared library c:\Users\nitin\.vscode\extensions\redhat.java-1.43.0-win32-x64\jre\21.0.7-win32-x86_64\bin\verify.dll
Event: 2.496 Loaded shared library C:\Users\nitin\AppData\Roaming\Code\User\globalStorage\redhat.java\1.43.0\config_win\org.eclipse.equinox.launcher\org.eclipse.equinox.launcher.win32.win32.x86_64_1.2.1300.v20250331-1702\eclipse_11911.dll
Event: 5.256 Loaded shared library C:\Users\nitin\AppData\Local\Temp\jna-104830206\jna6955294889609035306.dll

Deoptimization events (20 events):
Event: 16.944 Thread 0x000001ace91ec580 DEOPT PACKING pc=0x000001accf6249ef sp=0x00000089678fe760
Event: 16.944 Thread 0x000001ace91ec580 DEOPT UNPACKING pc=0x000001acd5e54242 sp=0x00000089678fdbe8 mode 0
Event: 16.955 Thread 0x000001ace91ec580 DEOPT PACKING pc=0x000001acd04a568b sp=0x00000089678feb40
Event: 16.955 Thread 0x000001ace91ec580 DEOPT UNPACKING pc=0x000001acd5e54242 sp=0x00000089678fe008 mode 0
Event: 16.956 Thread 0x000001ace91ec580 DEOPT PACKING pc=0x000001acd04a568b sp=0x00000089678feb40
Event: 16.956 Thread 0x000001ace91ec580 DEOPT UNPACKING pc=0x000001acd5e54242 sp=0x00000089678fe008 mode 0
Event: 16.957 Thread 0x000001ace91ec580 DEOPT PACKING pc=0x000001acd04a568b sp=0x00000089678feb40
Event: 16.957 Thread 0x000001ace91ec580 DEOPT UNPACKING pc=0x000001acd5e54242 sp=0x00000089678fe008 mode 0
Event: 17.016 Thread 0x000001ace91ec580 DEOPT PACKING pc=0x000001accf6249ef sp=0x00000089678fe740
Event: 17.016 Thread 0x000001ace91ec580 DEOPT UNPACKING pc=0x000001acd5e54242 sp=0x00000089678fdbc8 mode 0
Event: 17.031 Thread 0x000001ace91ec580 DEOPT PACKING pc=0x000001accf6249ef sp=0x00000089678fe690
Event: 17.031 Thread 0x000001ace91ec580 DEOPT UNPACKING pc=0x000001acd5e54242 sp=0x00000089678fdb18 mode 0
Event: 17.035 Thread 0x000001ace91ec580 Uncommon trap: trap_request=0xffffff45 fr.pc=0x000001acd6936854 relative=0x00000000000010f4
Event: 17.035 Thread 0x000001ace91ec580 Uncommon trap: reason=unstable_if action=reinterpret pc=0x000001acd6936854 method=org.eclipse.jdt.internal.compiler.classfmt.FieldInfo.createField([B[IIJ)Lorg/eclipse/jdt/internal/compiler/classfmt/FieldInfo; @ 254 c2
Event: 17.035 Thread 0x000001ace91ec580 DEOPT PACKING pc=0x000001acd6936854 sp=0x00000089678fe7d0
Event: 17.035 Thread 0x000001ace91ec580 DEOPT UNPACKING pc=0x000001acd5e53aa2 sp=0x00000089678fe738 mode 2
Event: 17.037 Thread 0x000001ace91ec580 Uncommon trap: trap_request=0xffffff45 fr.pc=0x000001acd6a00fc8 relative=0x0000000000000768
Event: 17.037 Thread 0x000001ace91ec580 Uncommon trap: reason=unstable_if action=reinterpret pc=0x000001acd6a00fc8 method=org.eclipse.jdt.internal.compiler.classfmt.MethodInfo.decodeMethodAnnotations(IZLorg/eclipse/jdt/internal/compiler/classfmt/MethodInfo;)[Lorg/eclipse/jdt/internal/compiler/c
Event: 17.037 Thread 0x000001ace91ec580 DEOPT PACKING pc=0x000001acd6a00fc8 sp=0x00000089678fe720
Event: 17.037 Thread 0x000001ace91ec580 DEOPT UNPACKING pc=0x000001acd5e53aa2 sp=0x00000089678fe6b8 mode 2

Classes loaded (20 events):
Event: 15.467 Loading class jdk/internal/math/FDBigInteger
Event: 15.468 Loading class jdk/internal/math/FDBigInteger done
Event: 16.175 Loading class java/util/TreeMap$AscendingSubMap
Event: 16.176 Loading class java/util/TreeMap$NavigableSubMap
Event: 16.176 Loading class java/util/TreeMap$NavigableSubMap done
Event: 16.176 Loading class java/util/TreeMap$AscendingSubMap done
Event: 16.177 Loading class java/util/TreeMap$AscendingSubMap$AscendingEntrySetView
Event: 16.177 Loading class java/util/TreeMap$NavigableSubMap$EntrySetView
Event: 16.177 Loading class java/util/TreeMap$NavigableSubMap$EntrySetView done
Event: 16.177 Loading class java/util/TreeMap$AscendingSubMap$AscendingEntrySetView done
Event: 16.177 Loading class java/util/TreeMap$NavigableSubMap$SubMapEntryIterator
Event: 16.177 Loading class java/util/TreeMap$NavigableSubMap$SubMapIterator
Event: 16.177 Loading class java/util/TreeMap$NavigableSubMap$SubMapIterator done
Event: 16.177 Loading class java/util/TreeMap$NavigableSubMap$SubMapEntryIterator done
Event: 16.180 Loading class java/util/regex/PatternSyntaxException
Event: 16.180 Loading class java/util/regex/PatternSyntaxException done
Event: 16.183 Loading class java/util/ImmutableCollections$SubList
Event: 16.184 Loading class java/util/ImmutableCollections$SubList done
Event: 16.805 Loading class sun/nio/fs/WindowsFileCopy
Event: 16.816 Loading class sun/nio/fs/WindowsFileCopy done

Classes unloaded (7 events):
Event: 6.530 Thread 0x000001accb79e9b0 Unloading class 0x000001ac811a5000 'java/lang/invoke/LambdaForm$MH+0x000001ac811a5000'
Event: 6.530 Thread 0x000001accb79e9b0 Unloading class 0x000001ac811a4c00 'java/lang/invoke/LambdaForm$MH+0x000001ac811a4c00'
Event: 6.530 Thread 0x000001accb79e9b0 Unloading class 0x000001ac811a4800 'java/lang/invoke/LambdaForm$MH+0x000001ac811a4800'
Event: 6.530 Thread 0x000001accb79e9b0 Unloading class 0x000001ac811a4400 'java/lang/invoke/LambdaForm$MH+0x000001ac811a4400'
Event: 6.530 Thread 0x000001accb79e9b0 Unloading class 0x000001ac811a4000 'java/lang/invoke/LambdaForm$BMH+0x000001ac811a4000'
Event: 6.530 Thread 0x000001accb79e9b0 Unloading class 0x000001ac811a3c00 'java/lang/invoke/LambdaForm$DMH+0x000001ac811a3c00'
Event: 6.530 Thread 0x000001accb79e9b0 Unloading class 0x000001ac811a2800 'java/lang/invoke/LambdaForm$DMH+0x000001ac811a2800'

Classes redefined (0 events):
No events

Internal exceptions (20 events):
Event: 16.944 Thread 0x000001ace91ed2a0 Exception <a 'sun/nio/fs/WindowsException'{0x00000000d59e51c0}> (0x00000000d59e51c0) 
thrown [s\src\hotspot\share\prims\jni.cpp, line 520]
Event: 16.951 Thread 0x000001ace91ed2a0 Exception <a 'sun/nio/fs/WindowsException'{0x00000000d558a5f0}> (0x00000000d558a5f0) 
thrown [s\src\hotspot\share\prims\jni.cpp, line 520]
Event: 16.956 Thread 0x000001ace91ed2a0 Exception <a 'sun/nio/fs/WindowsException'{0x00000000d5699758}> (0x00000000d5699758) 
thrown [s\src\hotspot\share\prims\jni.cpp, line 520]
Event: 16.961 Thread 0x000001ace91ed2a0 Exception <a 'sun/nio/fs/WindowsException'{0x00000000d56fede0}> (0x00000000d56fede0) 
thrown [s\src\hotspot\share\prims\jni.cpp, line 520]
Event: 16.966 Thread 0x000001ace91ed2a0 Exception <a 'sun/nio/fs/WindowsException'{0x00000000d57216b0}> (0x00000000d57216b0) 
thrown [s\src\hotspot\share\prims\jni.cpp, line 520]
Event: 16.971 Thread 0x000001ace91ed2a0 Exception <a 'sun/nio/fs/WindowsException'{0x00000000d573ef88}> (0x00000000d573ef88) 
thrown [s\src\hotspot\share\prims\jni.cpp, line 520]
Event: 16.972 Thread 0x000001ace91ed2a0 Exception <a 'sun/nio/fs/WindowsException'{0x00000000d573f5b8}> (0x00000000d573f5b8) 
thrown [s\src\hotspot\share\prims\jni.cpp, line 520]
Event: 16.972 Thread 0x000001ace91ed2a0 Exception <a 'sun/nio/fs/WindowsException'{0x00000000d573ff60}> (0x00000000d573ff60) 
thrown [s\src\hotspot\share\prims\jni.cpp, line 520]
Event: 16.972 Thread 0x000001ace91ed2a0 Exception <a 'sun/nio/fs/WindowsException'{0x00000000d57407d8}> (0x00000000d57407d8) 
thrown [s\src\hotspot\share\prims\jni.cpp, line 520]
Event: 16.992 Thread 0x000001ace91ec580 Exception <a 'sun/nio/fs/WindowsException'{0x00000000d56dee58}> (0x00000000d56dee58) 
thrown [s\src\hotspot\share\prims\jni.cpp, line 520]
Event: 16.997 Thread 0x000001ace91ed2a0 Exception <a 'sun/nio/fs/WindowsException'{0x00000000d58cfec0}> (0x00000000d58cfec0) 
thrown [s\src\hotspot\share\prims\jni.cpp, line 520]
Event: 16.997 Thread 0x000001ace91ed2a0 Exception <a 'sun/nio/fs/WindowsException'{0x00000000d58d07a0}> (0x00000000d58d07a0) 
thrown [s\src\hotspot\share\prims\jni.cpp, line 520]
Event: 16.999 Thread 0x000001ace91ed2a0 Exception <a 'sun/nio/fs/WindowsException'{0x00000000d58d29c8}> (0x00000000d58d29c8) 
thrown [s\src\hotspot\share\prims\jni.cpp, line 520]
Event: 16.999 Thread 0x000001ace91ed2a0 Exception <a 'sun/nio/fs/WindowsException'{0x00000000d58d32a8}> (0x00000000d58d32a8) 
thrown [s\src\hotspot\share\prims\jni.cpp, line 520]
Event: 17.000 Thread 0x000001ace91ed2a0 Exception <a 'sun/nio/fs/WindowsException'{0x00000000d58dbd98}> (0x00000000d58dbd98) 
thrown [s\src\hotspot\share\prims\jni.cpp, line 520]
Event: 17.000 Thread 0x000001ace91ed2a0 Exception <a 'sun/nio/fs/WindowsException'{0x00000000d58dc678}> (0x00000000d58dc678) 
thrown [s\src\hotspot\share\prims\jni.cpp, line 520]
Event: 17.001 Thread 0x000001ace91ed2a0 Exception <a 'sun/nio/fs/WindowsException'{0x00000000d58df5f8}> (0x00000000d58df5f8) 
thrown [s\src\hotspot\share\prims\jni.cpp, line 520]
Event: 17.001 Thread 0x000001ace91ed2a0 Exception <a 'sun/nio/fs/WindowsException'{0x00000000d58e0138}> (0x00000000d58e0138) 
thrown [s\src\hotspot\share\prims\jni.cpp, line 520]
Event: 17.001 Thread 0x000001ace91ed2a0 Exception <a 'sun/nio/fs/WindowsException'{0x00000000d58e2260}> (0x00000000d58e2260) 
thrown [s\src\hotspot\share\prims\jni.cpp, line 520]
Event: 17.002 Thread 0x000001ace91ed2a0 Exception <a 'sun/nio/fs/WindowsException'{0x00000000d58e2b40}> (0x00000000d58e2b40) 
thrown [s\src\hotspot\share\prims\jni.cpp, line 520]

ZGC Phase Switch (0 events):
No events

VM Operations (20 events):
Event: 16.595 Executing VM operation: HandshakeAllThreads (Deoptimize)
Event: 16.595 Executing VM operation: HandshakeAllThreads (Deoptimize) done
Event: 16.604 Executing VM operation: HandshakeAllThreads (Deoptimize)
Event: 16.605 Executing VM operation: HandshakeAllThreads (Deoptimize) done
Event: 16.648 Executing VM operation: ParallelGCFailedAllocation (Allocation Failure)
Event: 16.650 Executing VM operation: ParallelGCFailedAllocation (Allocation Failure) done
Event: 16.877 Executing VM operation: ParallelGCFailedAllocation (Allocation Failure)
Event: 16.878 Executing VM operation: ParallelGCFailedAllocation (Allocation Failure) done
Event: 16.926 Executing VM operation: ParallelGCFailedAllocation (Allocation Failure)
Event: 16.927 Executing VM operation: ParallelGCFailedAllocation (Allocation Failure) done
Event: 16.948 Executing VM operation: ParallelGCFailedAllocation (Allocation Failure)
Event: 16.949 Executing VM operation: ParallelGCFailedAllocation (Allocation Failure) done
Event: 17.010 Executing VM operation: HandshakeAllThreads (Deoptimize)
Event: 17.010 Executing VM operation: HandshakeAllThreads (Deoptimize) done
Event: 17.015 Executing VM operation: HandshakeAllThreads (Deoptimize)
Event: 17.015 Executing VM operation: HandshakeAllThreads (Deoptimize) done
Event: 17.017 Executing VM operation: ParallelGCFailedAllocation (Allocation Failure)
Event: 17.019 Executing VM operation: ParallelGCFailedAllocation (Allocation Failure) done
Event: 17.022 Executing VM operation: HandshakeAllThreads (Deoptimize)
Event: 17.022 Executing VM operation: HandshakeAllThreads (Deoptimize) done

Memory protections (0 events):
No events

Nmethod flushes (20 events):
Event: 7.665 Thread 0x000001accb79e9b0 flushing  nmethod 0x000001accef4ad90
Event: 7.665 Thread 0x000001accb79e9b0 flushing  nmethod 0x000001accef8bb10
Event: 7.665 Thread 0x000001accb79e9b0 flushing  nmethod 0x000001accefc5710
Event: 7.665 Thread 0x000001accb79e9b0 flushing  nmethod 0x000001accefc5b10
Event: 7.665 Thread 0x000001accb79e9b0 flushing  nmethod 0x000001accefc6410
Event: 7.665 Thread 0x000001accb79e9b0 flushing  nmethod 0x000001accefc7610
Event: 7.665 Thread 0x000001accb79e9b0 flushing  nmethod 0x000001accefc7e10
Event: 7.665 Thread 0x000001accb79e9b0 flushing  nmethod 0x000001accefc8590
Event: 7.665 Thread 0x000001accb79e9b0 flushing  nmethod 0x000001accefc9b10
Event: 7.665 Thread 0x000001accb79e9b0 flushing  nmethod 0x000001accefca010
Event: 7.665 Thread 0x000001accb79e9b0 flushing  nmethod 0x000001accefcb510
Event: 7.665 Thread 0x000001accb79e9b0 flushing  nmethod 0x000001accefcb990
Event: 7.665 Thread 0x000001accb79e9b0 flushing  nmethod 0x000001accefcc690
Event: 7.665 Thread 0x000001accb79e9b0 flushing  nmethod 0x000001accefce390
Event: 7.665 Thread 0x000001accb79e9b0 flushing  nmethod 0x000001accf00c110
Event: 7.665 Thread 0x000001accb79e9b0 flushing  nmethod 0x000001accf00ce90
Event: 7.665 Thread 0x000001accb79e9b0 flushing  nmethod 0x000001accf023710
Event: 7.665 Thread 0x000001accb79e9b0 flushing  nmethod 0x000001accf06ac10
Event: 7.665 Thread 0x000001accb79e9b0 flushing  nmethod 0x000001accf0aea10
Event: 7.665 Thread 0x000001accb79e9b0 flushing  nmethod 0x000001accf0cfc10

Events (20 events):
Event: 10.869 Thread 0x000001ace91ed2a0 Thread added: 0x000001aceb1bf030
Event: 10.869 Thread 0x000001ace91ed2a0 Thread added: 0x000001aceb1bf6c0
Event: 10.869 Thread 0x000001ace91ed2a0 Thread added: 0x000001ace8715a00
Event: 10.869 Thread 0x000001aceb1bf030 Thread added: 0x000001ace8717440
Event: 10.869 Thread 0x000001ace8715a00 Thread added: 0x000001ace8713fc0
Event: 10.869 Thread 0x000001ace8717440 Thread added: 0x000001ace8715370
Event: 10.870 Thread 0x000001aceb1bcf60 Thread added: 0x000001ace8714650
Event: 11.504 Thread 0x000001ace91ebef0 Thread exited: 0x000001ace91ebef0
Event: 13.177 Thread 0x000001ace91ed2a0 Thread added: 0x000001ace8718160
Event: 13.250 Thread 0x000001ace91ed2a0 Thread added: 0x000001ace8716720
Event: 13.277 Thread 0x000001ace91ed2a0 Thread added: 0x000001ace8717ad0
Event: 13.280 Thread 0x000001ace91ed2a0 Thread added: 0x000001ace8714ce0
Event: 13.285 Thread 0x000001ace91ed2a0 Thread added: 0x000001ace8719ba0
Event: 13.285 Thread 0x000001ace91ed2a0 Thread added: 0x000001ace8719510
Event: 13.304 Thread 0x000001ace91ed2a0 Thread added: 0x000001ace871a230
Event: 13.309 Thread 0x000001ace91ed2a0 Thread added: 0x000001ace87187f0
Event: 13.325 Thread 0x000001ace91ed2a0 Thread added: 0x000001ace871af50
Event: 13.333 Thread 0x000001ace91ed2a0 Thread added: 0x000001ace871a8c0
Event: 13.336 Thread 0x000001ace91ed2a0 Thread added: 0x000001ace871b5e0
Event: 15.297 Thread 0x000001ace800fad0 Thread added: 0x000001acece53e60


Dynamic libraries:
0x00007ff7bd660000 - 0x00007ff7bd66e000 	c:\Users\nitin\.vscode\extensions\redhat.java-1.43.0-win32-x64\jre\21.0.7-win32-x86_64\bin\java.exe
0x00007ff90b380000 - 0x00007ff90b5e5000 	C:\WINDOWS\SYSTEM32\ntdll.dll
0x00007ff90a400000 - 0x00007ff90a4c9000 	C:\WINDOWS\System32\KERNEL32.DLL
0x00007ff908bf0000 - 0x00007ff908fd8000 	C:\WINDOWS\System32\KERNELBASE.dll
0x00007ff908920000 - 0x00007ff908a6b000 	C:\WINDOWS\System32\ucrtbase.dll
0x00007ff8fae10000 - 0x00007ff8fae2e000 	c:\Users\nitin\.vscode\extensions\redhat.java-1.43.0-win32-x64\jre\21.0.7-win32-x86_64\bin\VCRUNTIME140.dll
0x00007ff8fd640000 - 0x00007ff8fd658000 	c:\Users\nitin\.vscode\extensions\redhat.java-1.43.0-win32-x64\jre\21.0.7-win32-x86_64\bin\jli.dll
0x00007ff90a0a0000 - 0x00007ff90a26a000 	C:\WINDOWS\System32\USER32.dll
0x00007ff9087c0000 - 0x00007ff9087e7000 	C:\WINDOWS\System32\win32u.dll
0x00007ff90a4d0000 - 0x00007ff90a4fb000 	C:\WINDOWS\System32\GDI32.dll
0x00007ff908fe0000 - 0x00007ff909117000 	C:\WINDOWS\System32\gdi32full.dll
0x00007ff9084d0000 - 0x00007ff908573000 	C:\WINDOWS\System32\msvcp_win.dll
0x00007ff8f1e10000 - 0x00007ff8f20aa000 	C:\WINDOWS\WinSxS\amd64_microsoft.windows.common-controls_6595b64144ccf1df_6.0.26100.4202_none_3e0698d4e335f517\COMCTL32.dll
0x00007ff90a640000 - 0x00007ff90a6e9000 	C:\WINDOWS\System32\msvcrt.dll
0x00007ff90a510000 - 0x00007ff90a540000 	C:\WINDOWS\System32\IMM32.DLL
0x00007ff8fd630000 - 0x00007ff8fd63c000 	c:\Users\nitin\.vscode\extensions\redhat.java-1.43.0-win32-x64\jre\21.0.7-win32-x86_64\bin\vcruntime140_1.dll
0x00007ff8db380000 - 0x00007ff8db40d000 	c:\Users\nitin\.vscode\extensions\redhat.java-1.43.0-win32-x64\jre\21.0.7-win32-x86_64\bin\msvcp140.dll
0x00007ff8acaf0000 - 0x00007ff8ad880000 	c:\Users\nitin\.vscode\extensions\redhat.java-1.43.0-win32-x64\jre\21.0.7-win32-x86_64\bin\server\jvm.dll
0x00007ff90a270000 - 0x00007ff90a323000 	C:\WINDOWS\System32\ADVAPI32.dll
0x00007ff90a340000 - 0x00007ff90a3e6000 	C:\WINDOWS\System32\sechost.dll
0x00007ff90b120000 - 0x00007ff90b235000 	C:\WINDOWS\System32\RPCRT4.dll
0x00007ff90a5c0000 - 0x00007ff90a634000 	C:\WINDOWS\System32\WS2_32.dll
0x00007ff908320000 - 0x00007ff90837e000 	C:\WINDOWS\SYSTEM32\POWRPROF.dll
0x00007ff900340000 - 0x00007ff900375000 	C:\WINDOWS\SYSTEM32\WINMM.dll
0x00007ff905c90000 - 0x00007ff905c9b000 	C:\WINDOWS\SYSTEM32\VERSION.dll
0x00007ff908300000 - 0x00007ff908314000 	C:\WINDOWS\SYSTEM32\UMPDC.dll
0x00007ff907290000 - 0x00007ff9072ab000 	C:\WINDOWS\SYSTEM32\kernel.appcore.dll
0x00007ff8fd290000 - 0x00007ff8fd29a000 	c:\Users\nitin\.vscode\extensions\redhat.java-1.43.0-win32-x64\jre\21.0.7-win32-x86_64\bin\jimage.dll
0x00007ff8fa300000 - 0x00007ff8fa541000 	C:\WINDOWS\SYSTEM32\DBGHELP.DLL
0x00007ff909900000 - 0x00007ff909c85000 	C:\WINDOWS\System32\combase.dll
0x00007ff90ae50000 - 0x00007ff90af31000 	C:\WINDOWS\System32\OLEAUT32.dll
0x00007ff8dd160000 - 0x00007ff8dd199000 	C:\WINDOWS\SYSTEM32\dbgcore.DLL
0x00007ff9087f0000 - 0x00007ff908889000 	C:\WINDOWS\System32\bcryptPrimitives.dll
0x00007ff8fac60000 - 0x00007ff8fac6f000 	c:\Users\nitin\.vscode\extensions\redhat.java-1.43.0-win32-x64\jre\21.0.7-win32-x86_64\bin\instrument.dll
0x00007ff8f6e40000 - 0x00007ff8f6e5f000 	c:\Users\nitin\.vscode\extensions\redhat.java-1.43.0-win32-x64\jre\21.0.7-win32-x86_64\bin\java.dll
0x00007ff90a700000 - 0x00007ff90ae42000 	C:\WINDOWS\System32\SHELL32.dll
0x00007ff908580000 - 0x00007ff9086f4000 	C:\WINDOWS\System32\wintypes.dll
0x00007ff906100000 - 0x00007ff906958000 	C:\WINDOWS\SYSTEM32\windows.storage.dll
0x00007ff909c90000 - 0x00007ff909d81000 	C:\WINDOWS\System32\SHCORE.dll
0x00007ff90a550000 - 0x00007ff90a5ba000 	C:\WINDOWS\System32\shlwapi.dll
0x00007ff9083e0000 - 0x00007ff90840f000 	C:\WINDOWS\SYSTEM32\profapi.dll
0x00007ff8f6ba0000 - 0x00007ff8f6bb8000 	c:\Users\nitin\.vscode\extensions\redhat.java-1.43.0-win32-x64\jre\21.0.7-win32-x86_64\bin\zip.dll
0x00007ff8fd070000 - 0x00007ff8fd080000 	C:\Users\nitin\.vscode\extensions\redhat.java-1.43.0-win32-x64\jre\21.0.7-win32-x86_64\bin\net.dll
0x00007ff8ffbc0000 - 0x00007ff8ffcde000 	C:\WINDOWS\SYSTEM32\WINHTTP.dll
0x00007ff907800000 - 0x00007ff90786a000 	C:\WINDOWS\system32\mswsock.dll
0x00007ff8f6b80000 - 0x00007ff8f6b96000 	C:\Users\nitin\.vscode\extensions\redhat.java-1.43.0-win32-x64\jre\21.0.7-win32-x86_64\bin\nio.dll
0x00007ff8fa040000 - 0x00007ff8fa050000 	c:\Users\nitin\.vscode\extensions\redhat.java-1.43.0-win32-x64\jre\21.0.7-win32-x86_64\bin\verify.dll
0x00007ff8d37b0000 - 0x00007ff8d37f5000 	C:\Users\nitin\AppData\Roaming\Code\User\globalStorage\redhat.java\1.43.0\config_win\org.eclipse.equinox.launcher\org.eclipse.equinox.launcher.win32.win32.x86_64_1.2.1300.v20250331-1702\eclipse_11911.dll
0x00007ff909120000 - 0x00007ff9092be000 	C:\WINDOWS\System32\ole32.dll
0x00007ff907ac0000 - 0x00007ff907adb000 	C:\WINDOWS\SYSTEM32\CRYPTSP.dll
0x00007ff9071f0000 - 0x00007ff90722a000 	C:\WINDOWS\system32\rsaenh.dll
0x00007ff9078a0000 - 0x00007ff9078cb000 	C:\WINDOWS\SYSTEM32\USERENV.dll
0x00007ff9083b0000 - 0x00007ff9083d6000 	C:\WINDOWS\SYSTEM32\bcrypt.dll
0x00007ff907ab0000 - 0x00007ff907abc000 	C:\WINDOWS\SYSTEM32\CRYPTBASE.dll
0x00007ff906c80000 - 0x00007ff906cb3000 	C:\WINDOWS\SYSTEM32\IPHLPAPI.DLL
0x00007ff90a330000 - 0x00007ff90a33a000 	C:\WINDOWS\System32\NSI.dll
0x00007ff8905e0000 - 0x00007ff890629000 	C:\Users\nitin\AppData\Local\Temp\jna-104830206\jna6955294889609035306.dll
0x00007ff90a3f0000 - 0x00007ff90a3f8000 	C:\WINDOWS\System32\PSAPI.DLL
0x00007ff900a00000 - 0x00007ff900a1f000 	C:\WINDOWS\SYSTEM32\dhcpcsvc6.DLL
0x00007ff9009d0000 - 0x00007ff9009f5000 	C:\WINDOWS\SYSTEM32\dhcpcsvc.DLL

dbghelp: loaded successfully - version: 4.0.5 - missing functions: none
symbol engine: initialized successfully - sym options: 0x614 - pdb path: .;c:\Users\nitin\.vscode\extensions\redhat.java-1.43.0-win32-x64\jre\21.0.7-win32-x86_64\bin;C:\WINDOWS\SYSTEM32;C:\WINDOWS\WinSxS\amd64_microsoft.windows.common-controls_6595b64144ccf1df_6.0.26100.4202_none_3e0698d4e335f517;c:\Users\nitin\.vscode\extensions\redhat.java-1.43.0-win32-x64\jre\21.0.7-win32-x86_64\bin\server;C:\Users\nitin\AppData\Roaming\Code\User\globalStorage\redhat.java\1.43.0\config_win\org.eclipse.equinox.launcher\org.eclipse.equinox.launcher.win32.win32.x86_64_1.2.1300.v20250331-1702;C:\Users\nitin\AppData\Local\Temp\jna-104830206

VM Arguments:
jvm_args: --add-modules=ALL-SYSTEM --add-opens=java.base/java.util=ALL-UNNAMED --add-opens=java.base/java.lang=ALL-UNNAMED --add-opens=java.base/sun.nio.fs=ALL-UNNAMED -Declipse.application=org.eclipse.jdt.ls.core.id1 -Dosgi.bundles.defaultStartLevel=4 -Declipse.product=org.eclipse.jdt.ls.core.product -Djava.import.generatesMetadataFilesAtProjectRoot=false -DDetectVMInstallationsJob.disabled=true -Dfile.encoding=utf8 -XX:+UseParallelGC -XX:GCTimeRatio=4 -XX:AdaptiveSizePolicyWeight=90 -Dsun.zip.disableMemoryMapping=true -Xmx2G -Xms100m -Xlog:disable -javaagent:c:\Users\nitin\.vscode\extensions\redhat.java-1.43.0-win32-x64\lombok\lombok-1.18.39-4050.jar -XX:+HeapDumpOnOutOfMemoryError -XX:HeapDumpPath=c:\Users\nitin\AppData\Roaming\Code\User\workspaceStorage\7f4dc5825104f6c4875692317e85a23f\redhat.java -Daether.dependencyCollector.impl=bf 
java_command: c:\Users\nitin\.vscode\extensions\redhat.java-1.43.0-win32-x64\server\plugins\org.eclipse.equinox.launcher_1.7.0.v20250519-0528.jar -configuration c:\Users\nitin\AppData\Roaming\Code\User\globalStorage\redhat.java\1.43.0\config_win -data c:\Users\nitin\AppData\Roaming\Code\User\workspaceStorage\7f4dc5825104f6c4875692317e85a23f\redhat.java\jdt_ws --pipe=\\.\pipe\lsp-3e9a75819e60d6f1fef3a7578d598bc7-sock
java_class_path (initial): c:\Users\nitin\.vscode\extensions\redhat.java-1.43.0-win32-x64\server\plugins\org.eclipse.equinox.launcher_1.7.0.v20250519-0528.jar
Launcher Type: SUN_STANDARD

[Global flags]
    uintx AdaptiveSizePolicyWeight                 = 90                                        {product} {command line}
     intx CICompilerCount                          = 4                                         {product} {ergonomic}
    uintx GCTimeRatio                              = 4                                         {product} {command line}
     bool HeapDumpOnOutOfMemoryError               = true                                   {manageable} {command line}
    ccstr HeapDumpPath                             = c:\Users\nitin\AppData\Roaming\Code\User\workspaceStorage\7f4dc5825104f6c4875692317e85a23f\redhat.java         {manageable} {command line}
   size_t InitialHeapSize                          = 104857600                                 {product} {command line}
   size_t MaxHeapSize                              = 2147483648                                {product} {command line}
   size_t MaxNewSize                               = 715653120                                 {product} {ergonomic}
   size_t MinHeapDeltaBytes                        = 524288                                    {product} {ergonomic}
   size_t MinHeapSize                              = 104857600                                 {product} {command line}
   size_t NewSize                                  = 34603008                                  {product} {ergonomic}
    uintx NonNMethodCodeHeapSize                   = 5839372                                {pd product} {ergonomic}
    uintx NonProfiledCodeHeapSize                  = 122909434                              {pd product} {ergonomic}
   size_t OldSize                                  = 70254592                                  {product} {ergonomic}
    uintx ProfiledCodeHeapSize                     = 122909434                              {pd product} {ergonomic}
    uintx ReservedCodeCacheSize                    = 251658240                              {pd product} {ergonomic}
     bool SegmentedCodeCache                       = true                                      {product} {ergonomic}
   size_t SoftMaxHeapSize                          = 2147483648                             {manageable} {ergonomic}
     bool UseCompressedOops                        = true                           {product lp64_product} {ergonomic}
     bool UseLargePagesIndividualAllocation        = false                                  {pd product} {ergonomic}
     bool UseParallelGC                            = true                                      {product} {command line}

Logging:
Log output configuration:
 #0: stdout all=off uptime,level,tags foldmultilines=false
 #1: stderr all=off uptime,level,tags foldmultilines=false

Environment Variables:
PATH=C:\Program Files\Common Files\Oracle\Java\javapath;C:\Windows\system32;C:\Windows;C:\Windows\System32\Wbem;C:\Windows\System32\WindowsPowerShell\v1.0\;C:\Windows\System32\OpenSSH\;C:\Program Files (x86)\NVIDIA Corporation\PhysX\Common;C:\Program Files\NVIDIA Corporation\NVIDIA NvDLISR;C:\Program Files\nodejs\;C:\WINDOWS\system32;C:\WINDOWS;C:\WINDOWS\System32\Wbem;C:\WINDOWS\System32\WindowsPowerShell\v1.0\;C:\WINDOWS\System32\OpenSSH\;C:\Users\nitin\AppData\Local\Android\Sdk\tools;C:\Users\nitin\AppData\Local\Android\Sdk\tools;C:\Users\nitin\AppData\Local\Microsoft\WindowsApps;C:\Users\nitin\AppData\Roaming\npm;C:\Users\nitin\AppData\Local\Programs\Microsoft VS Code\bin;C:\Users\nitin\AppData\Local\Android\Sdk\platform-tools;
USERNAME=nitin
OS=Windows_NT
PROCESSOR_IDENTIFIER=AMD64 Family 25 Model 80 Stepping 0, AuthenticAMD
TMP=C:\Users\nitin\AppData\Local\Temp
TEMP=C:\Users\nitin\AppData\Local\Temp




Periodic native trim disabled

---------------  S Y S T E M  ---------------

OS:
 Windows 11 , 64 bit Build 26100 (10.0.26100.4202)
OS uptime: 1 days 18:10 hours
Hyper-V role detected

CPU: total 12 (initial active 12) (12 cores per cpu, 2 threads per core) family 25 model 80 stepping 0 microcode 0xa50000d, cx8, cmov, fxsr, ht, mmx, 3dnowpref, sse, sse2, sse3, ssse3, sse4a, sse4.1, sse4.2, popcnt, lzcnt, tsc, tscinvbit, avx, avx2, aes, erms, clmul, bmi1, bmi2, adx, sha, fma, vzeroupper, clflush, clflushopt, hv, rdtscp, rdpid, fsrm, f16c, cet_ss
Processor Information for the first 12 processors :
  Max Mhz: 3301, Current Mhz: 3301, Mhz Limit: 3301

Memory: 4k page, system-wide physical 7581M (580M free)
TotalPageFile size 29581M (AvailPageFile size 29M)
current process WorkingSet (physical memory assigned to process): 615M, peak: 621M
current process commit charge ("private bytes"): 703M, peak: 710M

vm_info: OpenJDK 64-Bit Server VM (21.0.7+6-LTS) for windows-amd64 JRE (21.0.7+6-LTS), built on 2025-04-15T00:00:00Z by "admin" with MS VC++ 17.7 (VS2022)

END.
