#
# There is insufficient memory for the Java Runtime Environment to continue.
# Native memory allocation (malloc) failed to allocate 1583856 bytes. Error detail: Chunk::new
# Possible reasons:
#   The system is out of physical RAM or swap space
#   This process is running with CompressedOops enabled, and the Java Heap may be blocking the growth of the native heap
# Possible solutions:
#   Reduce memory load on the system
#   Increase physical memory or swap space
#   Check if swap backing store is full
#   Decrease Java heap size (-Xmx/-Xms)
#   Decrease number of Java threads
#   Decrease Java thread stack sizes (-Xss)
#   Set larger code cache with -XX:ReservedCodeCacheSize=
#   JVM is running with Unscaled Compressed Oops mode in which the Java heap is
#     placed in the first 4GB address space. The Java Heap base address is the
#     maximum limit for the native heap growth. Please use -XX:HeapBaseMinAddress
#     to set the Java Heap base and to place the Java Heap above 4GB virtual address.
# This output file may be truncated or incomplete.
#
#  Out of Memory Error (arena.cpp:168), pid=4928, tid=11356
#
# JRE version: OpenJDK Runtime Environment Temurin-21.0.7+6 (21.0.7+6) (build 21.0.7+6-LTS)
# Java VM: OpenJDK 64-Bit Server VM Temurin-21.0.7+6 (21.0.7+6-LTS, mixed mode, sharing, tiered, compressed oops, compressed class ptrs, parallel gc, windows-amd64)
# No core dump will be written. Minidumps are not enabled by default on client versions of Windows
#

---------------  S U M M A R Y ------------

Command Line: --add-modules=ALL-SYSTEM --add-opens=java.base/java.util=ALL-UNNAMED --add-opens=java.base/java.lang=ALL-UNNAMED --add-opens=java.base/sun.nio.fs=ALL-UNNAMED -Declipse.application=org.eclipse.jdt.ls.core.id1 -Dosgi.bundles.defaultStartLevel=4 -Declipse.product=org.eclipse.jdt.ls.core.product -Djava.import.generatesMetadataFilesAtProjectRoot=false -DDetectVMInstallationsJob.disabled=true -Dfile.encoding=utf8 -XX:+UseParallelGC -XX:GCTimeRatio=4 -XX:AdaptiveSizePolicyWeight=90 -Dsun.zip.disableMemoryMapping=true -Xmx2G -Xms100m -Xlog:disable -javaagent:c:\Users\nitin\.vscode\extensions\redhat.java-1.43.0-win32-x64\lombok\lombok-1.18.39-4050.jar -XX:+HeapDumpOnOutOfMemoryError -XX:HeapDumpPath=c:\Users\nitin\AppData\Roaming\Code\User\workspaceStorage\7f4dc5825104f6c4875692317e85a23f\redhat.java -Daether.dependencyCollector.impl=bf c:\Users\nitin\.vscode\extensions\redhat.java-1.43.0-win32-x64\server\plugins\org.eclipse.equinox.launcher_1.7.0.v20250519-0528.jar -configuration c:\Users\nitin\AppData\Roaming\Code\User\globalStorage\redhat.java\1.43.0\config_win -data c:\Users\nitin\AppData\Roaming\Code\User\workspaceStorage\7f4dc5825104f6c4875692317e85a23f\redhat.java\jdt_ws --pipe=\\.\pipe\lsp-d57435d9249eb23bed3143373f486de0-sock

Host: AMD Ryzen 5 5600H with Radeon Graphics         , 12 cores, 7G,  Windows 11 , 64 bit Build 26100 (10.0.26100.4202)
Time: Fri Jun 27 10:58:56 2025 India Standard Time elapsed time: 12.857604 seconds (0d 0h 0m 12s)

---------------  T H R E A D  ---------------

Current thread (0x000002127031c000):  JavaThread "C2 CompilerThread1" daemon [_thread_in_native, id=11356, stack(0x0000008ff9900000,0x0000008ff9a00000) (1024K)]


Current CompileTask:
C2:12857 9793       4       java.lang.reflect.Field::get (39 bytes)

Stack: [0x0000008ff9900000,0x0000008ff9a00000]
Native frames: (J=compiled Java code, j=interpreted, Vv=VM code, C=native code)
V  [jvm.dll+0x6ce119]
V  [jvm.dll+0x8a84a1]
V  [jvm.dll+0x8aa9ce]
V  [jvm.dll+0x8ab0b3]
V  [jvm.dll+0x27f8a6]
V  [jvm.dll+0xc507d]
V  [jvm.dll+0xc55b3]
V  [jvm.dll+0x3b68f2]
V  [jvm.dll+0x382aa5]
V  [jvm.dll+0x381f0a]
V  [jvm.dll+0x247af0]
V  [jvm.dll+0x2470cf]
V  [jvm.dll+0x1c760e]
V  [jvm.dll+0x25695a]
V  [jvm.dll+0x254efa]
V  [jvm.dll+0x3f03f6]
V  [jvm.dll+0x851f6b]
V  [jvm.dll+0x6cc7dd]
C  [ucrtbase.dll+0x37b0]
C  [KERNEL32.DLL+0x2e8d7]
C  [ntdll.dll+0x3c34c]


---------------  P R O C E S S  ---------------

Threads class SMR info:
_java_thread_list=0x00000212760fe9b0, length=77, elements={
0x0000021255ebb350, 0x0000021258383370, 0x000002125828c590, 0x0000021258388080,
0x0000021258389080, 0x000002125838b2c0, 0x00000212583911f0, 0x000002125839aff0,
0x0000021270002040, 0x000002125834a9b0, 0x000002127031c000, 0x0000021270368730,
0x00000212754cef50, 0x00000212756dd840, 0x0000021275a8a9c0, 0x0000021275a8b020,
0x00000212760a0010, 0x0000021275df7c10, 0x00000212761d7e00, 0x00000212761d7770,
0x00000212761d8b20, 0x00000212761d91b0, 0x00000212761d6a50, 0x00000212761d5d30,
0x00000212761d63c0, 0x000002127855a370, 0x000002127855b720, 0x000002127855bdb0,
0x0000021278559650, 0x000002127855aa00, 0x0000021278559ce0, 0x000002127855b090,
0x000002127855c440, 0x0000021278558fc0, 0x000002127935d540, 0x000002127935c820,
0x000002127935ade0, 0x000002127935e8f0, 0x000002127935b470, 0x000002127935ceb0,
0x000002127935dbd0, 0x000002127935ef80, 0x000002127935e260, 0x00000212793616e0,
0x0000021279362400, 0x000002127935fca0, 0x0000021279361d70, 0x00000212787a47a0,
0x00000212787a54c0, 0x00000212787a4110, 0x00000212787a4e30, 0x00000212787a5b50,
0x00000212787a61e0, 0x00000212787a6870, 0x00000212787a6f00, 0x00000212787a3a80,
0x00000212787a9660, 0x00000212787aaa10, 0x00000212787aa380, 0x00000212787a82b0,
0x00000212787a8940, 0x00000212787a9cf0, 0x00000212787a8fd0, 0x00000212787a7590,
0x00000212787ab0a0, 0x000002127a367f30, 0x000002127547e2d0, 0x000002127547d5b0,
0x000002127547e960, 0x000002127547f680, 0x000002127547dc40, 0x000002127547fd10,
0x000002127547eff0, 0x000002127547c890, 0x0000021275481750, 0x0000021275483190,
0x0000021275481de0
}

Java Threads: ( => current thread )
  0x0000021255ebb350 JavaThread "main"                              [_thread_blocked, id=10528, stack(0x0000008ff8c00000,0x0000008ff8d00000) (1024K)]
  0x0000021258383370 JavaThread "Reference Handler"          daemon [_thread_blocked, id=252, stack(0x0000008ff9000000,0x0000008ff9100000) (1024K)]
  0x000002125828c590 JavaThread "Finalizer"                  daemon [_thread_blocked, id=15400, stack(0x0000008ff9100000,0x0000008ff9200000) (1024K)]
  0x0000021258388080 JavaThread "Signal Dispatcher"          daemon [_thread_blocked, id=2272, stack(0x0000008ff9200000,0x0000008ff9300000) (1024K)]
  0x0000021258389080 JavaThread "Attach Listener"            daemon [_thread_blocked, id=7096, stack(0x0000008ff9300000,0x0000008ff9400000) (1024K)]
  0x000002125838b2c0 JavaThread "Service Thread"             daemon [_thread_blocked, id=19168, stack(0x0000008ff9400000,0x0000008ff9500000) (1024K)]
  0x00000212583911f0 JavaThread "Monitor Deflation Thread"   daemon [_thread_blocked, id=4564, stack(0x0000008ff9500000,0x0000008ff9600000) (1024K)]
  0x000002125839aff0 JavaThread "C2 CompilerThread0"         daemon [_thread_in_native, id=4040, stack(0x0000008ff9600000,0x0000008ff9700000) (1024K)]
  0x0000021270002040 JavaThread "C1 CompilerThread0"         daemon [_thread_in_native, id=2308, stack(0x0000008ff9700000,0x0000008ff9800000) (1024K)]
  0x000002125834a9b0 JavaThread "Common-Cleaner"             daemon [_thread_blocked, id=21128, stack(0x0000008ff9800000,0x0000008ff9900000) (1024K)]
=>0x000002127031c000 JavaThread "C2 CompilerThread1"         daemon [_thread_in_native, id=11356, stack(0x0000008ff9900000,0x0000008ff9a00000) (1024K)]
  0x0000021270368730 JavaThread "Notification Thread"        daemon [_thread_blocked, id=4936, stack(0x0000008ff9a00000,0x0000008ff9b00000) (1024K)]
  0x00000212754cef50 JavaThread "Active Thread: Equinox Container: 0c505241-d6e0-4de5-8608-7834850baa88"        [_thread_blocked, id=22984, stack(0x0000008ffa200000,0x0000008ffa300000) (1024K)]
  0x00000212756dd840 JavaThread "Refresh Thread: Equinox Container: 0c505241-d6e0-4de5-8608-7834850baa88" daemon [_thread_blocked, id=24112, stack(0x0000008ffa400000,0x0000008ffa500000) (1024K)]
  0x0000021275a8a9c0 JavaThread "Framework Event Dispatcher: Equinox Container: 0c505241-d6e0-4de5-8608-7834850baa88" daemon [_thread_blocked, id=19420, stack(0x0000008ffa500000,0x0000008ffa600000) (1024K)]
  0x0000021275a8b020 JavaThread "Start Level: Equinox Container: 0c505241-d6e0-4de5-8608-7834850baa88" daemon [_thread_blocked, id=3520, stack(0x0000008ffa600000,0x0000008ffa700000) (1024K)]
  0x00000212760a0010 JavaThread "Bundle File Closer"         daemon [_thread_blocked, id=24916, stack(0x0000008ffa900000,0x0000008ffaa00000) (1024K)]
  0x0000021275df7c10 JavaThread "SCR Component Actor"        daemon [_thread_blocked, id=22288, stack(0x0000008ffaa00000,0x0000008ffab00000) (1024K)]
  0x00000212761d7e00 JavaThread "Worker-JM"                         [_thread_blocked, id=6992, stack(0x0000008ffac00000,0x0000008ffad00000) (1024K)]
  0x00000212761d7770 JavaThread "JNA Cleaner"                daemon [_thread_blocked, id=21812, stack(0x0000008ffad00000,0x0000008ffae00000) (1024K)]
  0x00000212761d8b20 JavaThread "Worker-0"                          [_thread_blocked, id=13548, stack(0x0000008ffae00000,0x0000008ffaf00000) (1024K)]
  0x00000212761d91b0 JavaThread "Worker-1"                          [_thread_blocked, id=15996, stack(0x0000008ffaf00000,0x0000008ffb000000) (1024K)]
  0x00000212761d6a50 JavaThread "Java indexing"              daemon [_thread_in_Java, id=22748, stack(0x0000008ffb000000,0x0000008ffb100000) (1024K)]
  0x00000212761d5d30 JavaThread "Worker-2"                          [_thread_blocked, id=21848, stack(0x0000008ffb300000,0x0000008ffb400000) (1024K)]
  0x00000212761d63c0 JavaThread "Worker-3: Updating workspace"        [_thread_blocked, id=22788, stack(0x0000008ffb400000,0x0000008ffb500000) (1024K)]
  0x000002127855a370 JavaThread "Worker-4: Java indexing... "        [_thread_blocked, id=7388, stack(0x0000008ffb500000,0x0000008ffb600000) (1024K)]
  0x000002127855b720 JavaThread "Worker-5: Building"                [_thread_in_vm, id=5692, stack(0x0000008ffb600000,0x0000008ffb700000) (1024K)]
  0x000002127855bdb0 JavaThread "Thread-2"                   daemon [_thread_in_native, id=24464, stack(0x0000008ffb700000,0x0000008ffb800000) (1024K)]
  0x0000021278559650 JavaThread "Thread-3"                   daemon [_thread_in_native, id=18864, stack(0x0000008ffb800000,0x0000008ffb900000) (1024K)]
  0x000002127855aa00 JavaThread "Thread-4"                   daemon [_thread_in_native, id=23588, stack(0x0000008ffb900000,0x0000008ffba00000) (1024K)]
  0x0000021278559ce0 JavaThread "Thread-5"                   daemon [_thread_in_native, id=9108, stack(0x0000008ffba00000,0x0000008ffbb00000) (1024K)]
  0x000002127855b090 JavaThread "Thread-6"                   daemon [_thread_in_native, id=7596, stack(0x0000008ffbb00000,0x0000008ffbc00000) (1024K)]
  0x000002127855c440 JavaThread "Thread-7"                   daemon [_thread_in_native, id=10036, stack(0x0000008ffbc00000,0x0000008ffbd00000) (1024K)]
  0x0000021278558fc0 JavaThread "Thread-8"                   daemon [_thread_in_native, id=6716, stack(0x0000008ffbd00000,0x0000008ffbe00000) (1024K)]
  0x000002127935d540 JavaThread "Thread-9"                   daemon [_thread_in_native, id=2888, stack(0x0000008ffbe00000,0x0000008ffbf00000) (1024K)]
  0x000002127935c820 JavaThread "Thread-10"                  daemon [_thread_in_native, id=16224, stack(0x0000008ffbf00000,0x0000008ffc000000) (1024K)]
  0x000002127935ade0 JavaThread "Thread-11"                  daemon [_thread_in_native, id=16632, stack(0x0000008ffc000000,0x0000008ffc100000) (1024K)]
  0x000002127935e8f0 JavaThread "Thread-12"                  daemon [_thread_in_native, id=6312, stack(0x0000008ffc100000,0x0000008ffc200000) (1024K)]
  0x000002127935b470 JavaThread "Thread-13"                  daemon [_thread_in_native, id=13496, stack(0x0000008ffc200000,0x0000008ffc300000) (1024K)]
  0x000002127935ceb0 JavaThread "Thread-14"                  daemon [_thread_in_native, id=13336, stack(0x0000008ffc300000,0x0000008ffc400000) (1024K)]
  0x000002127935dbd0 JavaThread "pool-2-thread-1"                   [_thread_blocked, id=14388, stack(0x0000008ffc400000,0x0000008ffc500000) (1024K)]
  0x000002127935ef80 JavaThread "WorkspaceEventsHandler"            [_thread_blocked, id=10836, stack(0x0000008ffc500000,0x0000008ffc600000) (1024K)]
  0x000002127935e260 JavaThread "pool-1-thread-1"                   [_thread_blocked, id=5820, stack(0x0000008ffc600000,0x0000008ffc700000) (1024K)]
  0x00000212793616e0 JavaThread "LocalFile Deleter"          daemon [_thread_blocked, id=10824, stack(0x0000008ffc700000,0x0000008ffc800000) (1024K)]
  0x0000021279362400 JavaThread "LocalFile Deleter"          daemon [_thread_blocked, id=6420, stack(0x0000008ffc800000,0x0000008ffc900000) (1024K)]
  0x000002127935fca0 JavaThread "LocalFile Deleter"          daemon [_thread_blocked, id=24772, stack(0x0000008ffc900000,0x0000008ffca00000) (1024K)]
  0x0000021279361d70 JavaThread "LocalFile Deleter"          daemon [_thread_blocked, id=10464, stack(0x0000008ffca00000,0x0000008ffcb00000) (1024K)]
  0x00000212787a47a0 JavaThread "LocalFile Deleter"          daemon [_thread_blocked, id=9564, stack(0x0000008ffcb00000,0x0000008ffcc00000) (1024K)]
  0x00000212787a54c0 JavaThread "LocalFile Deleter"          daemon [_thread_blocked, id=12260, stack(0x0000008ffcc00000,0x0000008ffcd00000) (1024K)]
  0x00000212787a4110 JavaThread "LocalFile Deleter"          daemon [_thread_blocked, id=9724, stack(0x0000008ffcd00000,0x0000008ffce00000) (1024K)]
  0x00000212787a4e30 JavaThread "LocalFile Deleter"          daemon [_thread_blocked, id=24592, stack(0x0000008ffce00000,0x0000008ffcf00000) (1024K)]
  0x00000212787a5b50 JavaThread "LocalFile Deleter"          daemon [_thread_blocked, id=23716, stack(0x0000008ffcf00000,0x0000008ffd000000) (1024K)]
  0x00000212787a61e0 JavaThread "LocalFile Deleter"          daemon [_thread_blocked, id=3004, stack(0x0000008ffd000000,0x0000008ffd100000) (1024K)]
  0x00000212787a6870 JavaThread "LocalFile Deleter"          daemon [_thread_blocked, id=18412, stack(0x0000008ffd100000,0x0000008ffd200000) (1024K)]
  0x00000212787a6f00 JavaThread "LocalFile Deleter"          daemon [_thread_blocked, id=1940, stack(0x0000008ffd200000,0x0000008ffd300000) (1024K)]
  0x00000212787a3a80 JavaThread "Compiler Source File Reader" daemon [_thread_blocked, id=14840, stack(0x0000008ffab00000,0x0000008ffac00000) (1024K)]
  0x00000212787a9660 JavaThread "Compiler Source File Reader" daemon [_thread_blocked, id=6476, stack(0x0000008ffd300000,0x0000008ffd400000) (1024K)]
  0x00000212787aaa10 JavaThread "Compiler Source File Reader" daemon [_thread_blocked, id=15768, stack(0x0000008ffd400000,0x0000008ffd500000) (1024K)]
  0x00000212787aa380 JavaThread "Compiler Source File Reader" daemon [_thread_blocked, id=20248, stack(0x0000008ffd500000,0x0000008ffd600000) (1024K)]
  0x00000212787a82b0 JavaThread "Compiler Source File Reader" daemon [_thread_blocked, id=18496, stack(0x0000008ffd600000,0x0000008ffd700000) (1024K)]
  0x00000212787a8940 JavaThread "Compiler Source File Reader" daemon [_thread_blocked, id=24088, stack(0x0000008ffd700000,0x0000008ffd800000) (1024K)]
  0x00000212787a9cf0 JavaThread "Compiler Source File Reader" daemon [_thread_blocked, id=22368, stack(0x0000008ffd800000,0x0000008ffd900000) (1024K)]
  0x00000212787a8fd0 JavaThread "Compiler Source File Reader" daemon [_thread_blocked, id=13736, stack(0x0000008ffd900000,0x0000008ffda00000) (1024K)]
  0x00000212787a7590 JavaThread "Compiler Source File Reader" daemon [_thread_blocked, id=15408, stack(0x0000008ffda00000,0x0000008ffdb00000) (1024K)]
  0x00000212787ab0a0 JavaThread "Compiler Source File Reader" daemon [_thread_blocked, id=2948, stack(0x0000008ffdb00000,0x0000008ffdc00000) (1024K)]
  0x000002127a367f30 JavaThread "C2 CompilerThread2"         daemon [_thread_in_native, id=18896, stack(0x0000008ff9b00000,0x0000008ff9c00000) (1024K)]
  0x000002127547e2d0 JavaThread "Compiler Processing Task"   daemon [_thread_in_Java, id=22232, stack(0x0000008ffdc00000,0x0000008ffdd00000) (1024K)]
  0x000002127547d5b0 JavaThread "Compiler Class File Writer" daemon [_thread_blocked, id=4260, stack(0x0000008ffdd00000,0x0000008ffde00000) (1024K)]
  0x000002127547e960 JavaThread "Compiler Class File Writer" daemon [_thread_blocked, id=15196, stack(0x0000008ffde00000,0x0000008ffdf00000) (1024K)]
  0x000002127547f680 JavaThread "Compiler Class File Writer" daemon [_thread_blocked, id=21588, stack(0x0000008ffdf00000,0x0000008ffe000000) (1024K)]
  0x000002127547dc40 JavaThread "Compiler Class File Writer" daemon [_thread_blocked, id=23152, stack(0x0000008ffe000000,0x0000008ffe100000) (1024K)]
  0x000002127547fd10 JavaThread "Compiler Class File Writer" daemon [_thread_blocked, id=20536, stack(0x0000008ffe100000,0x0000008ffe200000) (1024K)]
  0x000002127547eff0 JavaThread "Compiler Class File Writer" daemon [_thread_blocked, id=13024, stack(0x0000008ffe200000,0x0000008ffe300000) (1024K)]
  0x000002127547c890 JavaThread "Compiler Class File Writer" daemon [_thread_blocked, id=19272, stack(0x0000008ffe300000,0x0000008ffe400000) (1024K)]
  0x0000021275481750 JavaThread "Compiler Class File Writer" daemon [_thread_blocked, id=992, stack(0x0000008ffe400000,0x0000008ffe500000) (1024K)]
  0x0000021275483190 JavaThread "Compiler Class File Writer" daemon [_thread_blocked, id=13500, stack(0x0000008ffe500000,0x0000008ffe600000) (1024K)]
  0x0000021275481de0 JavaThread "Compiler Class File Writer" daemon [_thread_blocked, id=10764, stack(0x0000008ffe600000,0x0000008ffe700000) (1024K)]
Total: 77

Other Threads:
  0x0000021255e90090 VMThread "VM Thread"                           [id=3160, stack(0x0000008ff8f00000,0x0000008ff9000000) (1024K)]
  0x000002125816ca00 WatcherThread "VM Periodic Task Thread"        [id=5136, stack(0x0000008ff8e00000,0x0000008ff8f00000) (1024K)]
  0x0000021255e91650 WorkerThread "GC Thread#0"                     [id=24440, stack(0x0000008ff8d00000,0x0000008ff8e00000) (1024K)]
  0x0000021255e907d0 WorkerThread "GC Thread#1"                     [id=9608, stack(0x0000008ff9c00000,0x0000008ff9d00000) (1024K)]
  0x0000021255e90b70 WorkerThread "GC Thread#2"                     [id=24040, stack(0x0000008ff9d00000,0x0000008ff9e00000) (1024K)]
  0x0000021275914370 WorkerThread "GC Thread#3"                     [id=9320, stack(0x0000008ff9e00000,0x0000008ff9f00000) (1024K)]
  0x00000212759179d0 WorkerThread "GC Thread#4"                     [id=25112, stack(0x0000008ff9f00000,0x0000008ffa000000) (1024K)]
  0x0000021275916070 WorkerThread "GC Thread#5"                     [id=2628, stack(0x0000008ffa000000,0x0000008ffa100000) (1024K)]
  0x0000021275917290 WorkerThread "GC Thread#6"                     [id=14316, stack(0x0000008ffa100000,0x0000008ffa200000) (1024K)]
  0x0000021275914ab0 WorkerThread "GC Thread#7"                     [id=20624, stack(0x0000008ffa300000,0x0000008ffa400000) (1024K)]
  0x0000021275915cd0 WorkerThread "GC Thread#8"                     [id=24696, stack(0x0000008ffa700000,0x0000008ffa800000) (1024K)]
  0x00000212759167b0 WorkerThread "GC Thread#9"                     [id=4004, stack(0x0000008ffa800000,0x0000008ffa900000) (1024K)]
Total: 12

Threads with active compile tasks:
C2 CompilerThread0  13888 9905       4       org.eclipse.jdt.internal.compiler.parser.Parser::consumeRule (7748 bytes)
C1 CompilerThread0  13888 10104   !   2       org.eclipse.jdt.internal.compiler.ast.AbstractMethodDeclaration::resolve (106 bytes)
C2 CompilerThread1  13888 9793       4       java.lang.reflect.Field::get (39 bytes)
C2 CompilerThread2  13888 10060   !   4       org.eclipse.jdt.internal.compiler.parser.Scanner::getNextToken0 (3064 bytes)
Total: 4

VM state: not at safepoint (normal execution)

VM Mutex/Monitor currently owned by a thread:  ([mutex/lock_event])
[0x00007ff8ad79ce88] MethodCompileQueue_lock - owner thread: 0x0000000000000000
[0x00007ff8ad79e208] CodeCache_lock - owner thread: 0x0000000000000000

Heap address: 0x0000000080000000, size: 2048 MB, Compressed Oops mode: 32-bit

CDS archive(s) mapped at: [0x0000021200000000-0x0000021200ba0000-0x0000021200ba0000), size 12189696, SharedBaseAddress: 0x0000021200000000, ArchiveRelocationMode: 1.
Compressed class space mapped at: 0x0000021201000000-0x0000021241000000, reserved size: 1073741824
Narrow klass base: 0x0000021200000000, Narrow klass shift: 0, Narrow klass range: 0x100000000

GC Precious Log:
 CardTable entry size: 512
 CPUs: 12 total, 12 available
 Memory: 7581M
 Large Page Support: Disabled
 NUMA Support: Disabled
 Compressed Oops: Enabled (32-bit)
 Alignments: Space 512K, Generation 512K, Heap 2M
 Heap Min Capacity: 100M
 Heap Initial Capacity: 100M
 Heap Max Capacity: 2G
 Pre-touch: Disabled
 Parallel Workers: 10

Heap:
 PSYoungGen      total 3584K, used 2319K [0x00000000d5580000, 0x00000000d5a00000, 0x0000000100000000)
  eden space 2560K, 63% used [0x00000000d5580000,0x00000000d571a710,0x00000000d5800000)
  from space 1024K, 68% used [0x00000000d5800000,0x00000000d58af9b8,0x00000000d5900000)
  to   space 1024K, 0% used [0x00000000d5900000,0x00000000d5900000,0x00000000d5a00000)
 ParOldGen       total 273920K, used 273433K [0x0000000080000000, 0x0000000090b80000, 0x00000000d5580000)
  object space 273920K, 99% used [0x0000000080000000,0x0000000090b06720,0x0000000090b80000)
 Metaspace       used 57304K, committed 58624K, reserved 1114112K
  class space    used 5882K, committed 6464K, reserved 1048576K

Card table byte_map: [0x0000021257c80000,0x0000021258090000] _byte_map_base: 0x0000021257880000

Marking Bits: (ParMarkBitMap*) 0x00007ff8ad7a31f0
 Begin Bits: [0x000002126a780000, 0x000002126c780000)
 End Bits:   [0x000002126c780000, 0x000002126e780000)

Polling page: 0x00000212560e0000

Metaspace:

Usage:
  Non-class:     50.22 MB used.
      Class:      5.74 MB used.
       Both:     55.96 MB used.

Virtual space:
  Non-class space:       64.00 MB reserved,      50.94 MB ( 80%) committed,  1 nodes.
      Class space:        1.00 GB reserved,       6.31 MB ( <1%) committed,  1 nodes.
             Both:        1.06 GB reserved,      57.25 MB (  5%) committed. 

Chunk freelists:
   Non-Class:  12.27 MB
       Class:  9.60 MB
        Both:  21.87 MB

MaxMetaspaceSize: unlimited
CompressedClassSpaceSize: 1.00 GB
Initial GC threshold: 21.00 MB
Current GC threshold: 58.38 MB
CDS: on
 - commit_granule_bytes: 65536.
 - commit_granule_words: 8192.
 - virtual_space_node_default_size: 8388608.
 - enlarge_chunks_in_place: 1.
 - use_allocation_guard: 0.


Internal statistics:

num_allocs_failed_limit: 6.
num_arena_births: 1008.
num_arena_deaths: 14.
num_vsnodes_births: 2.
num_vsnodes_deaths: 0.
num_space_committed: 916.
num_space_uncommitted: 0.
num_chunks_returned_to_freelist: 20.
num_chunks_taken_from_freelist: 3555.
num_chunk_merges: 10.
num_chunk_splits: 2250.
num_chunks_enlarged: 1382.
num_inconsistent_stats: 0.

CodeHeap 'non-profiled nmethods': size=120000Kb used=6656Kb max_used=6656Kb free=113343Kb
 bounds [0x0000021262fa0000, 0x0000021263630000, 0x000002126a4d0000]
CodeHeap 'profiled nmethods': size=120000Kb used=22062Kb max_used=22062Kb free=97938Kb
 bounds [0x000002125b4d0000, 0x000002125ca60000, 0x0000021262a00000]
CodeHeap 'non-nmethods': size=5760Kb used=1415Kb max_used=1481Kb free=4344Kb
 bounds [0x0000021262a00000, 0x0000021262c70000, 0x0000021262fa0000]
 total_blobs=10177 nmethods=9452 adapters=631
 compilation: enabled
              stopped_count=0, restarted_count=0
 full_count=0

Compilation events (20 events):
Event: 12.803 Thread 0x0000021270002040 nmethod 10034 0x000002126361a290 code [0x000002126361a420, 0x000002126361a4e8]
Event: 12.803 Thread 0x0000021270002040 10047       2       java.lang.invoke.LambdaForm$MH/0x000002120101c800::invokeExact_MT (28 bytes)
Event: 12.803 Thread 0x0000021270002040 nmethod 10047 0x000002125ca3a310 code [0x000002125ca3a4e0, 0x000002125ca3a718]
Event: 12.803 Thread 0x0000021270002040 10051       2       org.eclipse.jdt.internal.compiler.ast.MessageSend::resolveType (2131 bytes)
Event: 12.809 Thread 0x000002127a367f30 nmethod 10038 0x000002126361a590 code [0x000002126361a720, 0x000002126361aae0]
Event: 12.809 Thread 0x000002127a367f30 9958       4       java.lang.invoke.Invokers::checkCustomized (23 bytes)
Event: 12.810 Thread 0x000002127a367f30 nmethod 9958 0x000002126361ac10 code [0x000002126361ada0, 0x000002126361ae68]
Event: 12.810 Thread 0x000002127a367f30 10031       4       org.eclipse.jdt.internal.compiler.ast.Statement::bindingsWhenTrue (4 bytes)
Event: 12.810 Thread 0x000002127a367f30 nmethod 10031 0x000002126361af90 code [0x000002126361b120, 0x000002126361b1b0]
Event: 12.810 Thread 0x000002127a367f30 10037       4       org.eclipse.jdt.internal.compiler.lookup.SortedSimpleNameVector::elementAt (7 bytes)
Event: 12.811 Thread 0x000002127a367f30 nmethod 10037 0x000002126361b290 code [0x000002126361b420, 0x000002126361b4f0]
Event: 12.811 Thread 0x000002127a367f30 10041       4       org.eclipse.jdt.internal.compiler.lookup.TypeBinding::collectMissingTypes (2 bytes)
Event: 12.811 Thread 0x000002127a367f30 nmethod 10041 0x000002126361b590 code [0x000002126361b720, 0x000002126361b7a8]
Event: 12.811 Thread 0x000002127a367f30 10008       4       org.eclipse.jdt.internal.compiler.lookup.TypeBinding::initializeForStaticImports (1 bytes)
Event: 12.811 Thread 0x000002127a367f30 nmethod 10008 0x000002126361b890 code [0x000002126361ba20, 0x000002126361baa8]
Event: 12.811 Thread 0x000002127a367f30 10045       4       org.eclipse.jdt.internal.compiler.ast.Expression::setExpressionContext (1 bytes)
Event: 12.812 Thread 0x0000021270002040 nmethod 10051 0x000002125ca3a910 code [0x000002125ca3b260, 0x000002125ca3e560]
Event: 12.812 Thread 0x000002127a367f30 nmethod 10045 0x000002126361bb90 code [0x000002126361bd20, 0x000002126361bda8]
Event: 12.812 Thread 0x000002127a367f30 10059       4       org.eclipse.jdt.internal.compiler.parser.Parser::fetchNextToken (8 bytes)
Event: 12.812 Thread 0x0000021270002040 10053   !   2       lombok.eclipse.agent.PatchExtensionMethod::resolveType (870 bytes)

GC Heap History (20 events):
Event: 12.746 GC heap before
{Heap before GC invocations=253 (full 2):
 PSYoungGen      total 3072K, used 2611K [0x00000000d5580000, 0x00000000d5980000, 0x0000000100000000)
  eden space 2048K, 99% used [0x00000000d5580000,0x00000000d577cc28,0x00000000d5780000)
  from space 1024K, 56% used [0x00000000d5880000,0x00000000d5910000,0x00000000d5980000)
  to   space 1024K, 0% used [0x00000000d5780000,0x00000000d5780000,0x00000000d5880000)
 ParOldGen       total 267264K, used 266884K [0x0000000080000000, 0x0000000090500000, 0x00000000d5580000)
  object space 267264K, 99% used [0x0000000080000000,0x00000000904a1118,0x0000000090500000)
 Metaspace       used 57026K, committed 58368K, reserved 1114112K
  class space    used 5870K, committed 6464K, reserved 1048576K
}
Event: 12.747 GC heap after
{Heap after GC invocations=253 (full 2):
 PSYoungGen      total 3072K, used 622K [0x00000000d5580000, 0x00000000d5980000, 0x0000000100000000)
  eden space 2048K, 0% used [0x00000000d5580000,0x00000000d5580000,0x00000000d5780000)
  from space 1024K, 60% used [0x00000000d5780000,0x00000000d581b958,0x00000000d5880000)
  to   space 1024K, 0% used [0x00000000d5880000,0x00000000d5880000,0x00000000d5980000)
 ParOldGen       total 267776K, used 267368K [0x0000000080000000, 0x0000000090580000, 0x00000000d5580000)
  object space 267776K, 99% used [0x0000000080000000,0x000000009051a358,0x0000000090580000)
 Metaspace       used 57026K, committed 58368K, reserved 1114112K
  class space    used 5870K, committed 6464K, reserved 1048576K
}
Event: 12.751 GC heap before
{Heap before GC invocations=254 (full 2):
 PSYoungGen      total 3072K, used 2670K [0x00000000d5580000, 0x00000000d5980000, 0x0000000100000000)
  eden space 2048K, 100% used [0x00000000d5580000,0x00000000d5780000,0x00000000d5780000)
  from space 1024K, 60% used [0x00000000d5780000,0x00000000d581b958,0x00000000d5880000)
  to   space 1024K, 0% used [0x00000000d5880000,0x00000000d5880000,0x00000000d5980000)
 ParOldGen       total 267776K, used 267368K [0x0000000080000000, 0x0000000090580000, 0x00000000d5580000)
  object space 267776K, 99% used [0x0000000080000000,0x000000009051a358,0x0000000090580000)
 Metaspace       used 57052K, committed 58368K, reserved 1114112K
  class space    used 5870K, committed 6464K, reserved 1048576K
}
Event: 12.753 GC heap after
{Heap after GC invocations=254 (full 2):
 PSYoungGen      total 3072K, used 656K [0x00000000d5580000, 0x00000000d5980000, 0x0000000100000000)
  eden space 2048K, 0% used [0x00000000d5580000,0x00000000d5580000,0x00000000d5780000)
  from space 1024K, 64% used [0x00000000d5880000,0x00000000d59243c8,0x00000000d5980000)
  to   space 1024K, 0% used [0x00000000d5780000,0x00000000d5780000,0x00000000d5880000)
 ParOldGen       total 268288K, used 267848K [0x0000000080000000, 0x0000000090600000, 0x00000000d5580000)
  object space 268288K, 99% used [0x0000000080000000,0x00000000905923a0,0x0000000090600000)
 Metaspace       used 57052K, committed 58368K, reserved 1114112K
  class space    used 5870K, committed 6464K, reserved 1048576K
}
Event: 12.758 GC heap before
{Heap before GC invocations=255 (full 2):
 PSYoungGen      total 3072K, used 2704K [0x00000000d5580000, 0x00000000d5980000, 0x0000000100000000)
  eden space 2048K, 99% used [0x00000000d5580000,0x00000000d577fff8,0x00000000d5780000)
  from space 1024K, 64% used [0x00000000d5880000,0x00000000d59243c8,0x00000000d5980000)
  to   space 1024K, 0% used [0x00000000d5780000,0x00000000d5780000,0x00000000d5880000)
 ParOldGen       total 268288K, used 267848K [0x0000000080000000, 0x0000000090600000, 0x00000000d5580000)
  object space 268288K, 99% used [0x0000000080000000,0x00000000905923a0,0x0000000090600000)
 Metaspace       used 57052K, committed 58368K, reserved 1114112K
  class space    used 5870K, committed 6464K, reserved 1048576K
}
Event: 12.759 GC heap after
{Heap after GC invocations=255 (full 2):
 PSYoungGen      total 3072K, used 674K [0x00000000d5580000, 0x00000000d5980000, 0x0000000100000000)
  eden space 2048K, 0% used [0x00000000d5580000,0x00000000d5580000,0x00000000d5780000)
  from space 1024K, 65% used [0x00000000d5780000,0x00000000d5828990,0x00000000d5880000)
  to   space 1024K, 0% used [0x00000000d5880000,0x00000000d5880000,0x00000000d5980000)
 ParOldGen       total 268800K, used 268349K [0x0000000080000000, 0x0000000090680000, 0x00000000d5580000)
  object space 268800K, 99% used [0x0000000080000000,0x000000009060f440,0x0000000090680000)
 Metaspace       used 57052K, committed 58368K, reserved 1114112K
  class space    used 5870K, committed 6464K, reserved 1048576K
}
Event: 12.764 GC heap before
{Heap before GC invocations=256 (full 2):
 PSYoungGen      total 3072K, used 2722K [0x00000000d5580000, 0x00000000d5980000, 0x0000000100000000)
  eden space 2048K, 99% used [0x00000000d5580000,0x00000000d577fff8,0x00000000d5780000)
  from space 1024K, 65% used [0x00000000d5780000,0x00000000d5828990,0x00000000d5880000)
  to   space 1024K, 0% used [0x00000000d5880000,0x00000000d5880000,0x00000000d5980000)
 ParOldGen       total 268800K, used 268349K [0x0000000080000000, 0x0000000090680000, 0x00000000d5580000)
  object space 268800K, 99% used [0x0000000080000000,0x000000009060f440,0x0000000090680000)
 Metaspace       used 57060K, committed 58432K, reserved 1114112K
  class space    used 5870K, committed 6464K, reserved 1048576K
}
Event: 12.765 GC heap after
{Heap after GC invocations=256 (full 2):
 PSYoungGen      total 3072K, used 544K [0x00000000d5580000, 0x00000000d5980000, 0x0000000100000000)
  eden space 2048K, 0% used [0x00000000d5580000,0x00000000d5580000,0x00000000d5780000)
  from space 1024K, 53% used [0x00000000d5880000,0x00000000d5908000,0x00000000d5980000)
  to   space 1024K, 0% used [0x00000000d5780000,0x00000000d5780000,0x00000000d5880000)
 ParOldGen       total 269312K, used 268829K [0x0000000080000000, 0x0000000090700000, 0x00000000d5580000)
  object space 269312K, 99% used [0x0000000080000000,0x0000000090687458,0x0000000090700000)
 Metaspace       used 57060K, committed 58432K, reserved 1114112K
  class space    used 5870K, committed 6464K, reserved 1048576K
}
Event: 12.773 GC heap before
{Heap before GC invocations=257 (full 2):
 PSYoungGen      total 3072K, used 2592K [0x00000000d5580000, 0x00000000d5980000, 0x0000000100000000)
  eden space 2048K, 100% used [0x00000000d5580000,0x00000000d5780000,0x00000000d5780000)
  from space 1024K, 53% used [0x00000000d5880000,0x00000000d5908000,0x00000000d5980000)
  to   space 1024K, 0% used [0x00000000d5780000,0x00000000d5780000,0x00000000d5880000)
 ParOldGen       total 269312K, used 268829K [0x0000000080000000, 0x0000000090700000, 0x00000000d5580000)
  object space 269312K, 99% used [0x0000000080000000,0x0000000090687458,0x0000000090700000)
 Metaspace       used 57067K, committed 58432K, reserved 1114112K
  class space    used 5870K, committed 6464K, reserved 1048576K
}
Event: 12.775 GC heap after
{Heap after GC invocations=257 (full 2):
 PSYoungGen      total 3072K, used 593K [0x00000000d5580000, 0x00000000d5980000, 0x0000000100000000)
  eden space 2048K, 0% used [0x00000000d5580000,0x00000000d5580000,0x00000000d5780000)
  from space 1024K, 57% used [0x00000000d5780000,0x00000000d5814520,0x00000000d5880000)
  to   space 1024K, 0% used [0x00000000d5880000,0x00000000d5880000,0x00000000d5980000)
 ParOldGen       total 269312K, used 269271K [0x0000000080000000, 0x0000000090700000, 0x00000000d5580000)
  object space 269312K, 99% used [0x0000000080000000,0x00000000906f5f90,0x0000000090700000)
 Metaspace       used 57067K, committed 58432K, reserved 1114112K
  class space    used 5870K, committed 6464K, reserved 1048576K
}
Event: 12.782 GC heap before
{Heap before GC invocations=258 (full 2):
 PSYoungGen      total 3072K, used 2641K [0x00000000d5580000, 0x00000000d5980000, 0x0000000100000000)
  eden space 2048K, 100% used [0x00000000d5580000,0x00000000d5780000,0x00000000d5780000)
  from space 1024K, 57% used [0x00000000d5780000,0x00000000d5814520,0x00000000d5880000)
  to   space 1024K, 0% used [0x00000000d5880000,0x00000000d5880000,0x00000000d5980000)
 ParOldGen       total 269312K, used 269271K [0x0000000080000000, 0x0000000090700000, 0x00000000d5580000)
  object space 269312K, 99% used [0x0000000080000000,0x00000000906f5f90,0x0000000090700000)
 Metaspace       used 57099K, committed 58432K, reserved 1114112K
  class space    used 5870K, committed 6464K, reserved 1048576K
}
Event: 12.783 GC heap after
{Heap after GC invocations=258 (full 2):
 PSYoungGen      total 3072K, used 544K [0x00000000d5580000, 0x00000000d5980000, 0x0000000100000000)
  eden space 2048K, 0% used [0x00000000d5580000,0x00000000d5580000,0x00000000d5780000)
  from space 1024K, 53% used [0x00000000d5880000,0x00000000d5908000,0x00000000d5980000)
  to   space 1024K, 0% used [0x00000000d5780000,0x00000000d5780000,0x00000000d5880000)
 ParOldGen       total 269824K, used 269746K [0x0000000080000000, 0x0000000090780000, 0x00000000d5580000)
  object space 269824K, 99% used [0x0000000080000000,0x000000009076ca60,0x0000000090780000)
 Metaspace       used 57099K, committed 58432K, reserved 1114112K
  class space    used 5870K, committed 6464K, reserved 1048576K
}
Event: 12.789 GC heap before
{Heap before GC invocations=259 (full 2):
 PSYoungGen      total 3072K, used 2592K [0x00000000d5580000, 0x00000000d5980000, 0x0000000100000000)
  eden space 2048K, 100% used [0x00000000d5580000,0x00000000d5780000,0x00000000d5780000)
  from space 1024K, 53% used [0x00000000d5880000,0x00000000d5908000,0x00000000d5980000)
  to   space 1024K, 0% used [0x00000000d5780000,0x00000000d5780000,0x00000000d5880000)
 ParOldGen       total 269824K, used 269746K [0x0000000080000000, 0x0000000090780000, 0x00000000d5580000)
  object space 269824K, 99% used [0x0000000080000000,0x000000009076ca60,0x0000000090780000)
 Metaspace       used 57104K, committed 58432K, reserved 1114112K
  class space    used 5870K, committed 6464K, reserved 1048576K
}
Event: 12.791 GC heap after
{Heap after GC invocations=259 (full 2):
 PSYoungGen      total 3072K, used 640K [0x00000000d5580000, 0x00000000d5980000, 0x0000000100000000)
  eden space 2048K, 0% used [0x00000000d5580000,0x00000000d5580000,0x00000000d5780000)
  from space 1024K, 62% used [0x00000000d5780000,0x00000000d5820000,0x00000000d5880000)
  to   space 1024K, 0% used [0x00000000d5880000,0x00000000d5880000,0x00000000d5980000)
 ParOldGen       total 270336K, used 270235K [0x0000000080000000, 0x0000000090800000, 0x00000000d5580000)
  object space 270336K, 99% used [0x0000000080000000,0x00000000907e6e00,0x0000000090800000)
 Metaspace       used 57104K, committed 58432K, reserved 1114112K
  class space    used 5870K, committed 6464K, reserved 1048576K
}
Event: 12.797 GC heap before
{Heap before GC invocations=260 (full 2):
 PSYoungGen      total 3072K, used 2688K [0x00000000d5580000, 0x00000000d5980000, 0x0000000100000000)
  eden space 2048K, 100% used [0x00000000d5580000,0x00000000d5780000,0x00000000d5780000)
  from space 1024K, 62% used [0x00000000d5780000,0x00000000d5820000,0x00000000d5880000)
  to   space 1024K, 0% used [0x00000000d5880000,0x00000000d5880000,0x00000000d5980000)
 ParOldGen       total 270336K, used 270235K [0x0000000080000000, 0x0000000090800000, 0x00000000d5580000)
  object space 270336K, 99% used [0x0000000080000000,0x00000000907e6e00,0x0000000090800000)
 Metaspace       used 57105K, committed 58432K, reserved 1114112K
  class space    used 5870K, committed 6464K, reserved 1048576K
}
Event: 12.799 GC heap after
{Heap after GC invocations=260 (full 2):
 PSYoungGen      total 3072K, used 663K [0x00000000d5580000, 0x00000000d5a00000, 0x0000000100000000)
  eden space 2048K, 0% used [0x00000000d5580000,0x00000000d5580000,0x00000000d5780000)
  from space 1024K, 64% used [0x00000000d5880000,0x00000000d5925f10,0x00000000d5980000)
  to   space 1024K, 0% used [0x00000000d5780000,0x00000000d5780000,0x00000000d5880000)
 ParOldGen       total 270848K, used 270731K [0x0000000080000000, 0x0000000090880000, 0x00000000d5580000)
  object space 270848K, 99% used [0x0000000080000000,0x0000000090862de8,0x0000000090880000)
 Metaspace       used 57105K, committed 58432K, reserved 1114112K
  class space    used 5870K, committed 6464K, reserved 1048576K
}
Event: 12.807 GC heap before
{Heap before GC invocations=261 (full 2):
 PSYoungGen      total 3072K, used 2711K [0x00000000d5580000, 0x00000000d5a00000, 0x0000000100000000)
  eden space 2048K, 100% used [0x00000000d5580000,0x00000000d5780000,0x00000000d5780000)
  from space 1024K, 64% used [0x00000000d5880000,0x00000000d5925f10,0x00000000d5980000)
  to   space 1024K, 0% used [0x00000000d5780000,0x00000000d5780000,0x00000000d5880000)
 ParOldGen       total 270848K, used 270731K [0x0000000080000000, 0x0000000090880000, 0x00000000d5580000)
  object space 270848K, 99% used [0x0000000080000000,0x0000000090862de8,0x0000000090880000)
 Metaspace       used 57179K, committed 58496K, reserved 1114112K
  class space    used 5870K, committed 6464K, reserved 1048576K
}
Event: 12.808 GC heap after
{Heap after GC invocations=261 (full 2):
 PSYoungGen      total 3072K, used 640K [0x00000000d5580000, 0x00000000d5a00000, 0x0000000100000000)
  eden space 2048K, 0% used [0x00000000d5580000,0x00000000d5580000,0x00000000d5780000)
  from space 1024K, 62% used [0x00000000d5780000,0x00000000d5820298,0x00000000d5880000)
  to   space 1024K, 0% used [0x00000000d5900000,0x00000000d5900000,0x00000000d5a00000)
 ParOldGen       total 271360K, used 271262K [0x0000000080000000, 0x0000000090900000, 0x00000000d5580000)
  object space 271360K, 99% used [0x0000000080000000,0x00000000908e7aa8,0x0000000090900000)
 Metaspace       used 57179K, committed 58496K, reserved 1114112K
  class space    used 5870K, committed 6464K, reserved 1048576K
}
Event: 12.813 GC heap before
{Heap before GC invocations=262 (full 2):
 PSYoungGen      total 3072K, used 2688K [0x00000000d5580000, 0x00000000d5a00000, 0x0000000100000000)
  eden space 2048K, 100% used [0x00000000d5580000,0x00000000d5780000,0x00000000d5780000)
  from space 1024K, 62% used [0x00000000d5780000,0x00000000d5820298,0x00000000d5880000)
  to   space 1024K, 0% used [0x00000000d5900000,0x00000000d5900000,0x00000000d5a00000)
 ParOldGen       total 271360K, used 271262K [0x0000000080000000, 0x0000000090900000, 0x00000000d5580000)
  object space 271360K, 99% used [0x0000000080000000,0x00000000908e7aa8,0x0000000090900000)
 Metaspace       used 57179K, committed 58496K, reserved 1114112K
  class space    used 5870K, committed 6464K, reserved 1048576K
}
Event: 12.814 GC heap after
{Heap after GC invocations=262 (full 2):
 PSYoungGen      total 3584K, used 627K [0x00000000d5580000, 0x00000000d5a00000, 0x0000000100000000)
  eden space 2560K, 0% used [0x00000000d5580000,0x00000000d5580000,0x00000000d5800000)
  from space 1024K, 61% used [0x00000000d5900000,0x00000000d599cee8,0x00000000d5a00000)
  to   space 1024K, 0% used [0x00000000d5800000,0x00000000d5800000,0x00000000d5900000)
 ParOldGen       total 271872K, used 271769K [0x0000000080000000, 0x0000000090980000, 0x00000000d5580000)
  object space 271872K, 99% used [0x0000000080000000,0x00000000909665c8,0x0000000090980000)
 Metaspace       used 57179K, committed 58496K, reserved 1114112K
  class space    used 5870K, committed 6464K, reserved 1048576K
}

Dll operation events (10 events):
Event: 0.013 Loaded shared library c:\Users\nitin\.vscode\extensions\redhat.java-1.43.0-win32-x64\jre\21.0.7-win32-x86_64\bin\java.dll
Event: 0.079 Loaded shared library c:\Users\nitin\.vscode\extensions\redhat.java-1.43.0-win32-x64\jre\21.0.7-win32-x86_64\bin\zip.dll
Event: 0.103 Loaded shared library C:\Users\nitin\.vscode\extensions\redhat.java-1.43.0-win32-x64\jre\21.0.7-win32-x86_64\bin\instrument.dll
Event: 0.108 Loaded shared library C:\Users\nitin\.vscode\extensions\redhat.java-1.43.0-win32-x64\jre\21.0.7-win32-x86_64\bin\net.dll
Event: 0.110 Loaded shared library C:\Users\nitin\.vscode\extensions\redhat.java-1.43.0-win32-x64\jre\21.0.7-win32-x86_64\bin\nio.dll
Event: 0.114 Loaded shared library C:\Users\nitin\.vscode\extensions\redhat.java-1.43.0-win32-x64\jre\21.0.7-win32-x86_64\bin\zip.dll
Event: 0.130 Loaded shared library C:\Users\nitin\.vscode\extensions\redhat.java-1.43.0-win32-x64\jre\21.0.7-win32-x86_64\bin\jimage.dll
Event: 0.200 Loaded shared library c:\Users\nitin\.vscode\extensions\redhat.java-1.43.0-win32-x64\jre\21.0.7-win32-x86_64\bin\verify.dll
Event: 2.252 Loaded shared library C:\Users\nitin\AppData\Roaming\Code\User\globalStorage\redhat.java\1.43.0\config_win\org.eclipse.equinox.launcher\org.eclipse.equinox.launcher.win32.win32.x86_64_1.2.1300.v20250331-1702\eclipse_11911.dll
Event: 3.619 Loaded shared library C:\Users\nitin\AppData\Local\Temp\jna-104830206\jna11216121620867900847.dll

Deoptimization events (20 events):
Event: 12.762 Thread 0x000002127855b720 DEOPT PACKING pc=0x000002125c0abbcd sp=0x0000008ffb6fe030
Event: 12.762 Thread 0x000002127855b720 DEOPT UNPACKING pc=0x0000021262a54242 sp=0x0000008ffb6fd490 mode 0
Event: 12.787 Thread 0x000002127855b720 Uncommon trap: trap_request=0xffffffbe fr.pc=0x00000212636192ac relative=0x000000000000028c
Event: 12.787 Thread 0x000002127855b720 Uncommon trap: reason=profile_predicate action=maybe_recompile pc=0x00000212636192ac method=sun.security.provider.HashDrbg.addBytes([BI[[B)V @ 36 c2
Event: 12.787 Thread 0x000002127855b720 DEOPT PACKING pc=0x00000212636192ac sp=0x0000008ffb6fe040
Event: 12.787 Thread 0x000002127855b720 DEOPT UNPACKING pc=0x0000021262a53aa2 sp=0x0000008ffb6fdf90 mode 2
Event: 12.787 Thread 0x000002127855b720 Uncommon trap: trap_request=0xffffffbe fr.pc=0x00000212636192ac relative=0x000000000000028c
Event: 12.787 Thread 0x000002127855b720 Uncommon trap: reason=profile_predicate action=maybe_recompile pc=0x00000212636192ac method=sun.security.provider.HashDrbg.addBytes([BI[[B)V @ 36 c2
Event: 12.787 Thread 0x000002127855b720 DEOPT PACKING pc=0x00000212636192ac sp=0x0000008ffb6fe040
Event: 12.787 Thread 0x000002127855b720 DEOPT UNPACKING pc=0x0000021262a53aa2 sp=0x0000008ffb6fdf90 mode 2
Event: 12.787 Thread 0x000002127855b720 Uncommon trap: trap_request=0xffffffbe fr.pc=0x00000212636192ac relative=0x000000000000028c
Event: 12.787 Thread 0x000002127855b720 Uncommon trap: reason=profile_predicate action=maybe_recompile pc=0x00000212636192ac method=sun.security.provider.HashDrbg.addBytes([BI[[B)V @ 36 c2
Event: 12.787 Thread 0x000002127855b720 DEOPT PACKING pc=0x00000212636192ac sp=0x0000008ffb6fe040
Event: 12.787 Thread 0x000002127855b720 DEOPT UNPACKING pc=0x0000021262a53aa2 sp=0x0000008ffb6fdf90 mode 2
Event: 12.788 Thread 0x000002127855b720 Uncommon trap: trap_request=0xffffffbe fr.pc=0x00000212636192ac relative=0x000000000000028c
Event: 12.788 Thread 0x000002127855b720 Uncommon trap: reason=profile_predicate action=maybe_recompile pc=0x00000212636192ac method=sun.security.provider.HashDrbg.addBytes([BI[[B)V @ 36 c2
Event: 12.788 Thread 0x000002127855b720 DEOPT PACKING pc=0x00000212636192ac sp=0x0000008ffb6fe040
Event: 12.788 Thread 0x000002127855b720 DEOPT UNPACKING pc=0x0000021262a53aa2 sp=0x0000008ffb6fdf90 mode 2
Event: 12.811 Thread 0x000002127547e2d0 DEOPT PACKING pc=0x000002125c6f547e sp=0x0000008ffdcfefd0
Event: 12.811 Thread 0x000002127547e2d0 DEOPT UNPACKING pc=0x0000021262a54242 sp=0x0000008ffdcfe520 mode 0

Classes loaded (20 events):
Event: 11.846 Loading class java/util/stream/Node$Builder$OfInt done
Event: 11.847 Loading class java/util/stream/Nodes$IntArrayNode
Event: 11.847 Loading class java/util/stream/Nodes$IntArrayNode done
Event: 11.847 Loading class java/util/stream/Nodes$IntFixedNodeBuilder done
Event: 11.847 Loading class java/util/stream/ReferencePipeline$4$1
Event: 11.847 Loading class java/util/stream/ReferencePipeline$4$1 done
Event: 12.013 Loading class java/util/stream/ReduceOps$4
Event: 12.013 Loading class java/util/stream/ReduceOps$4 done
Event: 12.013 Loading class java/util/stream/ReduceOps$4ReducingSink
Event: 12.013 Loading class java/util/stream/ReduceOps$4ReducingSink done
Event: 12.014 Loading class java/nio/file/Files$2
Event: 12.014 Loading class java/nio/file/Files$2 done
Event: 12.325 Loading class java/util/concurrent/ArrayBlockingQueue
Event: 12.326 Loading class java/util/concurrent/ArrayBlockingQueue done
Event: 12.411 Loading class java/util/Hashtable$ValueCollection
Event: 12.411 Loading class java/util/Hashtable$ValueCollection done
Event: 12.421 Loading class java/util/concurrent/ConcurrentHashMap$KeySpliterator
Event: 12.421 Loading class java/util/concurrent/ConcurrentHashMap$KeySpliterator done
Event: 12.439 Loading class sun/nio/ch/ChannelOutputStream
Event: 12.440 Loading class sun/nio/ch/ChannelOutputStream done

Classes unloaded (7 events):
Event: 4.297 Thread 0x0000021255e90090 Unloading class 0x000002120119d000 'java/lang/invoke/LambdaForm$MH+0x000002120119d000'
Event: 4.297 Thread 0x0000021255e90090 Unloading class 0x000002120119cc00 'java/lang/invoke/LambdaForm$MH+0x000002120119cc00'
Event: 4.297 Thread 0x0000021255e90090 Unloading class 0x000002120119c800 'java/lang/invoke/LambdaForm$MH+0x000002120119c800'
Event: 4.297 Thread 0x0000021255e90090 Unloading class 0x000002120119c400 'java/lang/invoke/LambdaForm$MH+0x000002120119c400'
Event: 4.297 Thread 0x0000021255e90090 Unloading class 0x000002120119c000 'java/lang/invoke/LambdaForm$BMH+0x000002120119c000'
Event: 4.297 Thread 0x0000021255e90090 Unloading class 0x000002120119bc00 'java/lang/invoke/LambdaForm$DMH+0x000002120119bc00'
Event: 4.297 Thread 0x0000021255e90090 Unloading class 0x000002120119a800 'java/lang/invoke/LambdaForm$DMH+0x000002120119a800'

Classes redefined (0 events):
No events

Internal exceptions (20 events):
Event: 8.676 Thread 0x000002127855b720 Exception <a 'java/io/FileNotFoundException'{0x00000000d5782600}> (0x00000000d5782600) 
thrown [s\src\hotspot\share\prims\jni.cpp, line 520]
Event: 8.677 Thread 0x000002127855b720 Exception <a 'java/io/FileNotFoundException'{0x00000000d5783618}> (0x00000000d5783618) 
thrown [s\src\hotspot\share\prims\jni.cpp, line 520]
Event: 9.070 Thread 0x000002127855b720 Exception <a 'sun/nio/fs/WindowsException'{0x00000000d5676ca8}> (0x00000000d5676ca8) 
thrown [s\src\hotspot\share\prims\jni.cpp, line 520]
Event: 9.070 Thread 0x000002127855b720 Exception <a 'sun/nio/fs/WindowsException'{0x00000000d56772d8}> (0x00000000d56772d8) 
thrown [s\src\hotspot\share\prims\jni.cpp, line 520]
Event: 9.128 Thread 0x000002127855b720 Exception <a 'sun/nio/fs/WindowsException'{0x00000000d568f558}> (0x00000000d568f558) 
thrown [s\src\hotspot\share\prims\jni.cpp, line 520]
Event: 9.132 Thread 0x00000212793616e0 Exception <a 'sun/nio/fs/WindowsException'{0x00000000d57893b8}> (0x00000000d57893b8) 
thrown [s\src\hotspot\share\prims\jni.cpp, line 520]
Event: 9.133 Thread 0x0000021279362400 Exception <a 'sun/nio/fs/WindowsException'{0x00000000d5794900}> (0x00000000d5794900) 
thrown [s\src\hotspot\share\prims\jni.cpp, line 520]
Event: 9.133 Thread 0x00000212793616e0 Exception <a 'sun/nio/fs/WindowsException'{0x00000000d578ee80}> (0x00000000d578ee80) 
thrown [s\src\hotspot\share\prims\jni.cpp, line 520]
Event: 9.134 Thread 0x000002127935fca0 Exception <a 'sun/nio/fs/WindowsException'{0x00000000d57ccfd0}> (0x00000000d57ccfd0) 
thrown [s\src\hotspot\share\prims\jni.cpp, line 520]
Event: 9.134 Thread 0x0000021279362400 Exception <a 'sun/nio/fs/WindowsException'{0x00000000d57960c0}> (0x00000000d57960c0) 
thrown [s\src\hotspot\share\prims\jni.cpp, line 520]
Event: 9.135 Thread 0x00000212787a4110 Exception <a 'sun/nio/fs/WindowsException'{0x00000000d5825578}> (0x00000000d5825578) 
thrown [s\src\hotspot\share\prims\jni.cpp, line 520]
Event: 9.135 Thread 0x0000021279361d70 Exception <a 'sun/nio/fs/WindowsException'{0x00000000d580ed80}> (0x00000000d580ed80) 
thrown [s\src\hotspot\share\prims\jni.cpp, line 520]
Event: 9.136 Thread 0x00000212787a6870 Exception <a 'sun/nio/fs/WindowsException'{0x00000000d587de00}> (0x00000000d587de00) 
thrown [s\src\hotspot\share\prims\jni.cpp, line 520]
Event: 9.136 Thread 0x00000212787a4110 Exception <a 'sun/nio/fs/WindowsException'{0x00000000d58272a0}> (0x00000000d58272a0) 
thrown [s\src\hotspot\share\prims\jni.cpp, line 520]
Event: 9.500 Thread 0x000002127855b720 Exception <a 'sun/nio/fs/WindowsException'{0x00000000d56fb750}> (0x00000000d56fb750) 
thrown [s\src\hotspot\share\prims\jni.cpp, line 520]
Event: 9.501 Thread 0x0000021279361d70 Exception <a 'sun/nio/fs/WindowsException'{0x00000000d56fe0f8}> (0x00000000d56fe0f8) 
thrown [s\src\hotspot\share\prims\jni.cpp, line 520]
Event: 12.018 Thread 0x000002127855b720 Exception <a 'java/lang/NoSuchMethodError'{0x00000000d55a12b8}: 'int java.lang.invoke.DirectMethodHandle$Holder.invokeSpecialIFC(java.lang.Object, java.lang.Object, java.lang.Object)'> (0x00000000d55a12b8) 
thrown [s\src\hotspot\share\interpreter\linkResolver.cpp, line 773]
Event: 12.364 Thread 0x000002127547e2d0 Implicit null exception at 0x000002126359a05e to 0x000002126359a098
Event: 12.427 Thread 0x000002127855b720 Exception <a 'java/lang/NoSuchMethodError'{0x00000000d55ba4c0}: 'java.lang.Object java.lang.invoke.DirectMethodHandle$Holder.newInvokeSpecial(java.lang.Object, java.lang.Object, int, int, java.lang.Object)'> (0x00000000d55ba4c0) 
thrown [s\src\hotspot\share\interpreter\linkResolver.cpp, line 773]
Event: 12.447 Thread 0x000002127547e2d0 Exception <a 'java/lang/NoSuchMethodError'{0x00000000d56d6440}: 'void java.lang.invoke.DirectMethodHandle$Holder.invokeVirtual(java.lang.Object, java.lang.Object, java.lang.Object, java.lang.Object, java.lang.Object)'> (0x00000000d56d6440) 
thrown [s\src\hotspot\share\interpreter\linkResolver.cpp, line 773]

ZGC Phase Switch (0 events):
No events

VM Operations (20 events):
Event: 12.747 Executing VM operation: ParallelGCFailedAllocation (Allocation Failure) done
Event: 12.751 Executing VM operation: ParallelGCFailedAllocation (Allocation Failure)
Event: 12.753 Executing VM operation: ParallelGCFailedAllocation (Allocation Failure) done
Event: 12.758 Executing VM operation: ParallelGCFailedAllocation (Allocation Failure)
Event: 12.759 Executing VM operation: ParallelGCFailedAllocation (Allocation Failure) done
Event: 12.764 Executing VM operation: ParallelGCFailedAllocation (Allocation Failure)
Event: 12.765 Executing VM operation: ParallelGCFailedAllocation (Allocation Failure) done
Event: 12.773 Executing VM operation: ParallelGCFailedAllocation (Allocation Failure)
Event: 12.775 Executing VM operation: ParallelGCFailedAllocation (Allocation Failure) done
Event: 12.782 Executing VM operation: ParallelGCFailedAllocation (Allocation Failure)
Event: 12.783 Executing VM operation: ParallelGCFailedAllocation (Allocation Failure) done
Event: 12.789 Executing VM operation: ParallelGCFailedAllocation (Allocation Failure)
Event: 12.791 Executing VM operation: ParallelGCFailedAllocation (Allocation Failure) done
Event: 12.797 Executing VM operation: ParallelGCFailedAllocation (Allocation Failure)
Event: 12.799 Executing VM operation: ParallelGCFailedAllocation (Allocation Failure) done
Event: 12.807 Executing VM operation: ParallelGCFailedAllocation (Allocation Failure)
Event: 12.808 Executing VM operation: ParallelGCFailedAllocation (Allocation Failure) done
Event: 12.813 Executing VM operation: ParallelGCFailedAllocation (Allocation Failure)
Event: 12.814 Executing VM operation: ParallelGCFailedAllocation (Allocation Failure) done
Event: 12.825 Executing VM operation: ParallelGCFailedAllocation (Allocation Failure)

Memory protections (0 events):
No events

Nmethod flushes (20 events):
Event: 5.571 Thread 0x0000021255e90090 flushing  nmethod 0x000002125bba2690
Event: 5.571 Thread 0x0000021255e90090 flushing  nmethod 0x000002125bba3890
Event: 5.571 Thread 0x0000021255e90090 flushing  nmethod 0x000002125bba4090
Event: 5.571 Thread 0x0000021255e90090 flushing  nmethod 0x000002125bba4810
Event: 5.571 Thread 0x0000021255e90090 flushing  nmethod 0x000002125bba5190
Event: 5.571 Thread 0x0000021255e90090 flushing  nmethod 0x000002125bba5690
Event: 5.571 Thread 0x0000021255e90090 flushing  nmethod 0x000002125bba5b90
Event: 5.571 Thread 0x0000021255e90090 flushing  nmethod 0x000002125bba6f10
Event: 5.571 Thread 0x0000021255e90090 flushing  nmethod 0x000002125bba7c10
Event: 5.571 Thread 0x0000021255e90090 flushing  nmethod 0x000002125bba8890
Event: 5.571 Thread 0x0000021255e90090 flushing  nmethod 0x000002125bba8b90
Event: 5.571 Thread 0x0000021255e90090 flushing  nmethod 0x000002125bbca110
Event: 5.571 Thread 0x0000021255e90090 flushing  nmethod 0x000002125bbd4410
Event: 5.571 Thread 0x0000021255e90090 flushing  nmethod 0x000002125bbe3490
Event: 5.571 Thread 0x0000021255e90090 flushing  nmethod 0x000002125bbe4690
Event: 5.571 Thread 0x0000021255e90090 flushing  nmethod 0x000002125bc3eb10
Event: 5.571 Thread 0x0000021255e90090 flushing  nmethod 0x000002125bc86210
Event: 5.571 Thread 0x0000021255e90090 flushing  nmethod 0x000002125bc86b90
Event: 5.571 Thread 0x0000021255e90090 flushing  nmethod 0x000002125bc87a10
Event: 5.571 Thread 0x0000021255e90090 flushing  nmethod 0x000002125bca0090

Events (20 events):
Event: 9.577 Thread 0x000002127855b720 Thread added: 0x00000212787aa380
Event: 9.577 Thread 0x000002127855b720 Thread added: 0x00000212787a82b0
Event: 9.577 Thread 0x000002127855b720 Thread added: 0x00000212787a8940
Event: 9.577 Thread 0x00000212787aaa10 Thread added: 0x00000212787a9cf0
Event: 9.577 Thread 0x00000212787a9660 Thread added: 0x00000212787a8fd0
Event: 9.578 Thread 0x00000212787a3a80 Thread added: 0x00000212787a7590
Event: 9.578 Thread 0x00000212787a82b0 Thread added: 0x00000212787ab0a0
Event: 10.822 Thread 0x00000212780a78e0 Thread exited: 0x00000212780a78e0
Event: 10.911 Thread 0x0000021270002040 Thread added: 0x000002127a367f30
Event: 12.327 Thread 0x000002127855b720 Thread added: 0x000002127547e2d0
Event: 12.428 Thread 0x000002127855b720 Thread added: 0x000002127547d5b0
Event: 12.467 Thread 0x000002127855b720 Thread added: 0x000002127547e960
Event: 12.474 Thread 0x000002127855b720 Thread added: 0x000002127547f680
Event: 12.492 Thread 0x000002127855b720 Thread added: 0x000002127547dc40
Event: 12.492 Thread 0x000002127855b720 Thread added: 0x000002127547fd10
Event: 12.499 Thread 0x000002127855b720 Thread added: 0x000002127547eff0
Event: 12.505 Thread 0x000002127855b720 Thread added: 0x000002127547c890
Event: 12.520 Thread 0x000002127855b720 Thread added: 0x0000021275481750
Event: 12.527 Thread 0x000002127855b720 Thread added: 0x0000021275483190
Event: 12.527 Thread 0x000002127855b720 Thread added: 0x0000021275481de0


Dynamic libraries:
0x00007ff7bd660000 - 0x00007ff7bd66e000 	c:\Users\nitin\.vscode\extensions\redhat.java-1.43.0-win32-x64\jre\21.0.7-win32-x86_64\bin\java.exe
0x00007ff90b380000 - 0x00007ff90b5e5000 	C:\WINDOWS\SYSTEM32\ntdll.dll
0x00007ff90a400000 - 0x00007ff90a4c9000 	C:\WINDOWS\System32\KERNEL32.DLL
0x00007ff908bf0000 - 0x00007ff908fd8000 	C:\WINDOWS\System32\KERNELBASE.dll
0x00007ff908920000 - 0x00007ff908a6b000 	C:\WINDOWS\System32\ucrtbase.dll
0x00007ff8fd640000 - 0x00007ff8fd658000 	c:\Users\nitin\.vscode\extensions\redhat.java-1.43.0-win32-x64\jre\21.0.7-win32-x86_64\bin\jli.dll
0x00007ff8fae10000 - 0x00007ff8fae2e000 	c:\Users\nitin\.vscode\extensions\redhat.java-1.43.0-win32-x64\jre\21.0.7-win32-x86_64\bin\VCRUNTIME140.dll
0x00007ff90a0a0000 - 0x00007ff90a26a000 	C:\WINDOWS\System32\USER32.dll
0x00007ff9087c0000 - 0x00007ff9087e7000 	C:\WINDOWS\System32\win32u.dll
0x00007ff90a4d0000 - 0x00007ff90a4fb000 	C:\WINDOWS\System32\GDI32.dll
0x00007ff908fe0000 - 0x00007ff909117000 	C:\WINDOWS\System32\gdi32full.dll
0x00007ff9084d0000 - 0x00007ff908573000 	C:\WINDOWS\System32\msvcp_win.dll
0x00007ff8f1e10000 - 0x00007ff8f20aa000 	C:\WINDOWS\WinSxS\amd64_microsoft.windows.common-controls_6595b64144ccf1df_6.0.26100.4202_none_3e0698d4e335f517\COMCTL32.dll
0x00007ff90a640000 - 0x00007ff90a6e9000 	C:\WINDOWS\System32\msvcrt.dll
0x00007ff90a510000 - 0x00007ff90a540000 	C:\WINDOWS\System32\IMM32.DLL
0x00007ff8fd630000 - 0x00007ff8fd63c000 	c:\Users\nitin\.vscode\extensions\redhat.java-1.43.0-win32-x64\jre\21.0.7-win32-x86_64\bin\vcruntime140_1.dll
0x00007ff8db380000 - 0x00007ff8db40d000 	c:\Users\nitin\.vscode\extensions\redhat.java-1.43.0-win32-x64\jre\21.0.7-win32-x86_64\bin\msvcp140.dll
0x00007ff8acaf0000 - 0x00007ff8ad880000 	c:\Users\nitin\.vscode\extensions\redhat.java-1.43.0-win32-x64\jre\21.0.7-win32-x86_64\bin\server\jvm.dll
0x00007ff90a270000 - 0x00007ff90a323000 	C:\WINDOWS\System32\ADVAPI32.dll
0x00007ff90a340000 - 0x00007ff90a3e6000 	C:\WINDOWS\System32\sechost.dll
0x00007ff90b120000 - 0x00007ff90b235000 	C:\WINDOWS\System32\RPCRT4.dll
0x00007ff90a5c0000 - 0x00007ff90a634000 	C:\WINDOWS\System32\WS2_32.dll
0x00007ff908320000 - 0x00007ff90837e000 	C:\WINDOWS\SYSTEM32\POWRPROF.dll
0x00007ff905c90000 - 0x00007ff905c9b000 	C:\WINDOWS\SYSTEM32\VERSION.dll
0x00007ff900340000 - 0x00007ff900375000 	C:\WINDOWS\SYSTEM32\WINMM.dll
0x00007ff908300000 - 0x00007ff908314000 	C:\WINDOWS\SYSTEM32\UMPDC.dll
0x00007ff907290000 - 0x00007ff9072ab000 	C:\WINDOWS\SYSTEM32\kernel.appcore.dll
0x00007ff8fd290000 - 0x00007ff8fd29a000 	c:\Users\nitin\.vscode\extensions\redhat.java-1.43.0-win32-x64\jre\21.0.7-win32-x86_64\bin\jimage.dll
0x00007ff8fa300000 - 0x00007ff8fa541000 	C:\WINDOWS\SYSTEM32\DBGHELP.DLL
0x00007ff909900000 - 0x00007ff909c85000 	C:\WINDOWS\System32\combase.dll
0x00007ff90ae50000 - 0x00007ff90af31000 	C:\WINDOWS\System32\OLEAUT32.dll
0x00007ff8dd160000 - 0x00007ff8dd199000 	C:\WINDOWS\SYSTEM32\dbgcore.DLL
0x00007ff9087f0000 - 0x00007ff908889000 	C:\WINDOWS\System32\bcryptPrimitives.dll
0x00007ff8fac60000 - 0x00007ff8fac6f000 	c:\Users\nitin\.vscode\extensions\redhat.java-1.43.0-win32-x64\jre\21.0.7-win32-x86_64\bin\instrument.dll
0x00007ff8f6e40000 - 0x00007ff8f6e5f000 	c:\Users\nitin\.vscode\extensions\redhat.java-1.43.0-win32-x64\jre\21.0.7-win32-x86_64\bin\java.dll
0x00007ff90a700000 - 0x00007ff90ae42000 	C:\WINDOWS\System32\SHELL32.dll
0x00007ff908580000 - 0x00007ff9086f4000 	C:\WINDOWS\System32\wintypes.dll
0x00007ff906100000 - 0x00007ff906958000 	C:\WINDOWS\SYSTEM32\windows.storage.dll
0x00007ff909c90000 - 0x00007ff909d81000 	C:\WINDOWS\System32\SHCORE.dll
0x00007ff90a550000 - 0x00007ff90a5ba000 	C:\WINDOWS\System32\shlwapi.dll
0x00007ff9083e0000 - 0x00007ff90840f000 	C:\WINDOWS\SYSTEM32\profapi.dll
0x00007ff8f6ba0000 - 0x00007ff8f6bb8000 	c:\Users\nitin\.vscode\extensions\redhat.java-1.43.0-win32-x64\jre\21.0.7-win32-x86_64\bin\zip.dll
0x00007ff8fd070000 - 0x00007ff8fd080000 	C:\Users\nitin\.vscode\extensions\redhat.java-1.43.0-win32-x64\jre\21.0.7-win32-x86_64\bin\net.dll
0x00007ff8ffbc0000 - 0x00007ff8ffcde000 	C:\WINDOWS\SYSTEM32\WINHTTP.dll
0x00007ff907800000 - 0x00007ff90786a000 	C:\WINDOWS\system32\mswsock.dll
0x00007ff8f6b80000 - 0x00007ff8f6b96000 	C:\Users\nitin\.vscode\extensions\redhat.java-1.43.0-win32-x64\jre\21.0.7-win32-x86_64\bin\nio.dll
0x00007ff8fa040000 - 0x00007ff8fa050000 	c:\Users\nitin\.vscode\extensions\redhat.java-1.43.0-win32-x64\jre\21.0.7-win32-x86_64\bin\verify.dll
0x00007ff8d37b0000 - 0x00007ff8d37f5000 	C:\Users\nitin\AppData\Roaming\Code\User\globalStorage\redhat.java\1.43.0\config_win\org.eclipse.equinox.launcher\org.eclipse.equinox.launcher.win32.win32.x86_64_1.2.1300.v20250331-1702\eclipse_11911.dll
0x00007ff909120000 - 0x00007ff9092be000 	C:\WINDOWS\System32\ole32.dll
0x00007ff907ac0000 - 0x00007ff907adb000 	C:\WINDOWS\SYSTEM32\CRYPTSP.dll
0x00007ff9071f0000 - 0x00007ff90722a000 	C:\WINDOWS\system32\rsaenh.dll
0x00007ff9078a0000 - 0x00007ff9078cb000 	C:\WINDOWS\SYSTEM32\USERENV.dll
0x00007ff9083b0000 - 0x00007ff9083d6000 	C:\WINDOWS\SYSTEM32\bcrypt.dll
0x00007ff907ab0000 - 0x00007ff907abc000 	C:\WINDOWS\SYSTEM32\CRYPTBASE.dll
0x00007ff906c80000 - 0x00007ff906cb3000 	C:\WINDOWS\SYSTEM32\IPHLPAPI.DLL
0x00007ff90a330000 - 0x00007ff90a33a000 	C:\WINDOWS\System32\NSI.dll
0x00007ff890220000 - 0x00007ff890269000 	C:\Users\nitin\AppData\Local\Temp\jna-104830206\jna11216121620867900847.dll
0x00007ff90a3f0000 - 0x00007ff90a3f8000 	C:\WINDOWS\System32\PSAPI.DLL
0x00007ff900a00000 - 0x00007ff900a1f000 	C:\WINDOWS\SYSTEM32\dhcpcsvc6.DLL
0x00007ff9009d0000 - 0x00007ff9009f5000 	C:\WINDOWS\SYSTEM32\dhcpcsvc.DLL

dbghelp: loaded successfully - version: 4.0.5 - missing functions: none
symbol engine: initialized successfully - sym options: 0x614 - pdb path: .;c:\Users\nitin\.vscode\extensions\redhat.java-1.43.0-win32-x64\jre\21.0.7-win32-x86_64\bin;C:\WINDOWS\SYSTEM32;C:\WINDOWS\WinSxS\amd64_microsoft.windows.common-controls_6595b64144ccf1df_6.0.26100.4202_none_3e0698d4e335f517;c:\Users\nitin\.vscode\extensions\redhat.java-1.43.0-win32-x64\jre\21.0.7-win32-x86_64\bin\server;C:\Users\nitin\AppData\Roaming\Code\User\globalStorage\redhat.java\1.43.0\config_win\org.eclipse.equinox.launcher\org.eclipse.equinox.launcher.win32.win32.x86_64_1.2.1300.v20250331-1702;C:\Users\nitin\AppData\Local\Temp\jna-104830206

VM Arguments:
jvm_args: --add-modules=ALL-SYSTEM --add-opens=java.base/java.util=ALL-UNNAMED --add-opens=java.base/java.lang=ALL-UNNAMED --add-opens=java.base/sun.nio.fs=ALL-UNNAMED -Declipse.application=org.eclipse.jdt.ls.core.id1 -Dosgi.bundles.defaultStartLevel=4 -Declipse.product=org.eclipse.jdt.ls.core.product -Djava.import.generatesMetadataFilesAtProjectRoot=false -DDetectVMInstallationsJob.disabled=true -Dfile.encoding=utf8 -XX:+UseParallelGC -XX:GCTimeRatio=4 -XX:AdaptiveSizePolicyWeight=90 -Dsun.zip.disableMemoryMapping=true -Xmx2G -Xms100m -Xlog:disable -javaagent:c:\Users\nitin\.vscode\extensions\redhat.java-1.43.0-win32-x64\lombok\lombok-1.18.39-4050.jar -XX:+HeapDumpOnOutOfMemoryError -XX:HeapDumpPath=c:\Users\nitin\AppData\Roaming\Code\User\workspaceStorage\7f4dc5825104f6c4875692317e85a23f\redhat.java -Daether.dependencyCollector.impl=bf 
java_command: c:\Users\nitin\.vscode\extensions\redhat.java-1.43.0-win32-x64\server\plugins\org.eclipse.equinox.launcher_1.7.0.v20250519-0528.jar -configuration c:\Users\nitin\AppData\Roaming\Code\User\globalStorage\redhat.java\1.43.0\config_win -data c:\Users\nitin\AppData\Roaming\Code\User\workspaceStorage\7f4dc5825104f6c4875692317e85a23f\redhat.java\jdt_ws --pipe=\\.\pipe\lsp-d57435d9249eb23bed3143373f486de0-sock
java_class_path (initial): c:\Users\nitin\.vscode\extensions\redhat.java-1.43.0-win32-x64\server\plugins\org.eclipse.equinox.launcher_1.7.0.v20250519-0528.jar
Launcher Type: SUN_STANDARD

[Global flags]
    uintx AdaptiveSizePolicyWeight                 = 90                                        {product} {command line}
     intx CICompilerCount                          = 4                                         {product} {ergonomic}
    uintx GCTimeRatio                              = 4                                         {product} {command line}
     bool HeapDumpOnOutOfMemoryError               = true                                   {manageable} {command line}
    ccstr HeapDumpPath                             = c:\Users\nitin\AppData\Roaming\Code\User\workspaceStorage\7f4dc5825104f6c4875692317e85a23f\redhat.java         {manageable} {command line}
   size_t InitialHeapSize                          = 104857600                                 {product} {command line}
   size_t MaxHeapSize                              = 2147483648                                {product} {command line}
   size_t MaxNewSize                               = 715653120                                 {product} {ergonomic}
   size_t MinHeapDeltaBytes                        = 524288                                    {product} {ergonomic}
   size_t MinHeapSize                              = 104857600                                 {product} {command line}
   size_t NewSize                                  = 34603008                                  {product} {ergonomic}
    uintx NonNMethodCodeHeapSize                   = 5839372                                {pd product} {ergonomic}
    uintx NonProfiledCodeHeapSize                  = 122909434                              {pd product} {ergonomic}
   size_t OldSize                                  = 70254592                                  {product} {ergonomic}
    uintx ProfiledCodeHeapSize                     = 122909434                              {pd product} {ergonomic}
    uintx ReservedCodeCacheSize                    = 251658240                              {pd product} {ergonomic}
     bool SegmentedCodeCache                       = true                                      {product} {ergonomic}
   size_t SoftMaxHeapSize                          = 2147483648                             {manageable} {ergonomic}
     bool UseCompressedOops                        = true                           {product lp64_product} {ergonomic}
     bool UseLargePagesIndividualAllocation        = false                                  {pd product} {ergonomic}
     bool UseParallelGC                            = true                                      {product} {command line}

Logging:
Log output configuration:
 #0: stdout all=off uptime,level,tags foldmultilines=false
 #1: stderr all=off uptime,level,tags foldmultilines=false

Environment Variables:
PATH=C:\Program Files\Common Files\Oracle\Java\javapath;C:\Windows\system32;C:\Windows;C:\Windows\System32\Wbem;C:\Windows\System32\WindowsPowerShell\v1.0\;C:\Windows\System32\OpenSSH\;C:\Program Files (x86)\NVIDIA Corporation\PhysX\Common;C:\Program Files\NVIDIA Corporation\NVIDIA NvDLISR;C:\Program Files\nodejs\;C:\WINDOWS\system32;C:\WINDOWS;C:\WINDOWS\System32\Wbem;C:\WINDOWS\System32\WindowsPowerShell\v1.0\;C:\WINDOWS\System32\OpenSSH\;C:\Users\nitin\AppData\Local\Android\Sdk\tools;C:\Users\nitin\AppData\Local\Android\Sdk\tools;C:\Users\nitin\AppData\Local\Microsoft\WindowsApps;C:\Users\nitin\AppData\Roaming\npm;C:\Users\nitin\AppData\Local\Programs\Microsoft VS Code\bin;C:\Users\nitin\AppData\Local\Android\Sdk\platform-tools;
USERNAME=nitin
OS=Windows_NT
PROCESSOR_IDENTIFIER=AMD64 Family 25 Model 80 Stepping 0, AuthenticAMD
TMP=C:\Users\nitin\AppData\Local\Temp
TEMP=C:\Users\nitin\AppData\Local\Temp




Periodic native trim disabled

---------------  S Y S T E M  ---------------

OS:
 Windows 11 , 64 bit Build 26100 (10.0.26100.4202)
OS uptime: 1 days 18:11 hours
Hyper-V role detected

CPU: total 12 (initial active 12) (12 cores per cpu, 2 threads per core) family 25 model 80 stepping 0 microcode 0xa50000d, cx8, cmov, fxsr, ht, mmx, 3dnowpref, sse, sse2, sse3, ssse3, sse4a, sse4.1, sse4.2, popcnt, lzcnt, tsc, tscinvbit, avx, avx2, aes, erms, clmul, bmi1, bmi2, adx, sha, fma, vzeroupper, clflush, clflushopt, hv, rdtscp, rdpid, fsrm, f16c, cet_ss
Processor Information for the first 12 processors :
  Max Mhz: 3301, Current Mhz: 3301, Mhz Limit: 3301

Memory: 4k page, system-wide physical 7581M (728M free)
TotalPageFile size 29581M (AvailPageFile size 7M)
current process WorkingSet (physical memory assigned to process): 567M, peak: 567M
current process commit charge ("private bytes"): 577M, peak: 577M

vm_info: OpenJDK 64-Bit Server VM (21.0.7+6-LTS) for windows-amd64 JRE (21.0.7+6-LTS), built on 2025-04-15T00:00:00Z by "admin" with MS VC++ 17.7 (VS2022)

END.
